#
# There is insufficient memory for the Java Runtime Environment to continue.
# Native memory allocation (malloc) failed to allocate 1047376 bytes for Chunk::new
# Possible reasons:
#   The system is out of physical RAM or swap space
#   In 32 bit mode, the process size limit was hit
# Possible solutions:
#   Reduce memory load on the system
#   Increase physical memory or swap space
#   Check if swap backing store is full
#   Use 64 bit Java on a 64 bit OS
#   Decrease Java heap size (-Xmx/-Xms)
#   Decrease number of Java threads
#   Decrease Java thread stack sizes (-Xss)
#   Set larger code cache with -XX:ReservedCodeCacheSize=
# This output file may be truncated or incomplete.
#
#  Out of Memory Error (allocation.cpp:390), pid=15404, tid=0x000000000000523c
#
# JRE version: OpenJDK Runtime Environment (8.0_112-b06) (build 1.8.0_112-release-b06)
# Java VM: OpenJDK 64-Bit Server VM (25.112-b06 mixed mode windows-amd64 compressed oops)
# Failed to write core dump. Minidumps are not enabled by default on client versions of Windows
#

---------------  T H R E A D  ---------------

Current thread (0x00000000159e0800):  JavaThread "C2 CompilerThread1" daemon [_thread_in_native, id=21052, stack(0x0000000017120000,0x0000000017220000)]

Stack: [0x0000000017120000,0x0000000017220000]
[error occurred during error reporting (printing stack bounds), id 0xc0000005]

Native frames: (J=compiled Java code, j=interpreted, Vv=VM code, C=native code)


Current CompileTask:
C2:  16574 4226       4       groovy.lang.MetaClassImpl::checkIfStdMethod (179 bytes)


---------------  P R O C E S S  ---------------

Java Threads: ( => current thread )
  0x0000000017c62000 JavaThread "File lock request listener" [_thread_in_native, id=34528, stack(0x000000001c7b0000,0x000000001c8b0000)]
  0x0000000018763800 JavaThread "Stdin handler" [_thread_blocked, id=28048, stack(0x0000000019f10000,0x000000001a010000)]
  0x000000001875f800 JavaThread "Asynchronous log dispatcher for org.gradle.launcher.daemon.server.DefaultDaemonConnection@19233161" [_thread_blocked, id=35032, stack(0x0000000019e10000,0x0000000019f10000)]
  0x000000001875c800 JavaThread "Daemon worker" [_thread_in_native, id=37652, stack(0x0000000019d10000,0x0000000019e10000)]
  0x0000000018de0000 JavaThread "Cancel handler" [_thread_blocked, id=17880, stack(0x0000000019c10000,0x0000000019d10000)]
  0x000000001874c800 JavaThread "Handler for socket connection from /127.0.0.1:53905 to /127.0.0.1:53906" [_thread_in_native, id=17404, stack(0x0000000019b10000,0x0000000019c10000)]
  0x0000000018787800 JavaThread "Daemon" [_thread_blocked, id=16264, stack(0x0000000019a10000,0x0000000019b10000)]
  0x0000000018781800 JavaThread "pool-1-thread-1" [_thread_blocked, id=30976, stack(0x0000000019910000,0x0000000019a10000)]
  0x00000000189d2000 JavaThread "Incoming local TCP Connector on port 53905" [_thread_in_native, id=7128, stack(0x00000000194e0000,0x00000000195e0000)]
  0x0000000017348800 JavaThread "Service Thread" daemon [_thread_blocked, id=30568, stack(0x0000000017720000,0x0000000017820000)]
  0x00000000159f1800 JavaThread "C1 CompilerThread2" daemon [_thread_blocked, id=8772, stack(0x0000000017220000,0x0000000017320000)]
=>0x00000000159e0800 JavaThread "C2 CompilerThread1" daemon [_thread_in_native, id=21052, stack(0x0000000017120000,0x0000000017220000)]
  0x00000000159dd000 JavaThread "C2 CompilerThread0" daemon [_thread_in_native, id=35240, stack(0x0000000017020000,0x0000000017120000)]
  0x00000000159dc000 JavaThread "Attach Listener" daemon [_thread_blocked, id=27436, stack(0x0000000016f20000,0x0000000017020000)]
  0x00000000159db000 JavaThread "Signal Dispatcher" daemon [_thread_blocked, id=2276, stack(0x0000000016e20000,0x0000000016f20000)]
  0x000000000330e000 JavaThread "Finalizer" daemon [_thread_blocked, id=31652, stack(0x0000000016c30000,0x0000000016d30000)]
  0x0000000003303800 JavaThread "Reference Handler" daemon [_thread_blocked, id=30208, stack(0x0000000016b30000,0x0000000016c30000)]
  0x0000000003212800 JavaThread "main" [_thread_blocked, id=37556, stack(0x0000000003110000,0x0000000003210000)]

Other Threads:
  0x00000000159a5800 VMThread [stack: 0x0000000016a30000,0x0000000016b30000] [id=6856]
  0x0000000015a3d800 WatcherThread [stack: 0x0000000017820000,0x0000000017920000] [id=23208]

VM state:not at safepoint (normal execution)

VM Mutex/Monitor currently owned by a thread: None

Heap:
 PSYoungGen      total 163328K, used 40326K [0x00000000eab00000, 0x00000000f7c80000, 0x0000000100000000)
  eden space 151040K, 26% used [0x00000000eab00000,0x00000000ed2618f0,0x00000000f3e80000)
  from space 12288K, 0% used [0x00000000f4a00000,0x00000000f4a00000,0x00000000f5600000)
  to   space 11776K, 0% used [0x00000000f3e80000,0x00000000f3e80000,0x00000000f4a00000)
 ParOldGen       total 74240K, used 13820K [0x00000000c0000000, 0x00000000c4880000, 0x00000000eab00000)
  object space 74240K, 18% used [0x00000000c0000000,0x00000000c0d7f1e0,0x00000000c4880000)
 Metaspace       used 36199K, capacity 36996K, committed 37376K, reserved 1081344K
  class space    used 4836K, capacity 5046K, committed 5120K, reserved 1048576K

Card table byte_map: [0x00000000126d0000,0x00000000128e0000] byte_map_base: 0x00000000120d0000

Marking Bits: (ParMarkBitMap*) 0x0000000068fd18f0
 Begin Bits: [0x0000000012e40000, 0x0000000013e40000)
 End Bits:   [0x0000000013e40000, 0x0000000014e40000)

Polling page: 0x0000000003050000

CodeCache: size=245760Kb used=14467Kb max_used=14583Kb free=231292Kb
 bounds [0x0000000003310000, 0x0000000004160000, 0x0000000012310000]
 total_blobs=4622 nmethods=3947 adapters=587
 compilation: enabled

Compilation events (10 events):
Event: 16.502 Thread 0x00000000159f1800 4239       3       java.util.LinkedList::<init> (11 bytes)
Event: 16.503 Thread 0x00000000159f1800 nmethod 4239 0x0000000003acc950 code [0x0000000003accae0, 0x0000000003accee8]
Event: 16.503 Thread 0x00000000159f1800 4240       3       org.codehaus.groovy.runtime.metaclass.MetaMethodIndex$Header::<init> (26 bytes)
Event: 16.504 Thread 0x00000000159f1800 nmethod 4240 0x0000000003ac3690 code [0x0000000003ac3800, 0x0000000003ac3aa8]
Event: 16.519 Thread 0x00000000159f1800 4241       3       groovy.lang.MetaClassImpl::getNewMetaMethods (18 bytes)
Event: 16.519 Thread 0x00000000159f1800 nmethod 4241 0x0000000003ac31d0 code [0x0000000003ac3340, 0x0000000003ac35a8]
Event: 16.525 Thread 0x00000000159f1800 4242       3       org.codehaus.groovy.runtime.metaclass.MetaClassRegistryImpl::getMetaClass (8 bytes)
Event: 16.528 Thread 0x00000000159f1800 nmethod 4242 0x00000000038ad910 code [0x00000000038adc40, 0x00000000038af7e8]
Event: 16.528 Thread 0x00000000159f1800 4243   !   3       org.codehaus.groovy.reflection.ClassInfo::getMetaClass (33 bytes)
Event: 16.529 Thread 0x00000000159f1800 nmethod 4243 0x0000000003ac1390 code [0x0000000003ac1620, 0x0000000003ac2928]

GC Heap History (10 events):
Event: 10.910 GC heap before
{Heap before GC invocations=6 (full 1):
 PSYoungGen      total 71680K, used 66560K [0x00000000eab00000, 0x00000000ef600000, 0x0000000100000000)
  eden space 66560K, 100% used [0x00000000eab00000,0x00000000eec00000,0x00000000eec00000)
  from space 5120K, 0% used [0x00000000ef100000,0x00000000ef100000,0x00000000ef600000)
  to   space 5120K, 0% used [0x00000000eec00000,0x00000000eec00000,0x00000000ef100000)
 ParOldGen       total 60928K, used 8460K [0x00000000c0000000, 0x00000000c3b80000, 0x00000000eab00000)
  object space 60928K, 13% used [0x00000000c0000000,0x00000000c0843048,0x00000000c3b80000)
 Metaspace       used 25971K, capacity 26434K, committed 26752K, reserved 1073152K
  class space    used 3565K, capacity 3703K, committed 3712K, reserved 1048576K
Event: 10.923 GC heap after
Heap after GC invocations=6 (full 1):
 PSYoungGen      total 71680K, used 5109K [0x00000000eab00000, 0x00000000f2480000, 0x0000000100000000)
  eden space 66560K, 0% used [0x00000000eab00000,0x00000000eab00000,0x00000000eec00000)
  from space 5120K, 99% used [0x00000000eec00000,0x00000000ef0fd6d8,0x00000000ef100000)
  to   space 10752K, 0% used [0x00000000f1a00000,0x00000000f1a00000,0x00000000f2480000)
 ParOldGen       total 60928K, used 10910K [0x00000000c0000000, 0x00000000c3b80000, 0x00000000eab00000)
  object space 60928K, 17% used [0x00000000c0000000,0x00000000c0aa78e8,0x00000000c3b80000)
 Metaspace       used 25971K, capacity 26434K, committed 26752K, reserved 1073152K
  class space    used 3565K, capacity 3703K, committed 3712K, reserved 1048576K
}
Event: 12.755 GC heap before
{Heap before GC invocations=7 (full 1):
 PSYoungGen      total 71680K, used 71669K [0x00000000eab00000, 0x00000000f2480000, 0x0000000100000000)
  eden space 66560K, 100% used [0x00000000eab00000,0x00000000eec00000,0x00000000eec00000)
  from space 5120K, 99% used [0x00000000eec00000,0x00000000ef0fd6d8,0x00000000ef100000)
  to   space 10752K, 0% used [0x00000000f1a00000,0x00000000f1a00000,0x00000000f2480000)
 ParOldGen       total 60928K, used 10910K [0x00000000c0000000, 0x00000000c3b80000, 0x00000000eab00000)
  object space 60928K, 17% used [0x00000000c0000000,0x00000000c0aa78e8,0x00000000c3b80000)
 Metaspace       used 28423K, capacity 28996K, committed 29440K, reserved 1075200K
  class space    used 3851K, capacity 4000K, committed 4096K, reserved 1048576K
Event: 12.765 GC heap after
Heap after GC invocations=7 (full 1):
 PSYoungGen      total 108544K, used 6012K [0x00000000eab00000, 0x00000000f2180000, 0x0000000100000000)
  eden space 100864K, 0% used [0x00000000eab00000,0x00000000eab00000,0x00000000f0d80000)
  from space 7680K, 78% used [0x00000000f1a00000,0x00000000f1fdf218,0x00000000f2180000)
  to   space 10240K, 0% used [0x00000000f0d80000,0x00000000f0d80000,0x00000000f1780000)
 ParOldGen       total 60928K, used 10918K [0x00000000c0000000, 0x00000000c3b80000, 0x00000000eab00000)
  object space 60928K, 17% used [0x00000000c0000000,0x00000000c0aa98e8,0x00000000c3b80000)
 Metaspace       used 28423K, capacity 28996K, committed 29440K, reserved 1075200K
  class space    used 3851K, capacity 4000K, committed 4096K, reserved 1048576K
}
Event: 15.692 GC heap before
{Heap before GC invocations=8 (full 1):
 PSYoungGen      total 108544K, used 106876K [0x00000000eab00000, 0x00000000f2180000, 0x0000000100000000)
  eden space 100864K, 100% used [0x00000000eab00000,0x00000000f0d80000,0x00000000f0d80000)
  from space 7680K, 78% used [0x00000000f1a00000,0x00000000f1fdf218,0x00000000f2180000)
  to   space 10240K, 0% used [0x00000000f0d80000,0x00000000f0d80000,0x00000000f1780000)
 ParOldGen       total 60928K, used 10918K [0x00000000c0000000, 0x00000000c3b80000, 0x00000000eab00000)
  object space 60928K, 17% used [0x00000000c0000000,0x00000000c0aa98e8,0x00000000c3b80000)
 Metaspace       used 34395K, capacity 35072K, committed 35496K, reserved 1079296K
  class space    used 4606K, capacity 4771K, committed 4864K, reserved 1048576K
Event: 15.709 GC heap after
Heap after GC invocations=8 (full 1):
 PSYoungGen      total 111104K, used 10218K [0x00000000eab00000, 0x00000000f5600000, 0x0000000100000000)
  eden space 100864K, 0% used [0x00000000eab00000,0x00000000eab00000,0x00000000f0d80000)
  from space 10240K, 99% used [0x00000000f0d80000,0x00000000f177abc0,0x00000000f1780000)
  to   space 12288K, 0% used [0x00000000f4a00000,0x00000000f4a00000,0x00000000f5600000)
 ParOldGen       total 60928K, used 12011K [0x00000000c0000000, 0x00000000c3b80000, 0x00000000eab00000)
  object space 60928K, 19% used [0x00000000c0000000,0x00000000c0bbacb8,0x00000000c3b80000)
 Metaspace       used 34395K, capacity 35072K, committed 35496K, reserved 1079296K
  class space    used 4606K, capacity 4771K, committed 4864K, reserved 1048576K
}
Event: 15.747 GC heap before
{Heap before GC invocations=9 (full 1):
 PSYoungGen      total 111104K, used 14115K [0x00000000eab00000, 0x00000000f5600000, 0x0000000100000000)
  eden space 100864K, 3% used [0x00000000eab00000,0x00000000eaece098,0x00000000f0d80000)
  from space 10240K, 99% used [0x00000000f0d80000,0x00000000f177abc0,0x00000000f1780000)
  to   space 12288K, 0% used [0x00000000f4a00000,0x00000000f4a00000,0x00000000f5600000)
 ParOldGen       total 60928K, used 12011K [0x00000000c0000000, 0x00000000c3b80000, 0x00000000eab00000)
  object space 60928K, 19% used [0x00000000c0000000,0x00000000c0bbacb8,0x00000000c3b80000)
 Metaspace       used 34582K, capacity 35224K, committed 35496K, reserved 1079296K
  class space    used 4624K, capacity 4775K, committed 4864K, reserved 1048576K
Event: 15.760 GC heap after
Heap after GC invocations=9 (full 1):
 PSYoungGen      total 163328K, used 6935K [0x00000000eab00000, 0x00000000f7c80000, 0x0000000100000000)
  eden space 151040K, 0% used [0x00000000eab00000,0x00000000eab00000,0x00000000f3e80000)
  from space 12288K, 56% used [0x00000000f4a00000,0x00000000f50c5ec0,0x00000000f5600000)
  to   space 11776K, 0% used [0x00000000f3e80000,0x00000000f3e80000,0x00000000f4a00000)
 ParOldGen       total 60928K, used 12091K [0x00000000c0000000, 0x00000000c3b80000, 0x00000000eab00000)
  object space 60928K, 19% used [0x00000000c0000000,0x00000000c0bcece0,0x00000000c3b80000)
 Metaspace       used 34582K, capacity 35224K, committed 35496K, reserved 1079296K
  class space    used 4624K, capacity 4775K, committed 4864K, reserved 1048576K
}
Event: 15.760 GC heap before
{Heap before GC invocations=10 (full 2):
 PSYoungGen      total 163328K, used 6935K [0x00000000eab00000, 0x00000000f7c80000, 0x0000000100000000)
  eden space 151040K, 0% used [0x00000000eab00000,0x00000000eab00000,0x00000000f3e80000)
  from space 12288K, 56% used [0x00000000f4a00000,0x00000000f50c5ec0,0x00000000f5600000)
  to   space 11776K, 0% used [0x00000000f3e80000,0x00000000f3e80000,0x00000000f4a00000)
 ParOldGen       total 60928K, used 12091K [0x00000000c0000000, 0x00000000c3b80000, 0x00000000eab00000)
  object space 60928K, 19% used [0x00000000c0000000,0x00000000c0bcece0,0x00000000c3b80000)
 Metaspace       used 34582K, capacity 35224K, committed 35496K, reserved 1079296K
  class space    used 4624K, capacity 4775K, committed 4864K, reserved 1048576K
Event: 15.894 GC heap after
Heap after GC invocations=10 (full 2):
 PSYoungGen      total 163328K, used 0K [0x00000000eab00000, 0x00000000f7c80000, 0x0000000100000000)
  eden space 151040K, 0% used [0x00000000eab00000,0x00000000eab00000,0x00000000f3e80000)
  from space 12288K, 0% used [0x00000000f4a00000,0x00000000f4a00000,0x00000000f5600000)
  to   space 11776K, 0% used [0x00000000f3e80000,0x00000000f3e80000,0x00000000f4a00000)
 ParOldGen       total 74240K, used 13820K [0x00000000c0000000, 0x00000000c4880000, 0x00000000eab00000)
  object space 74240K, 18% used [0x00000000c0000000,0x00000000c0d7f1e0,0x00000000c4880000)
 Metaspace       used 34582K, capacity 35224K, committed 35496K, reserved 1079296K
  class space    used 4624K, capacity 4775K, committed 4864K, reserved 1048576K
}

Deoptimization events (10 events):
Event: 15.967 Thread 0x000000001875c800 Uncommon trap: reason=unstable_if action=reinterpret pc=0x0000000004101c24 method=java.util.HashMap.putVal(ILjava/lang/Object;Ljava/lang/Object;ZZ)Ljava/lang/Object; @ 236
Event: 15.984 Thread 0x000000001875c800 Uncommon trap: reason=class_check action=maybe_recompile pc=0x0000000003da19a8 method=java.util.Hashtable.put(Ljava/lang/Object;Ljava/lang/Object;)Ljava/lang/Object; @ 18
Event: 15.984 Thread 0x000000001875c800 Uncommon trap: reason=class_check action=maybe_recompile pc=0x0000000003da19a8 method=java.util.Hashtable.put(Ljava/lang/Object;Ljava/lang/Object;)Ljava/lang/Object; @ 18
Event: 15.984 Thread 0x000000001875c800 Uncommon trap: reason=class_check action=maybe_recompile pc=0x0000000003da19a8 method=java.util.Hashtable.put(Ljava/lang/Object;Ljava/lang/Object;)Ljava/lang/Object; @ 18
Event: 15.984 Thread 0x000000001875c800 Uncommon trap: reason=class_check action=maybe_recompile pc=0x0000000003da19a8 method=java.util.Hashtable.put(Ljava/lang/Object;Ljava/lang/Object;)Ljava/lang/Object; @ 18
Event: 15.984 Thread 0x000000001875c800 Uncommon trap: reason=class_check action=maybe_recompile pc=0x0000000003da8288 method=java.util.Hashtable.addEntry(ILjava/lang/Object;Ljava/lang/Object;I)V @ 38
Event: 15.984 Thread 0x000000001875c800 Uncommon trap: reason=unstable_if action=reinterpret pc=0x00000000038ef2bc method=java.lang.CharacterDataLatin1.isWhitespace(I)Z @ 14
Event: 16.065 Thread 0x000000001875c800 Uncommon trap: reason=unstable_if action=reinterpret pc=0x00000000034337ec method=java.security.CodeSource.getCertificates()[Ljava/security/cert/Certificate; @ 22
Event: 16.141 Thread 0x000000001875c800 Uncommon trap: reason=unstable_if action=reinterpret pc=0x0000000003d8f680 method=java.util.LinkedHashMap.get(Ljava/lang/Object;)Ljava/lang/Object; @ 20
Event: 16.377 Thread 0x000000001875c800 Uncommon trap: reason=class_check action=maybe_recompile pc=0x0000000003b37c44 method=org.codehaus.groovy.runtime.metaclass.MetaMethodIndex.addMethodToList(Ljava/lang/Object;Lgroovy/lang/MetaMethod;)Ljava/lang/Object; @ 218

Internal exceptions (10 events):
Event: 16.517 Thread 0x000000001875c800 Exception <a 'java/lang/ClassNotFoundException': org/gradle/api/internal/tasks/TaskDependencyContainerBeanInfo> (0x00000000ecd50e40) thrown at [C:\src\android\AOSP-openjdk\external\jetbrains\jdk\hotspot\src\share\vm\classfile\systemDictionary.cpp, line 210≠ÑèvïÑ0@
Event: 16.518 Thread 0x000000001875c800 Exception <a 'java/lang/ClassNotFoundException': org/gradle/api/internal/tasks/TaskDependencyContainerCustomizer> (0x00000000ecd7c948) thrown at [C:\src\android\AOSP-openjdk\external\jetbrains\jdk\hotspot\src\share\vm\classfile\systemDictionary.cpp, line 2\'µÖ0@
Event: 16.520 Thread 0x000000001875c800 Exception <a 'java/lang/ClassNotFoundException': org/gradle/api/internal/file/FileTreeInternalBeanInfo> (0x00000000ecdb4f20) thrown at [C:\src\android\AOSP-openjdk\external\jetbrains\jdk\hotspot\src\share\vm\classfile\systemDictionary.cpp, line 210]
Event: 16.522 Thread 0x000000001875c800 Exception <a 'java/lang/ClassNotFoundException': org/gradle/api/internal/file/FileTreeInternalCustomizer> (0x00000000ecddd1a8) thrown at [C:\src\android\AOSP-openjdk\external\jetbrains\jdk\hotspot\src\share\vm\classfile\systemDictionary.cpp, line 210]
Event: 16.524 Thread 0x000000001875c800 Exception <a 'java/lang/ClassNotFoundException': org/gradle/api/file/FileTreeBeanInfo> (0x00000000ece0ce00) thrown at [C:\src\android\AOSP-openjdk\external\jetbrains\jdk\hotspot\src\share\vm\classfile\systemDictionary.cpp, line 210]
Event: 16.525 Thread 0x000000001875c800 Exception <a 'java/lang/ClassNotFoundException': org/gradle/api/file/FileTreeCustomizer> (0x00000000ece2d670) thrown at [C:\src\android\AOSP-openjdk\external\jetbrains\jdk\hotspot\src\share\vm\classfile\systemDictionary.cpp, line 210]
Event: 16.532 Thread 0x000000001875c800 Exception <a 'java/lang/ClassNotFoundException': org/gradle/api/file/ConfigurableFileTreeBeanInfo> (0x00000000ece67ce8) thrown at [C:\src\android\AOSP-openjdk\external\jetbrains\jdk\hotspot\src\share\vm\classfile\systemDictionary.cpp, line 210]
Event: 16.533 Thread 0x000000001875c800 Exception <a 'java/lang/ClassNotFoundException': org/gradle/api/file/ConfigurableFileTreeCustomizer> (0x00000000ece8cef0) thrown at [C:\src\android\AOSP-openjdk\external\jetbrains\jdk\hotspot\src\share\vm\classfile\systemDictionary.cpp, line 210]
Event: 16.539 Thread 0x000000001875c800 Exception <a 'java/lang/ClassNotFoundException': org/gradle/api/file/DirectoryTreeBeanInfo> (0x00000000ecec1dd0) thrown at [C:\src\android\AOSP-openjdk\external\jetbrains\jdk\hotspot\src\share\vm\classfile\systemDictionary.cpp, line 210]
Event: 16.541 Thread 0x000000001875c800 Exception <a 'java/lang/ClassNotFoundException': org/gradle/api/file/DirectoryTreeCustomizer> (0x00000000ecee54b0) thrown at [C:\src\android\AOSP-openjdk\external\jetbrains\jdk\hotspot\src\share\vm\classfile\systemDictionary.cpp, line 210]

Events (10 events):
Event: 16.541 loading class org/gradle/api/file/DirectoryTreeCustomizer
Event: 16.541 loading class org/gradle/api/file/DirectoryTreeCustomizer done
Event: 16.541 loading class groovy/runtime/metaclass/org/gradle/api/tasks/util/PatternFilterableMetaClass
Event: 16.541 loading class groovy/runtime/metaclass/org/gradle/api/tasks/util/PatternFilterableMetaClass done
Event: 16.542 loading class org/gradle/api/tasks/util/PatternFilterableBeanInfo
Event: 16.542 loading class org/gradle/api/tasks/util/PatternFilterableBeanInfo done
Event: 16.542 loading class org/gradle/api/tasks/util/PatternFilterableBeanInfo
Event: 16.542 loading class org/gradle/api/tasks/util/PatternFilterableBeanInfo done
Event: 16.542 loading class org/gradle/api/tasks/util/PatternFilterableBeanInfo
Event: 16.542 loading class org/gradle/api/tasks/util/PatternFilterableBeanInfo done


Dynamic libraries:
0x00007ff7d0cc0000 - 0x00007ff7d0cf1000 	C:\Program Files\Android\Android Studio\jre\bin\java.exe
0x00007ffa7a380000 - 0x00007ffa7a552000 	C:\Windows\SYSTEM32\ntdll.dll
0x00007ffa78640000 - 0x00007ffa786ec000 	C:\Windows\System32\KERNEL32.DLL
0x00007ffa76d10000 - 0x00007ffa76f2d000 	C:\Windows\System32\KERNELBASE.dll
0x00007ffa788f0000 - 0x00007ffa78992000 	C:\Windows\System32\ADVAPI32.dll
0x00007ffa78530000 - 0x00007ffa785ce000 	C:\Windows\System32\msvcrt.dll
0x00007ffa7a1e0000 - 0x00007ffa7a239000 	C:\Windows\System32\sechost.dll
0x00007ffa789a0000 - 0x00007ffa78ac1000 	C:\Windows\System32\RPCRT4.dll
0x00007ffa7a070000 - 0x00007ffa7a1d5000 	C:\Windows\System32\USER32.dll
0x00007ffa76c00000 - 0x00007ffa76c1e000 	C:\Windows\System32\win32u.dll
0x00007ffa77a90000 - 0x00007ffa77ac4000 	C:\Windows\System32\GDI32.dll
0x00007ffa76f90000 - 0x00007ffa77110000 	C:\Windows\System32\gdi32full.dll
0x00007ffa691a0000 - 0x00007ffa6941a000 	C:\Windows\WinSxS\amd64_microsoft.windows.common-controls_6595b64144ccf1df_6.0.14393.953_none_42151e83c686086b\COMCTL32.dll
0x00007ffa781a0000 - 0x00007ffa78468000 	C:\Windows\System32\combase.dll
0x00007ffa76b00000 - 0x00007ffa76bf5000 	C:\Windows\System32\ucrtbase.dll
0x00007ffa77110000 - 0x00007ffa7717a000 	C:\Windows\System32\bcryptPrimitives.dll
0x00007ffa788b0000 - 0x00007ffa788de000 	C:\Windows\System32\IMM32.DLL
0x00007ffa5a430000 - 0x00007ffa5a4d7000 	C:\Program Files\McAfee\Host Intrusion Prevention\HcApi.dll
0x000000006b0e0000 - 0x000000006b0ec000 	C:\Program Files\McAfee\Host Intrusion Prevention\HcThe.dll
0x000000006a760000 - 0x000000006a832000 	C:\Program Files\Android\Android Studio\jre\jre\bin\msvcr100.dll
0x0000000068810000 - 0x000000006904c000 	C:\Program Files\Android\Android Studio\jre\jre\bin\server\jvm.dll
0x00007ffa77a80000 - 0x00007ffa77a88000 	C:\Windows\System32\PSAPI.DLL
0x00007ffa64bb0000 - 0x00007ffa64bb9000 	C:\Windows\SYSTEM32\WSOCK32.dll
0x00007ffa74e00000 - 0x00007ffa74e23000 	C:\Windows\SYSTEM32\WINMM.dll
0x00007ffa73700000 - 0x00007ffa7370a000 	C:\Windows\SYSTEM32\VERSION.dll
0x00007ffa779b0000 - 0x00007ffa77a1a000 	C:\Windows\System32\WS2_32.dll
0x0000000003000000 - 0x000000000302b000 	C:\Windows\SYSTEM32\WINMMBASE.dll
0x00007ffa76cc0000 - 0x00007ffa76d02000 	C:\Windows\System32\cfgmgr32.dll
0x00007ffa63510000 - 0x00007ffa6351f000 	C:\Program Files\Android\Android Studio\jre\jre\bin\verify.dll
0x00007ffa50790000 - 0x00007ffa507b9000 	C:\Program Files\Android\Android Studio\jre\jre\bin\java.dll
0x00007ffa5a560000 - 0x00007ffa5a576000 	C:\Program Files\Android\Android Studio\jre\jre\bin\zip.dll
0x00007ffa78af0000 - 0x00007ffa79ff9000 	C:\Windows\System32\SHELL32.dll
0x00007ffa77180000 - 0x00007ffa77859000 	C:\Windows\System32\windows.storage.dll
0x00007ffa76820000 - 0x00007ffa7686c000 	C:\Windows\System32\powrprof.dll
0x00007ffa77a20000 - 0x00007ffa77a72000 	C:\Windows\System32\shlwapi.dll
0x00007ffa76810000 - 0x00007ffa7681f000 	C:\Windows\System32\kernel.appcore.dll
0x00007ffa76880000 - 0x00007ffa76929000 	C:\Windows\System32\shcore.dll
0x00007ffa767f0000 - 0x00007ffa76804000 	C:\Windows\System32\profapi.dll
0x00007ffa59890000 - 0x00007ffa598aa000 	C:\Program Files\Android\Android Studio\jre\jre\bin\net.dll
0x00007ffa760c0000 - 0x00007ffa7611c000 	C:\Windows\system32\mswsock.dll
0x00007ffa50a70000 - 0x00007ffa50a81000 	C:\Program Files\Android\Android Studio\jre\jre\bin\nio.dll
0x00007ffa6e770000 - 0x00007ffa6e782000 	C:\Users\212634269\.gradle\native\19\windows-amd64\native-platform.dll
0x00007ffa76260000 - 0x00007ffa76277000 	C:\Windows\SYSTEM32\CRYPTSP.dll
0x00007ffa75cd0000 - 0x00007ffa75d03000 	C:\Windows\system32\rsaenh.dll
0x00007ffa76730000 - 0x00007ffa7675b000 	C:\Windows\SYSTEM32\bcrypt.dll
0x00007ffa75f40000 - 0x00007ffa75f5f000 	C:\Windows\SYSTEM32\USERENV.dll
0x00007ffa76720000 - 0x00007ffa7672b000 	C:\Windows\SYSTEM32\CRYPTBASE.dll
0x00007ffa75e40000 - 0x00007ffa75e78000 	C:\Windows\SYSTEM32\IPHLPAPI.DLL
0x00007ffa7a060000 - 0x00007ffa7a068000 	C:\Windows\System32\NSI.dll
0x00007ffa73730000 - 0x00007ffa73746000 	C:\Windows\SYSTEM32\dhcpcsvc6.DLL
0x00007ffa73710000 - 0x00007ffa7372a000 	C:\Windows\SYSTEM32\dhcpcsvc.DLL
0x00007ffa63120000 - 0x00007ffa6312d000 	C:\Program Files\Android\Android Studio\jre\jre\bin\management.dll

VM Arguments:
jvm_args: -XX:MaxPermSize=256m -XX:+HeapDumpOnOutOfMemoryError -Xmx1024m -Dfile.encoding=windows-1252 -Duser.country=US -Duser.language=en -Duser.variant 
java_command: org.gradle.launcher.daemon.bootstrap.GradleDaemon 2.14.1
java_class_path (initial): C:\Users\212634269\.gradle\wrapper\dists\gradle-2.14.1-all\8bnwg5hd3w55iofp58khbp6yv\gradle-2.14.1\lib\gradle-launcher-2.14.1.jar
Launcher Type: SUN_STANDARD

Environment Variables:
JAVA_HOME=C:\Program Files\Java\jdk1.8.0_144
CLASSPATH=.;
PATH=C:\Program Files\ImageMagick-6.9.9-Q8;C:\Python36\Scripts\;C:\Python36\;C:\Python27\;C:\Python27\Scripts;C:\Windows\system32;C:\Windows;C:\Windows\System32\Wbem;C:\Windows\System32\WindowsPowerShell\v1.0\;C:\Program Files (x86)\Sennheiser\SoftphoneSDK\;C:\ProgramData\chocolatey\bin;C:\Program Files\Git\cmd;C:\Program Files\Java\jdk1.8.0_144\bin;C:\Program Files\Amazon\AWSCLI\;C:\GE_POWER\sonar-scanner-3.0.3.778-windows\bin;C:\HashiCorp\Vagrant\bin;C:\opscode\chefdk\bin\;C:\Users\212634269\AppData\Local\Microsoft\WindowsApps;C:\Users\212634269\AppData\Local\atom\bin;C:\Users\212634269\AppData\Local\Continuum\anaconda2\Scripts
USERNAME=212634269
OS=Windows_NT
PROCESSOR_IDENTIFIER=Intel64 Family 6 Model 78 Stepping 3, GenuineIntel



---------------  S Y S T E M  ---------------

OS: Windows 10.0 , 64 bit Build 14393 (10.0.14393.1198)

CPU:total 4 (2 cores per cpu, 2 threads per core) family 6 model 78 stepping 3, cmov, cx8, fxsr, mmx, sse, sse2, sse3, ssse3, sse4.1, sse4.2, popcnt, avx, avx2, aes, clmul, erms, rtm, 3dnowpref, lzcnt, ht, tsc, tscinvbit, bmi1, bmi2, adx

Memory: 4k page, physical 8266320k(1084968k free), swap 12459600k(5060k free)

vm_info: OpenJDK 64-Bit Server VM (25.112-b06) for windows-amd64 JRE (1.8.0_112-release-b06), built on Dec  8 2016 00:54:26 by "builder" with MS VC++ 10.0 (VS2010)

time: Sat Feb 10 12:57:50 2018
elapsed time: 16 seconds (0d 0h 0m 16s)

