#
# There is insufficient memory for the Java Runtime Environment to continue.
# Native memory allocation (malloc) failed to allocate 306416 bytes for Chunk::new
# Possible reasons:
#   The system is out of physical RAM or swap space
#   In 32 bit mode, the process size limit was hit
# Possible solutions:
#   Reduce memory load on the system
#   Increase physical memory or swap space
#   Check if swap backing store is full
#   Use 64 bit Java on a 64 bit OS
#   Decrease Java heap size (-Xmx/-Xms)
#   Decrease number of Java threads
#   Decrease Java thread stack sizes (-Xss)
#   Set larger code cache with -XX:ReservedCodeCacheSize=
# This output file may be truncated or incomplete.
#
#  Out of Memory Error (allocation.cpp:390), pid=36996, tid=0x0000000000007a00
#
# JRE version: OpenJDK Runtime Environment (8.0_112-b06) (build 1.8.0_112-release-b06)
# Java VM: OpenJDK 64-Bit Server VM (25.112-b06 mixed mode windows-amd64 compressed oops)
# Failed to write core dump. Minidumps are not enabled by default on client versions of Windows
#

---------------  T H R E A D  ---------------

Current thread (0x00000000153dc800):  JavaThread "C2 CompilerThread0" daemon [_thread_in_native, id=31232, stack(0x0000000016a20000,0x0000000016b20000)]

Stack: [0x0000000016a20000,0x0000000016b20000]
[error occurred during error reporting (printing stack bounds), id 0xc0000005]

Native frames: (J=compiled Java code, j=interpreted, Vv=VM code, C=native code)


Current CompileTask:
C2:  16818 5526       4       com.android.builder.dependency.JarDependency::hashCode (34 bytes)


---------------  P R O C E S S  ---------------

Java Threads: ( => current thread )
  0x000000001ad24000 JavaThread "File lock request listener" [_thread_in_native, id=37228, stack(0x000000001c150000,0x000000001c250000)]
  0x00000000188cd000 JavaThread "Stdin handler" [_thread_blocked, id=36296, stack(0x00000000198b0000,0x00000000199b0000)]
  0x00000000188d6000 JavaThread "Asynchronous log dispatcher for org.gradle.launcher.daemon.server.DefaultDaemonConnection@2212c8be" [_thread_blocked, id=24212, stack(0x00000000197b0000,0x00000000198b0000)]
  0x00000000188dc800 JavaThread "Daemon worker" [_thread_in_vm, id=31320, stack(0x00000000196b0000,0x00000000197b0000)]
  0x00000000182fe000 JavaThread "Cancel handler" [_thread_blocked, id=27984, stack(0x00000000195b0000,0x00000000196b0000)]
  0x0000000018517800 JavaThread "Handler for socket connection from /127.0.0.1:53889 to /127.0.0.1:53890" [_thread_in_native, id=22888, stack(0x00000000194b0000,0x00000000195b0000)]
  0x00000000183b9000 JavaThread "Daemon" [_thread_blocked, id=10948, stack(0x00000000193b0000,0x00000000194b0000)]
  0x000000001851e000 JavaThread "pool-1-thread-1" [_thread_blocked, id=30856, stack(0x00000000192b0000,0x00000000193b0000)]
  0x000000001808c800 JavaThread "Incoming local TCP Connector on port 53889" [_thread_in_native, id=30504, stack(0x0000000017b20000,0x0000000017c20000)]
  0x0000000016d4a800 JavaThread "Service Thread" daemon [_thread_blocked, id=11072, stack(0x0000000017120000,0x0000000017220000)]
  0x00000000153f2000 JavaThread "C1 CompilerThread2" daemon [_thread_blocked, id=19660, stack(0x0000000016c20000,0x0000000016d20000)]
  0x00000000153e0000 JavaThread "C2 CompilerThread1" daemon [_thread_in_native, id=36076, stack(0x0000000016b20000,0x0000000016c20000)]
=>0x00000000153dc800 JavaThread "C2 CompilerThread0" daemon [_thread_in_native, id=31232, stack(0x0000000016a20000,0x0000000016b20000)]
  0x00000000153da800 JavaThread "Attach Listener" daemon [_thread_blocked, id=25584, stack(0x0000000016920000,0x0000000016a20000)]
  0x00000000153d9800 JavaThread "Signal Dispatcher" daemon [_thread_blocked, id=18452, stack(0x0000000016820000,0x0000000016920000)]
  0x0000000002d0c000 JavaThread "Finalizer" daemon [_thread_blocked, id=32716, stack(0x0000000016630000,0x0000000016730000)]
  0x0000000002d01800 JavaThread "Reference Handler" daemon [_thread_blocked, id=17208, stack(0x0000000016530000,0x0000000016630000)]
  0x0000000002c12800 JavaThread "main" [_thread_blocked, id=14152, stack(0x0000000002a40000,0x0000000002b40000)]

Other Threads:
  0x00000000153a6800 VMThread [stack: 0x0000000016430000,0x0000000016530000] [id=19376]
  0x0000000016d4b000 WatcherThread [stack: 0x0000000017220000,0x0000000017320000] [id=27500]

VM state:not at safepoint (normal execution)

VM Mutex/Monitor currently owned by a thread: None

Heap:
 PSYoungGen      total 107008K, used 15581K [0x00000000eab00000, 0x00000000f3780000, 0x0000000100000000)
  eden space 95232K, 7% used [0x00000000eab00000,0x00000000eb2503e0,0x00000000f0800000)
  from space 11776K, 68% used [0x00000000f0800000,0x00000000f0fe70e8,0x00000000f1380000)
  to   space 11776K, 0% used [0x00000000f2c00000,0x00000000f2c00000,0x00000000f3780000)
 ParOldGen       total 98816K, used 14545K [0x00000000c0000000, 0x00000000c6080000, 0x00000000eab00000)
  object space 98816K, 14% used [0x00000000c0000000,0x00000000c0e34530,0x00000000c6080000)
 Metaspace       used 43561K, capacity 44438K, committed 44672K, reserved 1087488K
  class space    used 5735K, capacity 5963K, committed 6016K, reserved 1048576K

Card table byte_map: [0x00000000120d0000,0x00000000122e0000] byte_map_base: 0x0000000011ad0000

Marking Bits: (ParMarkBitMap*) 0x0000000068fd18f0
 Begin Bits: [0x0000000012840000, 0x0000000013840000)
 End Bits:   [0x0000000013840000, 0x0000000014840000)

Polling page: 0x0000000001140000

CodeCache: size=245760Kb used=18992Kb max_used=18992Kb free=226767Kb
 bounds [0x0000000002d10000, 0x0000000003fb0000, 0x0000000011d10000]
 total_blobs=5978 nmethods=5281 adapters=609
 compilation: enabled

Compilation events (10 events):
Event: 16.803 Thread 0x00000000153f2000 nmethod 5783 0x00000000034a37d0 code [0x00000000034a3940, 0x00000000034a3ac8]
Event: 16.803 Thread 0x00000000153f2000 5785       3       org.gradle.api.internal.artifacts.ivyservice.resolveengine.graph.DependencyGraphBuilder$ModuleResolveState::getVersion (47 bytes)
Event: 16.803 Thread 0x00000000153f2000 nmethod 5785 0x0000000003494510 code [0x00000000034946c0, 0x0000000003494c08]
Event: 16.805 Thread 0x00000000153f2000 5787       3       org.gradle.api.internal.artifacts.ivyservice.ivyresolve.memcache.CachedModuleVersionResult::supply (90 bytes)
Event: 16.806 Thread 0x00000000153f2000 nmethod 5787 0x0000000003493650 code [0x0000000003493840, 0x0000000003494108]
Event: 16.807 Thread 0x00000000153f2000 5789       3       org.gradle.internal.component.model.DefaultDependencyMetaData::getArtifacts (69 bytes)
Event: 16.808 Thread 0x00000000153f2000 nmethod 5789 0x0000000003491f90 code [0x00000000034921e0, 0x0000000003492de8]
Event: 16.808 Thread 0x00000000153f2000 5788       3       org.gradle.internal.component.model.DefaultDependencyMetaData::isChanging (10 bytes)
Event: 16.808 Thread 0x00000000153f2000 nmethod 5788 0x0000000003491b90 code [0x0000000003491d00, 0x0000000003491ed0]
Event: 16.809 Thread 0x00000000153f2000 5790       3       org.gradle.internal.component.model.AbstractModuleDescriptorBackedMetaData::populateDependenciesFromDescriptor (60 bytes)

GC Heap History (10 events):
Event: 11.743 GC heap before
{Heap before GC invocations=11 (full 1):
 PSYoungGen      total 70144K, used 28374K [0x00000000eab00000, 0x00000000f0980000, 0x0000000100000000)
  eden space 60416K, 31% used [0x00000000eab00000,0x00000000ebd50b70,0x00000000ee600000)
  from space 9728K, 98% used [0x00000000ee600000,0x00000000eef65048,0x00000000eef80000)
  to   space 10752K, 0% used [0x00000000eff00000,0x00000000eff00000,0x00000000f0980000)
 ParOldGen       total 67072K, used 8588K [0x00000000c0000000, 0x00000000c4180000, 0x00000000eab00000)
  object space 67072K, 12% used [0x00000000c0000000,0x00000000c0863058,0x00000000c4180000)
 Metaspace       used 34582K, capacity 35224K, committed 35496K, reserved 1079296K
  class space    used 4631K, capacity 4775K, committed 4864K, reserved 1048576K
Event: 11.752 GC heap after
Heap after GC invocations=11 (full 1):
 PSYoungGen      total 86016K, used 7687K [0x00000000eab00000, 0x00000000f0c80000, 0x0000000100000000)
  eden space 75264K, 0% used [0x00000000eab00000,0x00000000eab00000,0x00000000ef480000)
  from space 10752K, 71% used [0x00000000eff00000,0x00000000f0681db8,0x00000000f0980000)
  to   space 10752K, 0% used [0x00000000ef480000,0x00000000ef480000,0x00000000eff00000)
 ParOldGen       total 67072K, used 8596K [0x00000000c0000000, 0x00000000c4180000, 0x00000000eab00000)
  object space 67072K, 12% used [0x00000000c0000000,0x00000000c0865058,0x00000000c4180000)
 Metaspace       used 34582K, capacity 35224K, committed 35496K, reserved 1079296K
  class space    used 4631K, capacity 4775K, committed 4864K, reserved 1048576K
}
Event: 11.752 GC heap before
{Heap before GC invocations=12 (full 2):
 PSYoungGen      total 86016K, used 7687K [0x00000000eab00000, 0x00000000f0c80000, 0x0000000100000000)
  eden space 75264K, 0% used [0x00000000eab00000,0x00000000eab00000,0x00000000ef480000)
  from space 10752K, 71% used [0x00000000eff00000,0x00000000f0681db8,0x00000000f0980000)
  to   space 10752K, 0% used [0x00000000ef480000,0x00000000ef480000,0x00000000eff00000)
 ParOldGen       total 67072K, used 8596K [0x00000000c0000000, 0x00000000c4180000, 0x00000000eab00000)
  object space 67072K, 12% used [0x00000000c0000000,0x00000000c0865058,0x00000000c4180000)
 Metaspace       used 34582K, capacity 35224K, committed 35496K, reserved 1079296K
  class space    used 4631K, capacity 4775K, committed 4864K, reserved 1048576K
Event: 11.846 GC heap after
Heap after GC invocations=12 (full 2):
 PSYoungGen      total 86016K, used 0K [0x00000000eab00000, 0x00000000f0c80000, 0x0000000100000000)
  eden space 75264K, 0% used [0x00000000eab00000,0x00000000eab00000,0x00000000ef480000)
  from space 10752K, 0% used [0x00000000eff00000,0x00000000eff00000,0x00000000f0980000)
  to   space 10752K, 0% used [0x00000000ef480000,0x00000000ef480000,0x00000000eff00000)
 ParOldGen       total 98816K, used 14457K [0x00000000c0000000, 0x00000000c6080000, 0x00000000eab00000)
  object space 98816K, 14% used [0x00000000c0000000,0x00000000c0e1e520,0x00000000c6080000)
 Metaspace       used 34582K, capacity 35224K, committed 35496K, reserved 1079296K
  class space    used 4631K, capacity 4775K, committed 4864K, reserved 1048576K
}
Event: 13.834 GC heap before
{Heap before GC invocations=13 (full 2):
 PSYoungGen      total 86016K, used 75264K [0x00000000eab00000, 0x00000000f0c80000, 0x0000000100000000)
  eden space 75264K, 100% used [0x00000000eab00000,0x00000000ef480000,0x00000000ef480000)
  from space 10752K, 0% used [0x00000000eff00000,0x00000000eff00000,0x00000000f0980000)
  to   space 10752K, 0% used [0x00000000ef480000,0x00000000ef480000,0x00000000eff00000)
 ParOldGen       total 98816K, used 14457K [0x00000000c0000000, 0x00000000c6080000, 0x00000000eab00000)
  object space 98816K, 14% used [0x00000000c0000000,0x00000000c0e1e520,0x00000000c6080000)
 Metaspace       used 41629K, capacity 42528K, committed 42880K, reserved 1087488K
  class space    used 5550K, capacity 5752K, committed 5760K, reserved 1048576K
Event: 13.842 GC heap after
Heap after GC invocations=13 (full 2):
 PSYoungGen      total 86016K, used 7929K [0x00000000eab00000, 0x00000000f1e80000, 0x0000000100000000)
  eden space 75264K, 0% used [0x00000000eab00000,0x00000000eab00000,0x00000000ef480000)
  from space 10752K, 73% used [0x00000000ef480000,0x00000000efc3e640,0x00000000eff00000)
  to   space 11264K, 0% used [0x00000000f1380000,0x00000000f1380000,0x00000000f1e80000)
 ParOldGen       total 98816K, used 14529K [0x00000000c0000000, 0x00000000c6080000, 0x00000000eab00000)
  object space 98816K, 14% used [0x00000000c0000000,0x00000000c0e30530,0x00000000c6080000)
 Metaspace       used 41629K, capacity 42528K, committed 42880K, reserved 1087488K
  class space    used 5550K, capacity 5752K, committed 5760K, reserved 1048576K
}
Event: 15.607 GC heap before
{Heap before GC invocations=14 (full 2):
 PSYoungGen      total 86016K, used 83193K [0x00000000eab00000, 0x00000000f1e80000, 0x0000000100000000)
  eden space 75264K, 100% used [0x00000000eab00000,0x00000000ef480000,0x00000000ef480000)
  from space 10752K, 73% used [0x00000000ef480000,0x00000000efc3e640,0x00000000eff00000)
  to   space 11264K, 0% used [0x00000000f1380000,0x00000000f1380000,0x00000000f1e80000)
 ParOldGen       total 98816K, used 14529K [0x00000000c0000000, 0x00000000c6080000, 0x00000000eab00000)
  object space 98816K, 14% used [0x00000000c0000000,0x00000000c0e30530,0x00000000c6080000)
 Metaspace       used 42936K, capacity 43856K, committed 44160K, reserved 1087488K
  class space    used 5678K, capacity 5898K, committed 6016K, reserved 1048576K
Event: 15.629 GC heap after
Heap after GC invocations=14 (full 2):
 PSYoungGen      total 106496K, used 9109K [0x00000000eab00000, 0x00000000f1f00000, 0x0000000100000000)
  eden space 95232K, 0% used [0x00000000eab00000,0x00000000eab00000,0x00000000f0800000)
  from space 11264K, 80% used [0x00000000f1380000,0x00000000f1c655a0,0x00000000f1e80000)
  to   space 11776K, 0% used [0x00000000f0800000,0x00000000f0800000,0x00000000f1380000)
 ParOldGen       total 98816K, used 14537K [0x00000000c0000000, 0x00000000c6080000, 0x00000000eab00000)
  object space 98816K, 14% used [0x00000000c0000000,0x00000000c0e32530,0x00000000c6080000)
 Metaspace       used 42936K, capacity 43856K, committed 44160K, reserved 1087488K
  class space    used 5678K, capacity 5898K, committed 6016K, reserved 1048576K
}
Event: 16.753 GC heap before
{Heap before GC invocations=15 (full 2):
 PSYoungGen      total 106496K, used 104341K [0x00000000eab00000, 0x00000000f1f00000, 0x0000000100000000)
  eden space 95232K, 100% used [0x00000000eab00000,0x00000000f0800000,0x00000000f0800000)
  from space 11264K, 80% used [0x00000000f1380000,0x00000000f1c655a0,0x00000000f1e80000)
  to   space 11776K, 0% used [0x00000000f0800000,0x00000000f0800000,0x00000000f1380000)
 ParOldGen       total 98816K, used 14537K [0x00000000c0000000, 0x00000000c6080000, 0x00000000eab00000)
  object space 98816K, 14% used [0x00000000c0000000,0x00000000c0e32530,0x00000000c6080000)
 Metaspace       used 43511K, capacity 44406K, committed 44672K, reserved 1087488K
  class space    used 5729K, capacity 5931K, committed 6016K, reserved 1048576K
Event: 16.768 GC heap after
Heap after GC invocations=15 (full 2):
 PSYoungGen      total 107008K, used 8092K [0x00000000eab00000, 0x00000000f3780000, 0x0000000100000000)
  eden space 95232K, 0% used [0x00000000eab00000,0x00000000eab00000,0x00000000f0800000)
  from space 11776K, 68% used [0x00000000f0800000,0x00000000f0fe70e8,0x00000000f1380000)
  to   space 11776K, 0% used [0x00000000f2c00000,0x00000000f2c00000,0x00000000f3780000)
 ParOldGen       total 98816K, used 14545K [0x00000000c0000000, 0x00000000c6080000, 0x00000000eab00000)
  object space 98816K, 14% used [0x00000000c0000000,0x00000000c0e34530,0x00000000c6080000)
 Metaspace       used 43511K, capacity 44406K, committed 44672K, reserved 1087488K
  class space    used 5729K, capacity 5931K, committed 6016K, reserved 1048576K
}

Deoptimization events (10 events):
Event: 13.584 Thread 0x00000000188dc800 Uncommon trap: reason=unstable_if action=reinterpret pc=0x0000000003c528ac method=com.sun.org.apache.xerces.internal.impl.XMLEntityScanner.scanContent(Lcom/sun/org/apache/xerces/internal/xni/XMLString;)I @ 481
Event: 13.591 Thread 0x00000000188dc800 Uncommon trap: reason=unstable_if action=reinterpret pc=0x00000000036d0428 method=java.lang.CharacterDataLatin1.digit(II)I @ 31
Event: 14.327 Thread 0x00000000188dc800 Uncommon trap: reason=range_check action=make_not_entrant pc=0x0000000003d74e14 method=java.lang.String.charAt(I)C @ 27
Event: 15.359 Thread 0x00000000188dc800 Uncommon trap: reason=unstable_if action=reinterpret pc=0x000000000391375c method=java.util.LinkedHashMap.afterNodeInsertion(Z)V @ 18
Event: 16.249 Thread 0x00000000188dc800 Uncommon trap: reason=unstable_if action=reinterpret pc=0x0000000002e89754 method=java.lang.Boolean.hashCode(Z)I @ 1
Event: 16.588 Thread 0x00000000188dc800 Uncommon trap: reason=class_check action=maybe_recompile pc=0x0000000003f705a8 method=com.google.common.collect.ImmutableList.hashCode()I @ 23
Event: 16.589 Thread 0x00000000188dc800 Uncommon trap: reason=class_check action=maybe_recompile pc=0x0000000003f705a8 method=com.google.common.collect.ImmutableList.hashCode()I @ 23
Event: 16.589 Thread 0x00000000188dc800 Uncommon trap: reason=class_check action=maybe_recompile pc=0x0000000003f705a8 method=com.google.common.collect.ImmutableList.hashCode()I @ 23
Event: 16.597 Thread 0x00000000188dc800 Uncommon trap: reason=unstable_if action=reinterpret pc=0x0000000003e254dc method=java.util.HashMap$HashIterator.<init>(Ljava/util/HashMap;)V @ 45
Event: 16.671 Thread 0x00000000188dc800 Uncommon trap: reason=class_check action=maybe_recompile pc=0x0000000003f705a8 method=com.google.common.collect.ImmutableList.hashCode()I @ 23

Internal exceptions (10 events):
Event: 13.906 Thread 0x00000000188dc800 Exception <a 'sun/nio/fs/WindowsException'> (0x00000000eaf521d8) thrown at [C:\src\android\AOSP-openjdk\external\jetbrains\jdk\hotspot\src\share\vm\prims\jni.cpp, line 709]
Event: 13.906 Thread 0x00000000188dc800 Exception <a 'sun/nio/fs/WindowsException'> (0x00000000eaf52e20) thrown at [C:\src\android\AOSP-openjdk\external\jetbrains\jdk\hotspot\src\share\vm\prims\jni.cpp, line 709]
Event: 13.907 Thread 0x00000000188dc800 Exception <a 'sun/nio/fs/WindowsException'> (0x00000000eaf55c78) thrown at [C:\src\android\AOSP-openjdk\external\jetbrains\jdk\hotspot\src\share\vm\prims\jni.cpp, line 709]
Event: 13.907 Thread 0x00000000188dc800 Exception <a 'sun/nio/fs/WindowsException'> (0x00000000eaf568f8) thrown at [C:\src\android\AOSP-openjdk\external\jetbrains\jdk\hotspot\src\share\vm\prims\jni.cpp, line 709]
Event: 13.907 Thread 0x00000000188dc800 Exception <a 'sun/nio/fs/WindowsException'> (0x00000000eaf585b0) thrown at [C:\src\android\AOSP-openjdk\external\jetbrains\jdk\hotspot\src\share\vm\prims\jni.cpp, line 709]
Event: 13.907 Thread 0x00000000188dc800 Exception <a 'sun/nio/fs/WindowsException'> (0x00000000eaf59270) thrown at [C:\src\android\AOSP-openjdk\external\jetbrains\jdk\hotspot\src\share\vm\prims\jni.cpp, line 709]
Event: 14.081 Thread 0x00000000188dc800 Exception <a 'java/lang/NoSuchMethodError': java.lang.Object.lambda$comparing$77a9974f$1(Ljava/util/function/Function;Ljava/lang/Object;Ljava/lang/Object;)I> (0x00000000ecb25150) thrown at [C:\src\android\AOSP-openjdk\external\jetbrains\jdk\hotspot\src\sha
Event: 14.085 Thread 0x00000000188dc800 Exception <a 'java/lang/NoSuchMethodError': java.lang.Object.lambda$thenComparing$36697e65$1(Ljava/util/Comparator;Ljava/lang/Object;Ljava/lang/Object;)I> (0x00000000ecb3b520) thrown at [C:\src\android\AOSP-openjdk\external\jetbrains\jdk\hotspot\src\share\”ºu@,@
Event: 14.125 Thread 0x00000000188dc800 Exception <a 'java/lang/NoSuchMethodError': java.lang.Object.lambda$maxBy$1(Ljava/util/Comparator;Ljava/lang/Object;Ljava/lang/Object;)Ljava/lang/Object;> (0x00000000ecc99d70) thrown at [C:\src\android\AOSP-openjdk\external\jetbrains\jdk\hotspot\src\share\Ž¾uçâi,@
Event: 14.207 Thread 0x00000000188dc800 Exception <a 'sun/nio/fs/WindowsException'> (0x00000000ecd6c2a0) thrown at [C:\src\android\AOSP-openjdk\external\jetbrains\jdk\hotspot\src\share\vm\prims\jni.cpp, line 709]

Events (10 events):
Event: 16.784 loading class com/google/wireless/android/sdk/stats/AndroidStudioStats$GradleBuildVariant$1
Event: 16.784 loading class com/google/wireless/android/sdk/stats/AndroidStudioStats$GradleBuildVariant$1 done
Event: 16.785 loading class com/google/wireless/android/sdk/stats/AndroidStudioStats$GradleBuildVariant$VariantType
Event: 16.785 loading class com/google/wireless/android/sdk/stats/AndroidStudioStats$GradleBuildVariant$VariantType done
Event: 16.785 loading class com/google/wireless/android/sdk/stats/AndroidStudioStats$GradleBuildVariant$VariantType$1
Event: 16.785 loading class com/google/wireless/android/sdk/stats/AndroidStudioStats$GradleBuildVariant$VariantType$1 done
Event: 16.786 loading class com/google/wireless/android/sdk/stats/AndroidStudioStats$GradleBuildVariant$Builder
Event: 16.786 loading class com/google/wireless/android/sdk/stats/AndroidStudioStats$GradleBuildVariant$Builder done
Event: 16.788 loading class com/android/build/gradle/internal/VariantDimensionData$1
Event: 16.788 loading class com/android/build/gradle/internal/VariantDimensionData$1 done


Dynamic libraries:
0x00007ff7d0cc0000 - 0x00007ff7d0cf1000 	C:\Program Files\Android\Android Studio\jre\bin\java.exe
0x00007ffa7a380000 - 0x00007ffa7a552000 	C:\Windows\SYSTEM32\ntdll.dll
0x00007ffa78640000 - 0x00007ffa786ec000 	C:\Windows\System32\KERNEL32.DLL
0x00007ffa76d10000 - 0x00007ffa76f2d000 	C:\Windows\System32\KERNELBASE.dll
0x00007ffa788f0000 - 0x00007ffa78992000 	C:\Windows\System32\ADVAPI32.dll
0x00007ffa78530000 - 0x00007ffa785ce000 	C:\Windows\System32\msvcrt.dll
0x00007ffa7a1e0000 - 0x00007ffa7a239000 	C:\Windows\System32\sechost.dll
0x00007ffa789a0000 - 0x00007ffa78ac1000 	C:\Windows\System32\RPCRT4.dll
0x00007ffa7a070000 - 0x00007ffa7a1d5000 	C:\Windows\System32\USER32.dll
0x00007ffa76c00000 - 0x00007ffa76c1e000 	C:\Windows\System32\win32u.dll
0x00007ffa77a90000 - 0x00007ffa77ac4000 	C:\Windows\System32\GDI32.dll
0x00007ffa76f90000 - 0x00007ffa77110000 	C:\Windows\System32\gdi32full.dll
0x00007ffa691a0000 - 0x00007ffa6941a000 	C:\Windows\WinSxS\amd64_microsoft.windows.common-controls_6595b64144ccf1df_6.0.14393.953_none_42151e83c686086b\COMCTL32.dll
0x00007ffa781a0000 - 0x00007ffa78468000 	C:\Windows\System32\combase.dll
0x00007ffa76b00000 - 0x00007ffa76bf5000 	C:\Windows\System32\ucrtbase.dll
0x00007ffa77110000 - 0x00007ffa7717a000 	C:\Windows\System32\bcryptPrimitives.dll
0x00007ffa788b0000 - 0x00007ffa788de000 	C:\Windows\System32\IMM32.DLL
0x00007ffa5a430000 - 0x00007ffa5a4d7000 	C:\Program Files\McAfee\Host Intrusion Prevention\HcApi.dll
0x000000006b0e0000 - 0x000000006b0ec000 	C:\Program Files\McAfee\Host Intrusion Prevention\HcThe.dll
0x000000006a760000 - 0x000000006a832000 	C:\Program Files\Android\Android Studio\jre\jre\bin\msvcr100.dll
0x0000000068810000 - 0x000000006904c000 	C:\Program Files\Android\Android Studio\jre\jre\bin\server\jvm.dll
0x00007ffa77a80000 - 0x00007ffa77a88000 	C:\Windows\System32\PSAPI.DLL
0x00007ffa73700000 - 0x00007ffa7370a000 	C:\Windows\SYSTEM32\VERSION.dll
0x00007ffa74e00000 - 0x00007ffa74e23000 	C:\Windows\SYSTEM32\WINMM.dll
0x00007ffa64bb0000 - 0x00007ffa64bb9000 	C:\Windows\SYSTEM32\WSOCK32.dll
0x00007ffa779b0000 - 0x00007ffa77a1a000 	C:\Windows\System32\WS2_32.dll
0x00007ffa74da0000 - 0x00007ffa74dcb000 	C:\Windows\SYSTEM32\WINMMBASE.dll
0x00007ffa76cc0000 - 0x00007ffa76d02000 	C:\Windows\System32\cfgmgr32.dll
0x00007ffa63510000 - 0x00007ffa6351f000 	C:\Program Files\Android\Android Studio\jre\jre\bin\verify.dll
0x00007ffa50790000 - 0x00007ffa507b9000 	C:\Program Files\Android\Android Studio\jre\jre\bin\java.dll
0x00007ffa5a560000 - 0x00007ffa5a576000 	C:\Program Files\Android\Android Studio\jre\jre\bin\zip.dll
0x00007ffa78af0000 - 0x00007ffa79ff9000 	C:\Windows\System32\SHELL32.dll
0x00007ffa77180000 - 0x00007ffa77859000 	C:\Windows\System32\windows.storage.dll
0x00007ffa76820000 - 0x00007ffa7686c000 	C:\Windows\System32\powrprof.dll
0x00007ffa77a20000 - 0x00007ffa77a72000 	C:\Windows\System32\shlwapi.dll
0x00007ffa76810000 - 0x00007ffa7681f000 	C:\Windows\System32\kernel.appcore.dll
0x00007ffa76880000 - 0x00007ffa76929000 	C:\Windows\System32\shcore.dll
0x00007ffa767f0000 - 0x00007ffa76804000 	C:\Windows\System32\profapi.dll
0x00007ffa59890000 - 0x00007ffa598aa000 	C:\Program Files\Android\Android Studio\jre\jre\bin\net.dll
0x00007ffa760c0000 - 0x00007ffa7611c000 	C:\Windows\system32\mswsock.dll
0x00007ffa50a70000 - 0x00007ffa50a81000 	C:\Program Files\Android\Android Studio\jre\jre\bin\nio.dll
0x00007ffa6e770000 - 0x00007ffa6e782000 	C:\Users\212634269\.gradle\native\19\windows-amd64\native-platform.dll
0x00007ffa76260000 - 0x00007ffa76277000 	C:\Windows\SYSTEM32\CRYPTSP.dll
0x00007ffa75cd0000 - 0x00007ffa75d03000 	C:\Windows\system32\rsaenh.dll
0x00007ffa76730000 - 0x00007ffa7675b000 	C:\Windows\SYSTEM32\bcrypt.dll
0x00007ffa75f40000 - 0x00007ffa75f5f000 	C:\Windows\SYSTEM32\USERENV.dll
0x00007ffa76720000 - 0x00007ffa7672b000 	C:\Windows\SYSTEM32\CRYPTBASE.dll
0x00007ffa75e40000 - 0x00007ffa75e78000 	C:\Windows\SYSTEM32\IPHLPAPI.DLL
0x00007ffa7a060000 - 0x00007ffa7a068000 	C:\Windows\System32\NSI.dll
0x00007ffa73730000 - 0x00007ffa73746000 	C:\Windows\SYSTEM32\dhcpcsvc6.DLL
0x00007ffa73710000 - 0x00007ffa7372a000 	C:\Windows\SYSTEM32\dhcpcsvc.DLL
0x00007ffa63120000 - 0x00007ffa6312d000 	C:\Program Files\Android\Android Studio\jre\jre\bin\management.dll

VM Arguments:
jvm_args: -XX:MaxPermSize=256m -XX:+HeapDumpOnOutOfMemoryError -Xmx1024m -Dfile.encoding=windows-1252 -Duser.country=US -Duser.language=en -Duser.variant 
java_command: org.gradle.launcher.daemon.bootstrap.GradleDaemon 2.14.1
java_class_path (initial): C:\Users\212634269\.gradle\wrapper\dists\gradle-2.14.1-all\8bnwg5hd3w55iofp58khbp6yv\gradle-2.14.1\lib\gradle-launcher-2.14.1.jar
Launcher Type: SUN_STANDARD

Environment Variables:
JAVA_HOME=C:\Program Files\Java\jdk1.8.0_144
CLASSPATH=.;
PATH=C:\Program Files\ImageMagick-6.9.9-Q8;C:\Python36\Scripts\;C:\Python36\;C:\Python27\;C:\Python27\Scripts;C:\Windows\system32;C:\Windows;C:\Windows\System32\Wbem;C:\Windows\System32\WindowsPowerShell\v1.0\;C:\Program Files (x86)\Sennheiser\SoftphoneSDK\;C:\ProgramData\chocolatey\bin;C:\Program Files\Git\cmd;C:\Program Files\Java\jdk1.8.0_144\bin;C:\Program Files\Amazon\AWSCLI\;C:\GE_POWER\sonar-scanner-3.0.3.778-windows\bin;C:\HashiCorp\Vagrant\bin;C:\opscode\chefdk\bin\;C:\Users\212634269\AppData\Local\Microsoft\WindowsApps;C:\Users\212634269\AppData\Local\atom\bin;C:\Users\212634269\AppData\Local\Continuum\anaconda2\Scripts
USERNAME=212634269
OS=Windows_NT
PROCESSOR_IDENTIFIER=Intel64 Family 6 Model 78 Stepping 3, GenuineIntel



---------------  S Y S T E M  ---------------

OS: Windows 10.0 , 64 bit Build 14393 (10.0.14393.1198)

CPU:total 4 (2 cores per cpu, 2 threads per core) family 6 model 78 stepping 3, cmov, cx8, fxsr, mmx, sse, sse2, sse3, ssse3, sse4.1, sse4.2, popcnt, avx, avx2, aes, clmul, erms, rtm, 3dnowpref, lzcnt, ht, tsc, tscinvbit, bmi1, bmi2, adx

Memory: 4k page, physical 8266320k(1273268k free), swap 12459600k(3320k free)

vm_info: OpenJDK 64-Bit Server VM (25.112-b06) for windows-amd64 JRE (1.8.0_112-release-b06), built on Dec  8 2016 00:54:26 by "builder" with MS VC++ 10.0 (VS2010)

time: Sat Feb 10 12:57:07 2018
elapsed time: 16 seconds (0d 0h 0m 16s)

