#
# There is insufficient memory for the Java Runtime Environment to continue.
# Native memory allocation (malloc) failed to allocate 47952 bytes for Chunk::new
# Possible reasons:
#   The system is out of physical RAM or swap space
#   In 32 bit mode, the process size limit was hit
# Possible solutions:
#   Reduce memory load on the system
#   Increase physical memory or swap space
#   Check if swap backing store is full
#   Use 64 bit Java on a 64 bit OS
#   Decrease Java heap size (-Xmx/-Xms)
#   Decrease number of Java threads
#   Decrease Java thread stack sizes (-Xss)
#   Set larger code cache with -XX:ReservedCodeCacheSize=
# This output file may be truncated or incomplete.
#
#  Out of Memory Error (allocation.cpp:390), pid=26648, tid=0x00000000000089b8
#
# JRE version: OpenJDK Runtime Environment (8.0_112-b06) (build 1.8.0_112-release-b06)
# Java VM: OpenJDK 64-Bit Server VM (25.112-b06 mixed mode windows-amd64 compressed oops)
# Failed to write core dump. Minidumps are not enabled by default on client versions of Windows
#

---------------  T H R E A D  ---------------

Current thread (0x0000000015980000):  JavaThread "C2 CompilerThread1" daemon [_thread_in_native, id=35256, stack(0x00000000170e0000,0x00000000171e0000)]

Stack: [0x00000000170e0000,0x00000000171e0000]
[error occurred during error reporting (printing stack bounds), id 0xc0000005]

Native frames: (J=compiled Java code, j=interpreted, Vv=VM code, C=native code)


Current CompileTask:
C2:   1930  557       4       java.lang.String::indexOf (166 bytes)


---------------  P R O C E S S  ---------------

Java Threads: ( => current thread )
  0x00000000176af000 JavaThread "pool-1-thread-1" [_thread_in_native, id=14580, stack(0x0000000017de0000,0x0000000017ee0000)]
  0x00000000172e5000 JavaThread "Service Thread" daemon [_thread_blocked, id=18700, stack(0x00000000176e0000,0x00000000177e0000)]
  0x00000000159d3000 JavaThread "C1 CompilerThread2" daemon [_thread_blocked, id=35404, stack(0x00000000171e0000,0x00000000172e0000)]
=>0x0000000015980000 JavaThread "C2 CompilerThread1" daemon [_thread_in_native, id=35256, stack(0x00000000170e0000,0x00000000171e0000)]
  0x000000001597c000 JavaThread "C2 CompilerThread0" daemon [_thread_blocked, id=684, stack(0x0000000016fe0000,0x00000000170e0000)]
  0x000000001597b000 JavaThread "Attach Listener" daemon [_thread_blocked, id=19508, stack(0x0000000016ee0000,0x0000000016fe0000)]
  0x0000000015979800 JavaThread "Signal Dispatcher" daemon [_thread_blocked, id=20520, stack(0x0000000016de0000,0x0000000016ee0000)]
  0x00000000032ab800 JavaThread "Finalizer" daemon [_thread_blocked, id=19868, stack(0x0000000016bf0000,0x0000000016cf0000)]
  0x00000000032a0800 JavaThread "Reference Handler" daemon [_thread_blocked, id=15792, stack(0x0000000016af0000,0x0000000016bf0000)]
  0x0000000002f7e000 JavaThread "main" [_thread_blocked, id=32936, stack(0x0000000002ff0000,0x00000000030f0000)]

Other Threads:
  0x0000000015946000 VMThread [stack: 0x00000000169f0000,0x0000000016af0000] [id=14040]
  0x00000000172e6800 WatcherThread [stack: 0x00000000177e0000,0x00000000178e0000] [id=11056]

VM state:not at safepoint (normal execution)

VM Mutex/Monitor currently owned by a thread: None

Heap:
 PSYoungGen      total 38400K, used 13350K [0x00000000eab00000, 0x00000000ed580000, 0x0000000100000000)
  eden space 33280K, 40% used [0x00000000eab00000,0x00000000eb809a48,0x00000000ecb80000)
  from space 5120K, 0% used [0x00000000ed080000,0x00000000ed080000,0x00000000ed580000)
  to   space 5120K, 0% used [0x00000000ecb80000,0x00000000ecb80000,0x00000000ed080000)
 ParOldGen       total 87552K, used 0K [0x00000000c0000000, 0x00000000c5580000, 0x00000000eab00000)
  object space 87552K, 0% used [0x00000000c0000000,0x00000000c0000000,0x00000000c5580000)
 Metaspace       used 5611K, capacity 6576K, committed 6784K, reserved 1056768K
  class space    used 590K, capacity 616K, committed 640K, reserved 1048576K

Card table byte_map: [0x0000000012670000,0x0000000012880000] byte_map_base: 0x0000000012070000

Marking Bits: (ParMarkBitMap*) 0x0000000068fd18f0
 Begin Bits: [0x0000000012de0000, 0x0000000013de0000)
 End Bits:   [0x0000000013de0000, 0x0000000014de0000)

Polling page: 0x0000000001790000

CodeCache: size=245760Kb used=2281Kb max_used=2281Kb free=243478Kb
 bounds [0x00000000032b0000, 0x0000000003520000, 0x00000000122b0000]
 total_blobs=842 nmethods=573 adapters=183
 compilation: enabled

Compilation events (10 events):
Event: 1.922 Thread 0x00000000159d3000 nmethod 562 0x00000000034e40d0 code [0x00000000034e4260, 0x00000000034e4678]
Event: 1.922 Thread 0x00000000159d3000  561       1       com.android.dx.dex.file.IdItem::getDefiningClass (5 bytes)
Event: 1.922 Thread 0x00000000159d3000 nmethod 561 0x00000000034e2710 code [0x00000000034e2860, 0x00000000034e2970]
Event: 1.922 Thread 0x00000000159d3000  564       3       com.android.dx.rop.type.Prototype::compareTo (120 bytes)
Event: 1.923 Thread 0x00000000159d3000 nmethod 564 0x00000000034e5710 code [0x00000000034e5920, 0x00000000034e67b8]
Event: 1.923 Thread 0x00000000159d3000  563       1       com.android.dx.dex.file.MemberIdItem::getRef (5 bytes)
Event: 1.923 Thread 0x00000000159d3000 nmethod 563 0x00000000034e2450 code [0x00000000034e25a0, 0x00000000034e26b0]
Event: 1.923 Thread 0x00000000159d3000  566       3       com.android.dx.dex.file.OffsettedItem::getAbsoluteOffset (29 bytes)
Event: 1.923 Thread 0x00000000159d3000 nmethod 566 0x00000000034e3b50 code [0x00000000034e3ce0, 0x00000000034e3fd8]
Event: 1.923 Thread 0x00000000159d3000  567       3       com.android.dx.dex.file.Section::getAbsoluteOffset (38 bytes)

GC Heap History (0 events):
No events

Deoptimization events (1 events):
Event: 0.704 Thread 0x0000000002f7e000 Uncommon trap: reason=unstable_if action=reinterpret pc=0x00000000033e7a54 method=java.lang.String.indexOf(II)I @ 49

Internal exceptions (2 events):
Event: 0.076 Thread 0x0000000002f7e000 Exception <a 'java/lang/NoSuchMethodError': Method sun.misc.Unsafe.defineClass(Ljava/lang/String;[BII)Ljava/lang/Class; name or signature does not match> (0x00000000eab07c78) thrown at [C:\src\android\AOSP-openjdk\external\jetbrains\jdk\hotspot\src\share\v‡$‹×d³?
Event: 0.076 Thread 0x0000000002f7e000 Exception <a 'java/lang/NoSuchMethodError': Method sun.misc.Unsafe.prefetchRead(Ljava/lang/Object;J)V name or signature does not match> (0x00000000eab07f60) thrown at [C:\src\android\AOSP-openjdk\external\jetbrains\jdk\hotspot\src\share\vm\prims\jni.cpp, l

Events (10 events):
Event: 1.911 loading class com/android/dx/dex/file/DebugInfoEncoder$2
Event: 1.911 loading class com/android/dx/dex/file/DebugInfoEncoder$2 done
Event: 1.912 loading class com/android/dex/EncodedValueCodec
Event: 1.912 loading class com/android/dex/EncodedValueCodec done
Event: 1.916 loading class com/android/dx/dex/file/MapItem
Event: 1.916 loading class com/android/dx/dex/file/MapItem done
Event: 1.918 loading class com/android/dx/dex/file/UniformListItem
Event: 1.918 loading class com/android/dx/dex/file/UniformListItem done
Event: 1.920 loading class com/android/dex/DexFormat
Event: 1.920 loading class com/android/dex/DexFormat done


Dynamic libraries:
0x00007ff7d0cc0000 - 0x00007ff7d0cf1000 	C:\Program Files\Android\Android Studio\jre\bin\java.exe
0x00007ffa7a380000 - 0x00007ffa7a552000 	C:\Windows\SYSTEM32\ntdll.dll
0x00007ffa78640000 - 0x00007ffa786ec000 	C:\Windows\System32\KERNEL32.DLL
0x00007ffa76d10000 - 0x00007ffa76f2d000 	C:\Windows\System32\KERNELBASE.dll
0x00007ffa788f0000 - 0x00007ffa78992000 	C:\Windows\System32\ADVAPI32.dll
0x00007ffa78530000 - 0x00007ffa785ce000 	C:\Windows\System32\msvcrt.dll
0x00007ffa7a1e0000 - 0x00007ffa7a239000 	C:\Windows\System32\sechost.dll
0x00007ffa789a0000 - 0x00007ffa78ac1000 	C:\Windows\System32\RPCRT4.dll
0x00007ffa7a070000 - 0x00007ffa7a1d5000 	C:\Windows\System32\USER32.dll
0x00007ffa76c00000 - 0x00007ffa76c1e000 	C:\Windows\System32\win32u.dll
0x00007ffa77a90000 - 0x00007ffa77ac4000 	C:\Windows\System32\GDI32.dll
0x00007ffa76f90000 - 0x00007ffa77110000 	C:\Windows\System32\gdi32full.dll
0x00007ffa691a0000 - 0x00007ffa6941a000 	C:\Windows\WinSxS\amd64_microsoft.windows.common-controls_6595b64144ccf1df_6.0.14393.953_none_42151e83c686086b\COMCTL32.dll
0x00007ffa781a0000 - 0x00007ffa78468000 	C:\Windows\System32\combase.dll
0x00007ffa76b00000 - 0x00007ffa76bf5000 	C:\Windows\System32\ucrtbase.dll
0x00007ffa77110000 - 0x00007ffa7717a000 	C:\Windows\System32\bcryptPrimitives.dll
0x00007ffa788b0000 - 0x00007ffa788de000 	C:\Windows\System32\IMM32.DLL
0x00007ffa5a430000 - 0x00007ffa5a4d7000 	C:\Program Files\McAfee\Host Intrusion Prevention\HcApi.dll
0x000000006b0e0000 - 0x000000006b0ec000 	C:\Program Files\McAfee\Host Intrusion Prevention\HcThe.dll
0x000000006a760000 - 0x000000006a832000 	C:\Program Files\Android\Android Studio\jre\jre\bin\msvcr100.dll
0x0000000068810000 - 0x000000006904c000 	C:\Program Files\Android\Android Studio\jre\jre\bin\server\jvm.dll
0x00007ffa77a80000 - 0x00007ffa77a88000 	C:\Windows\System32\PSAPI.DLL
0x00007ffa64bb0000 - 0x00007ffa64bb9000 	C:\Windows\SYSTEM32\WSOCK32.dll
0x00007ffa779b0000 - 0x00007ffa77a1a000 	C:\Windows\System32\WS2_32.dll
0x00007ffa74e00000 - 0x00007ffa74e23000 	C:\Windows\SYSTEM32\WINMM.dll
0x00007ffa73700000 - 0x00007ffa7370a000 	C:\Windows\SYSTEM32\VERSION.dll
0x00007ffa74da0000 - 0x00007ffa74dcb000 	C:\Windows\SYSTEM32\WINMMBASE.dll
0x00007ffa76cc0000 - 0x00007ffa76d02000 	C:\Windows\System32\cfgmgr32.dll
0x00007ffa63510000 - 0x00007ffa6351f000 	C:\Program Files\Android\Android Studio\jre\jre\bin\verify.dll
0x00007ffa50790000 - 0x00007ffa507b9000 	C:\Program Files\Android\Android Studio\jre\jre\bin\java.dll
0x00007ffa5a560000 - 0x00007ffa5a576000 	C:\Program Files\Android\Android Studio\jre\jre\bin\zip.dll
0x00007ffa78af0000 - 0x00007ffa79ff9000 	C:\Windows\System32\SHELL32.dll
0x00007ffa77180000 - 0x00007ffa77859000 	C:\Windows\System32\windows.storage.dll
0x00007ffa76820000 - 0x00007ffa7686c000 	C:\Windows\System32\powrprof.dll
0x00007ffa77a20000 - 0x00007ffa77a72000 	C:\Windows\System32\shlwapi.dll
0x00007ffa76810000 - 0x00007ffa7681f000 	C:\Windows\System32\kernel.appcore.dll
0x00007ffa76880000 - 0x00007ffa76929000 	C:\Windows\System32\shcore.dll
0x00007ffa767f0000 - 0x00007ffa76804000 	C:\Windows\System32\profapi.dll

VM Arguments:
jvm_args: -Djava.awt.headless=true -Xmx1024M -Dfile.encoding=windows-1252 -Duser.country=US -Duser.language=en -Duser.variant 
java_command: com.android.dx.command.Main --dex --num-threads=4 --multi-dex --output C:\GE_POWER\attendancematerial\app\build\intermediates\transforms\dex\debug\folders\1000\10\support-annotations-26.0.2_79fc482ad4f72944fafd7e6bff25c962620f73b5 C:\Users\212634269\.gradle\caches\modules-2\files-2.1\com.android.support\support-annotations\26.0.2\8b68a849722b44f584e2d68c451c5e3844c10380\support-annotations-26.0.2.jar
java_class_path (initial): C:\Users\212634269\AppData\Local\Android\sdk\build-tools\25.0.1\lib\dx.jar
Launcher Type: SUN_STANDARD

Environment Variables:
JAVA_HOME=C:\Program Files\Java\jdk1.8.0_144
CLASSPATH=.;
PATH=C:\Program Files\ImageMagick-6.9.9-Q8;C:\Python36\Scripts\;C:\Python36\;C:\Python27\;C:\Python27\Scripts;C:\Windows\system32;C:\Windows;C:\Windows\System32\Wbem;C:\Windows\System32\WindowsPowerShell\v1.0\;C:\Program Files (x86)\Sennheiser\SoftphoneSDK\;C:\ProgramData\chocolatey\bin;C:\Program Files\Git\cmd;C:\Program Files\Java\jdk1.8.0_144\bin;C:\Program Files\Amazon\AWSCLI\;C:\GE_POWER\sonar-scanner-3.0.3.778-windows\bin;C:\HashiCorp\Vagrant\bin;C:\opscode\chefdk\bin\;C:\Users\212634269\AppData\Local\Microsoft\WindowsApps;C:\Users\212634269\AppData\Local\atom\bin;C:\Users\212634269\AppData\Local\Continuum\anaconda2\Scripts
USERNAME=212634269
OS=Windows_NT
PROCESSOR_IDENTIFIER=Intel64 Family 6 Model 78 Stepping 3, GenuineIntel



---------------  S Y S T E M  ---------------

OS: Windows 10.0 , 64 bit Build 14393 (10.0.14393.1198)

CPU:total 4 (2 cores per cpu, 2 threads per core) family 6 model 78 stepping 3, cmov, cx8, fxsr, mmx, sse, sse2, sse3, ssse3, sse4.1, sse4.2, popcnt, avx, avx2, aes, clmul, erms, rtm, 3dnowpref, lzcnt, ht, tsc, tscinvbit, bmi1, bmi2, adx

Memory: 4k page, physical 8266320k(631960k free), swap 12459600k(225012k free)

vm_info: OpenJDK 64-Bit Server VM (25.112-b06) for windows-amd64 JRE (1.8.0_112-release-b06), built on Dec  8 2016 00:54:26 by "builder" with MS VC++ 10.0 (VS2010)

time: Sat Feb 10 13:01:01 2018
elapsed time: 1 seconds (0d 0h 0m 1s)

