#
# There is insufficient memory for the Java Runtime Environment to continue.
# Native memory allocation (malloc) failed to allocate 280656 bytes for Chunk::new
# Possible reasons:
#   The system is out of physical RAM or swap space
#   In 32 bit mode, the process size limit was hit
# Possible solutions:
#   Reduce memory load on the system
#   Increase physical memory or swap space
#   Check if swap backing store is full
#   Use 64 bit Java on a 64 bit OS
#   Decrease Java heap size (-Xmx/-Xms)
#   Decrease number of Java threads
#   Decrease Java thread stack sizes (-Xss)
#   Set larger code cache with -XX:ReservedCodeCacheSize=
# This output file may be truncated or incomplete.
#
#  Out of Memory Error (allocation.cpp:390), pid=28284, tid=0x0000000000008e9c
#
# JRE version: OpenJDK Runtime Environment (8.0_112-b06) (build 1.8.0_112-release-b06)
# Java VM: OpenJDK 64-Bit Server VM (25.112-b06 mixed mode windows-amd64 compressed oops)
# Failed to write core dump. Minidumps are not enabled by default on client versions of Windows
#

---------------  T H R E A D  ---------------

Current thread (0x00000000150fb000):  JavaThread "C2 CompilerThread0" daemon [_thread_in_native, id=36508, stack(0x0000000016750000,0x0000000016850000)]

Stack: [0x0000000016750000,0x0000000016850000]
[error occurred during error reporting (printing stack bounds), id 0xc0000005]

Native frames: (J=compiled Java code, j=interpreted, Vv=VM code, C=native code)


Current CompileTask:
C2:   1244 1220   !   4       com.android.dx.cf.code.BytecodeArray::parseInstruction (2764 bytes)


---------------  P R O C E S S  ---------------

Java Threads: ( => current thread )
  0x0000000016bd4000 JavaThread "pool-2-thread-4" [_thread_in_Java, id=4480, stack(0x0000000017450000,0x0000000017550000)]
  0x0000000016bd3800 JavaThread "pool-2-thread-3" [_thread_in_vm, id=25172, stack(0x0000000017350000,0x0000000017450000)]
  0x0000000016bbd000 JavaThread "pool-2-thread-2" [_thread_in_Java, id=6792, stack(0x0000000017250000,0x0000000017350000)]
  0x0000000016ba8000 JavaThread "pool-3-thread-1" [_thread_blocked, id=20628, stack(0x0000000017150000,0x0000000017250000)]
  0x0000000016bab000 JavaThread "pool-2-thread-1" [_thread_in_Java, id=23732, stack(0x0000000017050000,0x0000000017150000)]
  0x000000001695b800 JavaThread "Service Thread" daemon [_thread_blocked, id=26888, stack(0x0000000016e50000,0x0000000016f50000)]
  0x0000000016958800 JavaThread "C1 CompilerThread2" daemon [_thread_blocked, id=36536, stack(0x0000000016d50000,0x0000000016e50000)]
  0x00000000150ff000 JavaThread "C2 CompilerThread1" daemon [_thread_in_native, id=28620, stack(0x0000000016850000,0x0000000016950000)]
=>0x00000000150fb000 JavaThread "C2 CompilerThread0" daemon [_thread_in_native, id=36508, stack(0x0000000016750000,0x0000000016850000)]
  0x00000000150fa000 JavaThread "Attach Listener" daemon [_thread_blocked, id=36716, stack(0x0000000016650000,0x0000000016750000)]
  0x00000000150f9000 JavaThread "Signal Dispatcher" daemon [_thread_blocked, id=30800, stack(0x0000000016550000,0x0000000016650000)]
  0x0000000002a25800 JavaThread "Finalizer" daemon [_thread_blocked, id=37464, stack(0x0000000016360000,0x0000000016460000)]
  0x0000000002a20800 JavaThread "Reference Handler" daemon [_thread_blocked, id=16972, stack(0x0000000016260000,0x0000000016360000)]
  0x00000000028fe000 JavaThread "main" [_thread_in_Java, id=36924, stack(0x00000000027e0000,0x00000000028e0000)]

Other Threads:
  0x00000000150c6000 VMThread [stack: 0x0000000016160000,0x0000000016260000] [id=8580]
  0x000000001695d000 WatcherThread [stack: 0x0000000016f50000,0x0000000017050000] [id=8204]

VM state:not at safepoint (normal execution)

VM Mutex/Monitor currently owned by a thread: None

Heap:
 PSYoungGen      total 38400K, used 33280K [0x00000000eab00000, 0x00000000ed580000, 0x0000000100000000)
  eden space 33280K, 100% used [0x00000000eab00000,0x00000000ecb80000,0x00000000ecb80000)
  from space 5120K, 0% used [0x00000000ed080000,0x00000000ed080000,0x00000000ed580000)
  to   space 5120K, 0% used [0x00000000ecb80000,0x00000000ecb80000,0x00000000ed080000)
 ParOldGen       total 87552K, used 0K [0x00000000c0000000, 0x00000000c5580000, 0x00000000eab00000)
  object space 87552K, 0% used [0x00000000c0000000,0x00000000c0000000,0x00000000c5580000)
 Metaspace       used 5846K, capacity 6960K, committed 7040K, reserved 1056768K
  class space    used 566K, capacity 616K, committed 640K, reserved 1048576K

Card table byte_map: [0x0000000011df0000,0x0000000012000000] byte_map_base: 0x00000000117f0000

Marking Bits: (ParMarkBitMap*) 0x0000000068fd18f0
 Begin Bits: [0x0000000012560000, 0x0000000013560000)
 End Bits:   [0x0000000013560000, 0x0000000014560000)

Polling page: 0x0000000001000000

CodeCache: size=245760Kb used=5082Kb max_used=5082Kb free=240677Kb
 bounds [0x0000000002a30000, 0x0000000002f30000, 0x0000000011a30000]
 total_blobs=1527 nmethods=1265 adapters=176
 compilation: enabled

Compilation events (10 events):
Event: 1.227 Thread 0x0000000016958800 1267       3       com.android.dx.cf.code.LocalVariableList$Item::getLocalItem (12 bytes)
Event: 1.228 Thread 0x0000000016958800 nmethod 1267 0x0000000002f29190 code [0x0000000002f29300, 0x0000000002f29670]
Event: 1.228 Thread 0x0000000016958800 1268       3       com.android.dx.rop.code.LocalItem::make (20 bytes)
Event: 1.228 Thread 0x0000000016958800 nmethod 1268 0x0000000002f297d0 code [0x0000000002f29940, 0x0000000002f29c30]
Event: 1.230 Thread 0x0000000016958800 1269       3       com.android.dx.rop.code.LocalItem::<init> (15 bytes)
Event: 1.230 Thread 0x0000000016958800 nmethod 1269 0x0000000002f29d50 code [0x0000000002f29ea0, 0x0000000002f2a070]
Event: 1.232 Thread 0x0000000016958800 1270       3       java.util.HashMap$HashIterator::<init> (79 bytes)
Event: 1.232 Thread 0x0000000016958800 nmethod 1270 0x0000000002f2a110 code [0x0000000002f2a280, 0x0000000002f2a610]
Event: 1.233 Thread 0x0000000016958800 1271       3       com.android.dx.dex.file.StringIdsSection::intern (13 bytes)
Event: 1.233 Thread 0x0000000016958800 nmethod 1271 0x0000000002f2a790 code [0x0000000002f2a940, 0x0000000002f2ae58]

GC Heap History (0 events):
No events

Deoptimization events (10 events):
Event: 1.052 Thread 0x0000000016bbd000 Uncommon trap: reason=unstable_if action=reinterpret pc=0x0000000002d1255c method=com.android.dx.rop.cst.Constant.compareTo(Lcom/android/dx/rop/cst/Constant;)I @ 12
Event: 1.143 Thread 0x00000000028fe000 Uncommon trap: reason=unloaded action=reinterpret pc=0x0000000002ec66c8 method=com.android.dx.cf.cst.ConstantPoolParser.parse0(ILjava/util/BitSet;)Lcom/android/dx/rop/cst/Constant; @ 198
Event: 1.147 Thread 0x00000000028fe000 Uncommon trap: reason=bimorphic action=maybe_recompile pc=0x0000000002cb8888 method=java.util.HashMap.getNode(ILjava/lang/Object;)Ljava/util/HashMap$Node; @ 126
Event: 1.147 Thread 0x00000000028fe000 Uncommon trap: reason=class_check action=maybe_recompile pc=0x0000000002e25654 method=java.util.HashMap.putVal(ILjava/lang/Object;Ljava/lang/Object;ZZ)Ljava/lang/Object; @ 203
Event: 1.147 Thread 0x00000000028fe000 Uncommon trap: reason=bimorphic action=maybe_recompile pc=0x0000000002cb8888 method=java.util.HashMap.getNode(ILjava/lang/Object;)Ljava/util/HashMap$Node; @ 126
Event: 1.147 Thread 0x00000000028fe000 Uncommon trap: reason=class_check action=maybe_recompile pc=0x0000000002e25654 method=java.util.HashMap.putVal(ILjava/lang/Object;Ljava/lang/Object;ZZ)Ljava/lang/Object; @ 203
Event: 1.147 Thread 0x00000000028fe000 Uncommon trap: reason=bimorphic action=maybe_recompile pc=0x0000000002cb8888 method=java.util.HashMap.getNode(ILjava/lang/Object;)Ljava/util/HashMap$Node; @ 126
Event: 1.147 Thread 0x00000000028fe000 Uncommon trap: reason=class_check action=maybe_recompile pc=0x0000000002e25654 method=java.util.HashMap.putVal(ILjava/lang/Object;Ljava/lang/Object;ZZ)Ljava/lang/Object; @ 203
Event: 1.151 Thread 0x00000000028fe000 Uncommon trap: reason=unstable_if action=reinterpret pc=0x0000000002d40b2c method=com.android.dx.rop.code.RegisterSpecSet.put(Lcom/android/dx/rop/code/RegisterSpec;)V @ 77
Event: 1.151 Thread 0x00000000028fe000 Uncommon trap: reason=unstable_if action=reinterpret pc=0x0000000002d37120 method=com.android.dx.rop.code.RegisterSpecSet.put(Lcom/android/dx/rop/code/RegisterSpec;)V @ 77

Internal exceptions (2 events):
Event: 0.086 Thread 0x00000000028fe000 Exception <a 'java/lang/NoSuchMethodError': Method sun.misc.Unsafe.defineClass(Ljava/lang/String;[BII)Ljava/lang/Class; name or signature does not match> (0x00000000eab07c78) thrown at [C:\src\android\AOSP-openjdk\external\jetbrains\jdk\hotspot\src\share\vm
Event: 0.086 Thread 0x00000000028fe000 Exception <a 'java/lang/NoSuchMethodError': Method sun.misc.Unsafe.prefetchRead(Ljava/lang/Object;J)V name or signature does not match> (0x00000000eab07f60) thrown at [C:\src\android\AOSP-openjdk\external\jetbrains\jdk\hotspot\src\share\vm\prims\jni.cpp, l

Events (10 events):
Event: 1.147 Thread 0x00000000028fe000 DEOPT UNPACKING pc=0x0000000002a7556a sp=0x00000000028de0e0 mode 2
Event: 1.147 Thread 0x00000000028fe000 Uncommon trap: trap_request=0xffffffde fr.pc=0x0000000002e25654
Event: 1.147 Thread 0x00000000028fe000 DEOPT PACKING pc=0x0000000002e25654 sp=0x00000000028de0e0
Event: 1.147 Thread 0x00000000028fe000 DEOPT UNPACKING pc=0x0000000002a7556a sp=0x00000000028de068 mode 2
Event: 1.151 Thread 0x00000000028fe000 Uncommon trap: trap_request=0xffffff65 fr.pc=0x0000000002d40b2c
Event: 1.151 Thread 0x00000000028fe000 DEOPT PACKING pc=0x0000000002d40b2c sp=0x00000000028de150
Event: 1.151 Thread 0x00000000028fe000 DEOPT UNPACKING pc=0x0000000002a7556a sp=0x00000000028de0d8 mode 2
Event: 1.151 Thread 0x00000000028fe000 Uncommon trap: trap_request=0xffffff65 fr.pc=0x0000000002d37120
Event: 1.151 Thread 0x00000000028fe000 DEOPT PACKING pc=0x0000000002d37120 sp=0x00000000028de140
Event: 1.151 Thread 0x00000000028fe000 DEOPT UNPACKING pc=0x0000000002a7556a sp=0x00000000028de060 mode 2


Dynamic libraries:
0x00007ff7d0cc0000 - 0x00007ff7d0cf1000 	C:\Program Files\Android\Android Studio\jre\bin\java.exe
0x00007ffa7a380000 - 0x00007ffa7a552000 	C:\Windows\SYSTEM32\ntdll.dll
0x00007ffa78640000 - 0x00007ffa786ec000 	C:\Windows\System32\KERNEL32.DLL
0x00007ffa76d10000 - 0x00007ffa76f2d000 	C:\Windows\System32\KERNELBASE.dll
0x00007ffa788f0000 - 0x00007ffa78992000 	C:\Windows\System32\ADVAPI32.dll
0x00007ffa78530000 - 0x00007ffa785ce000 	C:\Windows\System32\msvcrt.dll
0x00007ffa7a1e0000 - 0x00007ffa7a239000 	C:\Windows\System32\sechost.dll
0x00007ffa789a0000 - 0x00007ffa78ac1000 	C:\Windows\System32\RPCRT4.dll
0x00007ffa7a070000 - 0x00007ffa7a1d5000 	C:\Windows\System32\USER32.dll
0x00007ffa76c00000 - 0x00007ffa76c1e000 	C:\Windows\System32\win32u.dll
0x00007ffa77a90000 - 0x00007ffa77ac4000 	C:\Windows\System32\GDI32.dll
0x00007ffa76f90000 - 0x00007ffa77110000 	C:\Windows\System32\gdi32full.dll
0x00007ffa691a0000 - 0x00007ffa6941a000 	C:\Windows\WinSxS\amd64_microsoft.windows.common-controls_6595b64144ccf1df_6.0.14393.953_none_42151e83c686086b\COMCTL32.dll
0x00007ffa781a0000 - 0x00007ffa78468000 	C:\Windows\System32\combase.dll
0x00007ffa76b00000 - 0x00007ffa76bf5000 	C:\Windows\System32\ucrtbase.dll
0x00007ffa77110000 - 0x00007ffa7717a000 	C:\Windows\System32\bcryptPrimitives.dll
0x00007ffa788b0000 - 0x00007ffa788de000 	C:\Windows\System32\IMM32.DLL
0x00007ffa5a430000 - 0x00007ffa5a4d7000 	C:\Program Files\McAfee\Host Intrusion Prevention\HcApi.dll
0x000000006b0e0000 - 0x000000006b0ec000 	C:\Program Files\McAfee\Host Intrusion Prevention\HcThe.dll
0x000000006a760000 - 0x000000006a832000 	C:\Program Files\Android\Android Studio\jre\jre\bin\msvcr100.dll
0x0000000068810000 - 0x000000006904c000 	C:\Program Files\Android\Android Studio\jre\jre\bin\server\jvm.dll
0x00007ffa77a80000 - 0x00007ffa77a88000 	C:\Windows\System32\PSAPI.DLL
0x00007ffa64bb0000 - 0x00007ffa64bb9000 	C:\Windows\SYSTEM32\WSOCK32.dll
0x00007ffa779b0000 - 0x00007ffa77a1a000 	C:\Windows\System32\WS2_32.dll
0x00007ffa74e00000 - 0x00007ffa74e23000 	C:\Windows\SYSTEM32\WINMM.dll
0x00007ffa73700000 - 0x00007ffa7370a000 	C:\Windows\SYSTEM32\VERSION.dll
0x00007ffa74da0000 - 0x00007ffa74dcb000 	C:\Windows\SYSTEM32\WINMMBASE.dll
0x00007ffa76cc0000 - 0x00007ffa76d02000 	C:\Windows\System32\cfgmgr32.dll
0x00007ffa63510000 - 0x00007ffa6351f000 	C:\Program Files\Android\Android Studio\jre\jre\bin\verify.dll
0x00007ffa50790000 - 0x00007ffa507b9000 	C:\Program Files\Android\Android Studio\jre\jre\bin\java.dll
0x00007ffa5a560000 - 0x00007ffa5a576000 	C:\Program Files\Android\Android Studio\jre\jre\bin\zip.dll
0x00007ffa78af0000 - 0x00007ffa79ff9000 	C:\Windows\System32\SHELL32.dll
0x00007ffa77180000 - 0x00007ffa77859000 	C:\Windows\System32\windows.storage.dll
0x00007ffa76820000 - 0x00007ffa7686c000 	C:\Windows\System32\powrprof.dll
0x00007ffa77a20000 - 0x00007ffa77a72000 	C:\Windows\System32\shlwapi.dll
0x00007ffa76810000 - 0x00007ffa7681f000 	C:\Windows\System32\kernel.appcore.dll
0x00007ffa76880000 - 0x00007ffa76929000 	C:\Windows\System32\shcore.dll
0x00007ffa767f0000 - 0x00007ffa76804000 	C:\Windows\System32\profapi.dll

VM Arguments:
jvm_args: -Djava.awt.headless=true -Xmx1024M -Dfile.encoding=windows-1252 -Duser.country=US -Duser.language=en -Duser.variant 
java_command: com.android.dx.command.Main --dex --num-threads=4 --multi-dex --output C:\GE_POWER\attendancematerial\app\build\intermediates\transforms\dex\debug\folders\1000\10\com.android.support-support-core-ui-25.4.0_b4e73c11aa6f050e8967b64e4effd0a5003d86a0 C:\GE_POWER\attendancematerial\app\build\intermediates\exploded-aar\com.android.support\support-core-ui\25.4.0\jars\classes.jar
java_class_path (initial): C:\Users\212634269\AppData\Local\Android\sdk\build-tools\25.0.1\lib\dx.jar
Launcher Type: SUN_STANDARD

Environment Variables:
JAVA_HOME=C:\Program Files\Java\jdk1.8.0_144
CLASSPATH=.;
PATH=C:\Program Files\ImageMagick-6.9.9-Q8;C:\Python36\Scripts\;C:\Python36\;C:\Python27\;C:\Python27\Scripts;C:\Windows\system32;C:\Windows;C:\Windows\System32\Wbem;C:\Windows\System32\WindowsPowerShell\v1.0\;C:\Program Files (x86)\Sennheiser\SoftphoneSDK\;C:\ProgramData\chocolatey\bin;C:\Program Files\Git\cmd;C:\Program Files\Java\jdk1.8.0_144\bin;C:\Program Files\Amazon\AWSCLI\;C:\GE_POWER\sonar-scanner-3.0.3.778-windows\bin;C:\HashiCorp\Vagrant\bin;C:\opscode\chefdk\bin\;C:\Users\212634269\AppData\Local\Microsoft\WindowsApps;C:\Users\212634269\AppData\Local\atom\bin;C:\Users\212634269\AppData\Local\Continuum\anaconda2\Scripts
USERNAME=212634269
OS=Windows_NT
PROCESSOR_IDENTIFIER=Intel64 Family 6 Model 78 Stepping 3, GenuineIntel



---------------  S Y S T E M  ---------------

OS: Windows 10.0 , 64 bit Build 14393 (10.0.14393.1198)

CPU:total 4 (2 cores per cpu, 2 threads per core) family 6 model 78 stepping 3, cmov, cx8, fxsr, mmx, sse, sse2, sse3, ssse3, sse4.1, sse4.2, popcnt, avx, avx2, aes, clmul, erms, rtm, 3dnowpref, lzcnt, ht, tsc, tscinvbit, bmi1, bmi2, adx

Memory: 4k page, physical 8266320k(496076k free), swap 12459600k(4440k free)

vm_info: OpenJDK 64-Bit Server VM (25.112-b06) for windows-amd64 JRE (1.8.0_112-release-b06), built on Dec  8 2016 00:54:26 by "builder" with MS VC++ 10.0 (VS2010)

time: Sat Feb 10 13:00:07 2018
elapsed time: 1 seconds (0d 0h 0m 1s)

