#
# There is insufficient memory for the Java Runtime Environment to continue.
# Native memory allocation (malloc) failed to allocate 16384 bytes for AllocateHeap
# Possible reasons:
#   The system is out of physical RAM or swap space
#   In 32 bit mode, the process size limit was hit
# Possible solutions:
#   Reduce memory load on the system
#   Increase physical memory or swap space
#   Check if swap backing store is full
#   Use 64 bit Java on a 64 bit OS
#   Decrease Java heap size (-Xmx/-Xms)
#   Decrease number of Java threads
#   Decrease Java thread stack sizes (-Xss)
#   Set larger code cache with -XX:ReservedCodeCacheSize=
# This output file may be truncated or incomplete.
#
#  Out of Memory Error (memory/allocation.inline.hpp:61), pid=11588, tid=0x00000000000066ec
#
# JRE version: OpenJDK Runtime Environment (8.0_112-b06) (build 1.8.0_112-release-b06)
# Java VM: OpenJDK 64-Bit Server VM (25.112-b06 mixed mode windows-amd64 compressed oops)
# Failed to write core dump. Minidumps are not enabled by default on client versions of Windows
#

---------------  T H R E A D  ---------------

Current thread (0x0000000002c9e000):  JavaThread "main" [_thread_in_vm, id=26348, stack(0x0000000002e60000,0x0000000002f60000)]

Stack: [0x0000000002e60000,0x0000000002f60000]
[error occurred during error reporting (printing stack bounds), id 0xc0000005]

Native frames: (J=compiled Java code, j=interpreted, Vv=VM code, C=native code)

Java frames: (J=compiled Java code, j=interpreted, Vv=VM code)
j  sun.misc.Resource.getByteBuffer()Ljava/nio/ByteBuffer;+6
j  java.net.URLClassLoader.defineClass(Ljava/lang/String;Lsun/misc/Resource;)Ljava/lang/Class;+50
j  java.net.URLClassLoader.access$100(Ljava/net/URLClassLoader;Ljava/lang/String;Lsun/misc/Resource;)Ljava/lang/Class;+3
j  java.net.URLClassLoader$1.run()Ljava/lang/Class;+43
j  java.net.URLClassLoader$1.run()Ljava/lang/Object;+1
v  ~StubRoutines::call_stub
j  java.security.AccessController.doPrivileged(Ljava/security/PrivilegedExceptionAction;Ljava/security/AccessControlContext;)Ljava/lang/Object;+0
j  java.net.URLClassLoader.findClass(Ljava/lang/String;)Ljava/lang/Class;+13
j  java.lang.ClassLoader.loadClass(Ljava/lang/String;Z)Ljava/lang/Class;+70
j  sun.misc.Launcher$AppClassLoader.loadClass(Ljava/lang/String;Z)Ljava/lang/Class;+81
j  java.lang.ClassLoader.loadClass(Ljava/lang/String;)Ljava/lang/Class;+3
j  sun.launcher.LauncherHelper.checkAndLoadMain(ZILjava/lang/String;)Ljava/lang/Class;+93
v  ~StubRoutines::call_stub

---------------  P R O C E S S  ---------------

Java Threads: ( => current thread )
  0x000000001707c000 JavaThread "Service Thread" daemon [_thread_blocked, id=32588, stack(0x0000000017470000,0x0000000017570000)]
  0x000000001578e000 JavaThread "C1 CompilerThread2" daemon [_thread_blocked, id=32476, stack(0x0000000016f70000,0x0000000017070000)]
  0x000000001577e000 JavaThread "C2 CompilerThread1" daemon [_thread_blocked, id=30476, stack(0x0000000016e70000,0x0000000016f70000)]
  0x000000001572c000 JavaThread "C2 CompilerThread0" daemon [_thread_blocked, id=15640, stack(0x0000000016d70000,0x0000000016e70000)]
  0x000000001572b000 JavaThread "Attach Listener" daemon [_thread_blocked, id=13144, stack(0x0000000016c70000,0x0000000016d70000)]
  0x000000001572a000 JavaThread "Signal Dispatcher" daemon [_thread_blocked, id=19300, stack(0x0000000016b70000,0x0000000016c70000)]
  0x0000000003056800 JavaThread "Finalizer" daemon [_thread_blocked, id=19188, stack(0x0000000016980000,0x0000000016a80000)]
  0x0000000003051800 JavaThread "Reference Handler" daemon [_thread_blocked, id=23388, stack(0x0000000016880000,0x0000000016980000)]
=>0x0000000002c9e000 JavaThread "main" [_thread_in_vm, id=26348, stack(0x0000000002e60000,0x0000000002f60000)]

Other Threads:
  0x00000000156f6000 VMThread [stack: 0x0000000016780000,0x0000000016880000] [id=35912]
  0x000000001707d000 WatcherThread [stack: 0x0000000017570000,0x0000000017670000] [id=27728]

VM state:not at safepoint (normal execution)

VM Mutex/Monitor currently owned by a thread:  ([mutex/lock_event])
[0x0000000002c9cb00] SystemDictionary_lock - owner thread: 0x0000000002c9e000
[0x0000000002f601d0] Compile_lock - owner thread: 0x0000000002c9e000

Heap:
 PSYoungGen      total 38400K, used 1331K [0x00000000eab00000, 0x00000000ed580000, 0x0000000100000000)
  eden space 33280K, 4% used [0x00000000eab00000,0x00000000eac4cce8,0x00000000ecb80000)
  from space 5120K, 0% used [0x00000000ed080000,0x00000000ed080000,0x00000000ed580000)
  to   space 5120K, 0% used [0x00000000ecb80000,0x00000000ecb80000,0x00000000ed080000)
 ParOldGen       total 87552K, used 0K [0x00000000c0000000, 0x00000000c5580000, 0x00000000eab00000)
  object space 87552K, 0% used [0x00000000c0000000,0x00000000c0000000,0x00000000c5580000)
 Metaspace       used 2579K, capacity 4480K, committed 4480K, reserved 1056768K
  class space    used 272K, capacity 384K, committed 384K, reserved 1048576K

Card table byte_map: [0x0000000012420000,0x0000000012630000] byte_map_base: 0x0000000011e20000

Marking Bits: (ParMarkBitMap*) 0x0000000068fd18f0
 Begin Bits: [0x0000000012b90000, 0x0000000013b90000)
 End Bits:   [0x0000000013b90000, 0x0000000014b90000)

Polling page: 0x0000000002c80000

CodeCache: size=245760Kb used=1101Kb max_used=1106Kb free=244658Kb
 bounds [0x0000000003060000, 0x00000000032d0000, 0x0000000012060000]
 total_blobs=255 nmethods=23 adapters=147
 compilation: enabled

Compilation events (10 events):
Event: 0.156 Thread 0x000000001578e000   17       3       java.lang.String::getChars (62 bytes)
Event: 0.156 Thread 0x000000001578e000 nmethod 17 0x0000000003170810 code [0x00000000031709c0, 0x0000000003170df8]
Event: 0.158 Thread 0x000000001578e000   20       3       java.lang.String::equals (81 bytes)
Event: 0.158 Thread 0x000000001577e000   21       4       java.lang.String::charAt (29 bytes)
Event: 0.159 Thread 0x000000001578e000 nmethod 20 0x0000000003171010 code [0x00000000031711a0, 0x00000000031716f0]
Event: 0.159 Thread 0x000000001577e000 nmethod 21 0x0000000003174590 code [0x00000000031746e0, 0x0000000003174798]
Event: 0.166 Thread 0x000000001578e000   22       3       java.util.jar.Attributes$Name::isValid (32 bytes)
Event: 0.167 Thread 0x000000001578e000 nmethod 22 0x00000000031732d0 code [0x0000000003173440, 0x00000000031738d0]
Event: 0.167 Thread 0x000000001578e000   23       3       java.util.jar.Attributes$Name::isAlpha (30 bytes)
Event: 0.167 Thread 0x000000001578e000 nmethod 23 0x0000000003172cd0 code [0x0000000003172e20, 0x0000000003173050]

GC Heap History (0 events):
No events

Deoptimization events (0 events):
No events

Internal exceptions (2 events):
Event: 0.070 Thread 0x0000000002c9e000 Exception <a 'java/lang/NoSuchMethodError': Method sun.misc.Unsafe.defineClass(Ljava/lang/String;[BII)Ljava/lang/Class; name or signature does not match> (0x00000000eab07c78) thrown at [C:\src\android\AOSP-openjdk\external\jetbrains\jdk\hotspot\src\share\vÖv±¾ÂÛ±?
Event: 0.070 Thread 0x0000000002c9e000 Exception <a 'java/lang/NoSuchMethodError': Method sun.misc.Unsafe.prefetchRead(Ljava/lang/Object;J)V name or signature does not match> (0x00000000eab07f60) thrown at [C:\src\android\AOSP-openjdk\external\jetbrains\jdk\hotspot\src\share\vm\prims\jni.cpp, l

Events (10 events):
Event: 0.167 loading class java/io/ByteArrayOutputStream
Event: 0.167 loading class java/io/ByteArrayOutputStream done
Event: 0.167 loading class java/lang/Package
Event: 0.167 loading class java/lang/Package done
Event: 0.168 loading class sun/security/util/SignatureFileVerifier
Event: 0.168 loading class sun/security/util/SignatureFileVerifier done
Event: 0.168 loading class sun/security/util/ManifestEntryVerifier
Event: 0.168 loading class sun/security/util/ManifestEntryVerifier done
Event: 0.168 loading class sun/nio/ByteBuffered
Event: 0.168 loading class sun/nio/ByteBuffered done


Dynamic libraries:
0x00007ff7d0cc0000 - 0x00007ff7d0cf1000 	C:\Program Files\Android\Android Studio\jre\bin\java.exe
0x00007ffa7a380000 - 0x00007ffa7a552000 	C:\Windows\SYSTEM32\ntdll.dll
0x00007ffa78640000 - 0x00007ffa786ec000 	C:\Windows\System32\KERNEL32.DLL
0x00007ffa76d10000 - 0x00007ffa76f2d000 	C:\Windows\System32\KERNELBASE.dll
0x00007ffa788f0000 - 0x00007ffa78992000 	C:\Windows\System32\ADVAPI32.dll
0x00007ffa78530000 - 0x00007ffa785ce000 	C:\Windows\System32\msvcrt.dll
0x00007ffa7a1e0000 - 0x00007ffa7a239000 	C:\Windows\System32\sechost.dll
0x00007ffa789a0000 - 0x00007ffa78ac1000 	C:\Windows\System32\RPCRT4.dll
0x00007ffa7a070000 - 0x00007ffa7a1d5000 	C:\Windows\System32\USER32.dll
0x00007ffa76c00000 - 0x00007ffa76c1e000 	C:\Windows\System32\win32u.dll
0x00007ffa77a90000 - 0x00007ffa77ac4000 	C:\Windows\System32\GDI32.dll
0x00007ffa76f90000 - 0x00007ffa77110000 	C:\Windows\System32\gdi32full.dll
0x00007ffa691a0000 - 0x00007ffa6941a000 	C:\Windows\WinSxS\amd64_microsoft.windows.common-controls_6595b64144ccf1df_6.0.14393.953_none_42151e83c686086b\COMCTL32.dll
0x00007ffa781a0000 - 0x00007ffa78468000 	C:\Windows\System32\combase.dll
0x00007ffa76b00000 - 0x00007ffa76bf5000 	C:\Windows\System32\ucrtbase.dll
0x00007ffa77110000 - 0x00007ffa7717a000 	C:\Windows\System32\bcryptPrimitives.dll
0x00007ffa788b0000 - 0x00007ffa788de000 	C:\Windows\System32\IMM32.DLL
0x00007ffa5a430000 - 0x00007ffa5a4d7000 	C:\Program Files\McAfee\Host Intrusion Prevention\HcApi.dll
0x000000006b0e0000 - 0x000000006b0ec000 	C:\Program Files\McAfee\Host Intrusion Prevention\HcThe.dll
0x000000006a760000 - 0x000000006a832000 	C:\Program Files\Android\Android Studio\jre\jre\bin\msvcr100.dll
0x0000000068810000 - 0x000000006904c000 	C:\Program Files\Android\Android Studio\jre\jre\bin\server\jvm.dll
0x00007ffa77a80000 - 0x00007ffa77a88000 	C:\Windows\System32\PSAPI.DLL
0x00007ffa64bb0000 - 0x00007ffa64bb9000 	C:\Windows\SYSTEM32\WSOCK32.dll
0x00007ffa74e00000 - 0x00007ffa74e23000 	C:\Windows\SYSTEM32\WINMM.dll
0x00007ffa73700000 - 0x00007ffa7370a000 	C:\Windows\SYSTEM32\VERSION.dll
0x00007ffa779b0000 - 0x00007ffa77a1a000 	C:\Windows\System32\WS2_32.dll
0x0000000002c30000 - 0x0000000002c5b000 	C:\Windows\SYSTEM32\WINMMBASE.dll
0x00007ffa76cc0000 - 0x00007ffa76d02000 	C:\Windows\System32\cfgmgr32.dll
0x00007ffa63510000 - 0x00007ffa6351f000 	C:\Program Files\Android\Android Studio\jre\jre\bin\verify.dll
0x00007ffa50790000 - 0x00007ffa507b9000 	C:\Program Files\Android\Android Studio\jre\jre\bin\java.dll
0x00007ffa5a560000 - 0x00007ffa5a576000 	C:\Program Files\Android\Android Studio\jre\jre\bin\zip.dll
0x00007ffa78af0000 - 0x00007ffa79ff9000 	C:\Windows\System32\SHELL32.dll
0x00007ffa77180000 - 0x00007ffa77859000 	C:\Windows\System32\windows.storage.dll
0x00007ffa76820000 - 0x00007ffa7686c000 	C:\Windows\System32\powrprof.dll
0x00007ffa77a20000 - 0x00007ffa77a72000 	C:\Windows\System32\shlwapi.dll
0x00007ffa76810000 - 0x00007ffa7681f000 	C:\Windows\System32\kernel.appcore.dll
0x00007ffa76880000 - 0x00007ffa76929000 	C:\Windows\System32\shcore.dll
0x00007ffa767f0000 - 0x00007ffa76804000 	C:\Windows\System32\profapi.dll

VM Arguments:
jvm_args: -Djava.awt.headless=true -Xmx1024M -Dfile.encoding=windows-1252 -Duser.country=US -Duser.language=en -Duser.variant 
java_command: com.android.dx.command.Main --dex --num-threads=4 --multi-dex --output C:\GE_POWER\attendancematerial\app\build\intermediates\transforms\dex\debug\folders\1000\10\com.android.support-support-v4-25.4.0_eedc5b29a8381535dd03a99c342c800045789f3a C:\GE_POWER\attendancematerial\app\build\intermediates\exploded-aar\com.android.support\support-v4\25.4.0\jars\classes.jar
java_class_path (initial): C:\Users\212634269\AppData\Local\Android\sdk\build-tools\25.0.1\lib\dx.jar
Launcher Type: SUN_STANDARD

Environment Variables:
JAVA_HOME=C:\Program Files\Java\jdk1.8.0_144
CLASSPATH=.;
PATH=C:\Program Files\ImageMagick-6.9.9-Q8;C:\Python36\Scripts\;C:\Python36\;C:\Python27\;C:\Python27\Scripts;C:\Windows\system32;C:\Windows;C:\Windows\System32\Wbem;C:\Windows\System32\WindowsPowerShell\v1.0\;C:\Program Files (x86)\Sennheiser\SoftphoneSDK\;C:\ProgramData\chocolatey\bin;C:\Program Files\Git\cmd;C:\Program Files\Java\jdk1.8.0_144\bin;C:\Program Files\Amazon\AWSCLI\;C:\GE_POWER\sonar-scanner-3.0.3.778-windows\bin;C:\HashiCorp\Vagrant\bin;C:\opscode\chefdk\bin\;C:\Users\212634269\AppData\Local\Microsoft\WindowsApps;C:\Users\212634269\AppData\Local\atom\bin;C:\Users\212634269\AppData\Local\Continuum\anaconda2\Scripts
USERNAME=212634269
OS=Windows_NT
PROCESSOR_IDENTIFIER=Intel64 Family 6 Model 78 Stepping 3, GenuineIntel



---------------  S Y S T E M  ---------------

OS: Windows 10.0 , 64 bit Build 14393 (10.0.14393.1198)

CPU:total 4 (2 cores per cpu, 2 threads per core) family 6 model 78 stepping 3, cmov, cx8, fxsr, mmx, sse, sse2, sse3, ssse3, sse4.1, sse4.2, popcnt, avx, avx2, aes, clmul, erms, rtm, 3dnowpref, lzcnt, ht, tsc, tscinvbit, bmi1, bmi2, adx

Memory: 4k page, physical 8266320k(665596k free), swap 12459600k(4652k free)

vm_info: OpenJDK 64-Bit Server VM (25.112-b06) for windows-amd64 JRE (1.8.0_112-release-b06), built on Dec  8 2016 00:54:26 by "builder" with MS VC++ 10.0 (VS2010)

time: Sat Feb 10 13:01:34 2018
elapsed time: 0 seconds (0d 0h 0m 0s)

