#
# There is insufficient memory for the Java Runtime Environment to continue.
# Native memory allocation (malloc) failed to allocate 286672 bytes for Chunk::new
# Possible reasons:
#   The system is out of physical RAM or swap space
#   In 32 bit mode, the process size limit was hit
# Possible solutions:
#   Reduce memory load on the system
#   Increase physical memory or swap space
#   Check if swap backing store is full
#   Use 64 bit Java on a 64 bit OS
#   Decrease Java heap size (-Xmx/-Xms)
#   Decrease number of Java threads
#   Decrease Java thread stack sizes (-Xss)
#   Set larger code cache with -XX:ReservedCodeCacheSize=
# This output file may be truncated or incomplete.
#
#  Out of Memory Error (allocation.cpp:390), pid=23424, tid=0x0000000000008b28
#
# JRE version: OpenJDK Runtime Environment (8.0_112-b06) (build 1.8.0_112-release-b06)
# Java VM: OpenJDK 64-Bit Server VM (25.112-b06 mixed mode windows-amd64 compressed oops)
# Failed to write core dump. Minidumps are not enabled by default on client versions of Windows
#

---------------  T H R E A D  ---------------

Current thread (0x0000000014cfb000):  JavaThread "C2 CompilerThread0" daemon [_thread_in_native, id=35624, stack(0x0000000016350000,0x0000000016450000)]

Stack: [0x0000000016350000,0x0000000016450000]
[error occurred during error reporting (printing stack bounds), id 0xc0000005]

Native frames: (J=compiled Java code, j=interpreted, Vv=VM code, C=native code)


Current CompileTask:
C2:   2289 1433       4       com.android.dx.ssa.SCCP::simulateStmt (481 bytes)


---------------  P R O C E S S  ---------------

Java Threads: ( => current thread )
  0x000000001694b000 JavaThread "pool-2-thread-4" [_thread_in_Java, id=5216, stack(0x0000000017850000,0x0000000017950000)]
  0x000000001694a000 JavaThread "pool-2-thread-3" [_thread_in_Java, id=25664, stack(0x0000000017750000,0x0000000017850000)]
  0x0000000016949800 JavaThread "pool-2-thread-2" [_thread_in_vm, id=33292, stack(0x0000000017650000,0x0000000017750000)]
  0x0000000016992000 JavaThread "pool-3-thread-1" [_thread_blocked, id=19268, stack(0x0000000017550000,0x0000000017650000)]
  0x0000000016991800 JavaThread "pool-2-thread-1" [_thread_in_Java, id=33460, stack(0x0000000017450000,0x0000000017550000)]
  0x0000000014d5e800 JavaThread "Service Thread" daemon [_thread_blocked, id=32820, stack(0x0000000016a50000,0x0000000016b50000)]
  0x0000000014d51800 JavaThread "C1 CompilerThread2" daemon [_thread_blocked, id=30004, stack(0x0000000016550000,0x0000000016650000)]
  0x0000000014cff000 JavaThread "C2 CompilerThread1" daemon [_thread_in_native, id=16744, stack(0x0000000016450000,0x0000000016550000)]
=>0x0000000014cfb000 JavaThread "C2 CompilerThread0" daemon [_thread_in_native, id=35624, stack(0x0000000016350000,0x0000000016450000)]
  0x0000000014cfa000 JavaThread "Attach Listener" daemon [_thread_blocked, id=20548, stack(0x0000000016250000,0x0000000016350000)]
  0x0000000014cf9000 JavaThread "Signal Dispatcher" daemon [_thread_blocked, id=32036, stack(0x0000000016150000,0x0000000016250000)]
  0x0000000002625800 JavaThread "Finalizer" daemon [_thread_blocked, id=28492, stack(0x0000000015f60000,0x0000000016060000)]
  0x0000000002620800 JavaThread "Reference Handler" daemon [_thread_blocked, id=23556, stack(0x0000000015e60000,0x0000000015f60000)]
  0x000000000236e000 JavaThread "main" [_thread_in_Java, id=11388, stack(0x0000000002430000,0x0000000002530000)]

Other Threads:
  0x0000000014cc6000 VMThread [stack: 0x0000000015d60000,0x0000000015e60000] [id=32888]
  0x0000000016673000 WatcherThread [stack: 0x0000000016b50000,0x0000000016c50000] [id=31408]

VM state:not at safepoint (normal execution)

VM Mutex/Monitor currently owned by a thread: None

Heap:
 PSYoungGen      total 71680K, used 27742K [0x00000000eab00000, 0x00000000ef600000, 0x0000000100000000)
  eden space 66560K, 33% used [0x00000000eab00000,0x00000000ec118df0,0x00000000eec00000)
  from space 5120K, 99% used [0x00000000ef100000,0x00000000ef5feac8,0x00000000ef600000)
  to   space 5120K, 0% used [0x00000000eec00000,0x00000000eec00000,0x00000000ef100000)
 ParOldGen       total 87552K, used 3191K [0x00000000c0000000, 0x00000000c5580000, 0x00000000eab00000)
  object space 87552K, 3% used [0x00000000c0000000,0x00000000c031dff8,0x00000000c5580000)
 Metaspace       used 6083K, capacity 7152K, committed 7296K, reserved 1056768K
  class space    used 565K, capacity 616K, committed 640K, reserved 1048576K

Card table byte_map: [0x00000000119f0000,0x0000000011c00000] byte_map_base: 0x00000000113f0000

Marking Bits: (ParMarkBitMap*) 0x0000000068fd18f0
 Begin Bits: [0x0000000012160000, 0x0000000013160000)
 End Bits:   [0x0000000013160000, 0x0000000014160000)

Polling page: 0x0000000000ac0000

CodeCache: size=245760Kb used=6759Kb max_used=6771Kb free=239000Kb
 bounds [0x0000000002630000, 0x0000000002ce0000, 0x0000000011630000]
 total_blobs=1923 nmethods=1660 adapters=176
 compilation: enabled

Compilation events (10 events):
Event: 2.238 Thread 0x0000000014cff000 nmethod 1432 0x0000000002cc73d0 code [0x0000000002cc7520, 0x0000000002cc75e8]
Event: 2.238 Thread 0x0000000014cff000 1527       4       com.android.dx.ssa.SsaRenamer$BlockRenamer::processResultReg (56 bytes)
Event: 2.257 Thread 0x0000000014cff000 nmethod 1527 0x0000000002cd1c10 code [0x0000000002cd1da0, 0x0000000002cd25c8]
Event: 2.257 Thread 0x0000000014cff000 1489       4       com.android.dx.rop.code.PlainInsn::withNewRegisters (18 bytes)
Event: 2.259 Thread 0x0000000014cff000 nmethod 1489 0x0000000002cc6ed0 code [0x0000000002cc7020, 0x0000000002cc71d8]
Event: 2.260 Thread 0x0000000014cff000 1448       4       com.android.dx.ssa.MoveParamCombiner$1::visitNonMoveInsn (213 bytes)
Event: 2.262 Thread 0x0000000014cff000 nmethod 1448 0x0000000002cc9cd0 code [0x0000000002cc9e20, 0x0000000002cc9fb8]
Event: 2.262 Thread 0x0000000014cff000 1551       4       com.android.dx.rop.code.LocalItem::compareTo (32 bytes)
Event: 2.264 Thread 0x0000000014cff000 nmethod 1551 0x0000000002cc9510 code [0x0000000002cc9660, 0x0000000002cc99d8]
Event: 2.264 Thread 0x0000000014cff000 1616       4       com.android.dx.ssa.back.FirstFitLocalCombiningAllocator$1::processInsn (169 bytes)

GC Heap History (4 events):
Event: 1.324 GC heap before
{Heap before GC invocations=1 (full 0):
 PSYoungGen      total 38400K, used 33280K [0x00000000eab00000, 0x00000000ed580000, 0x0000000100000000)
  eden space 33280K, 100% used [0x00000000eab00000,0x00000000ecb80000,0x00000000ecb80000)
  from space 5120K, 0% used [0x00000000ed080000,0x00000000ed080000,0x00000000ed580000)
  to   space 5120K, 0% used [0x00000000ecb80000,0x00000000ecb80000,0x00000000ed080000)
 ParOldGen       total 87552K, used 0K [0x00000000c0000000, 0x00000000c5580000, 0x00000000eab00000)
  object space 87552K, 0% used [0x00000000c0000000,0x00000000c0000000,0x00000000c5580000)
 Metaspace       used 5780K, capacity 6896K, committed 7040K, reserved 1056768K
  class space    used 561K, capacity 616K, committed 640K, reserved 1048576K
Event: 1.360 GC heap after
Heap after GC invocations=1 (full 0):
 PSYoungGen      total 38400K, used 5058K [0x00000000eab00000, 0x00000000ef600000, 0x0000000100000000)
  eden space 33280K, 0% used [0x00000000eab00000,0x00000000eab00000,0x00000000ecb80000)
  from space 5120K, 98% used [0x00000000ecb80000,0x00000000ed070808,0x00000000ed080000)
  to   space 5120K, 0% used [0x00000000ef100000,0x00000000ef100000,0x00000000ef600000)
 ParOldGen       total 87552K, used 8K [0x00000000c0000000, 0x00000000c5580000, 0x00000000eab00000)
  object space 87552K, 0% used [0x00000000c0000000,0x00000000c0002000,0x00000000c5580000)
 Metaspace       used 5780K, capacity 6896K, committed 7040K, reserved 1056768K
  class space    used 561K, capacity 616K, committed 640K, reserved 1048576K
}
Event: 2.009 GC heap before
{Heap before GC invocations=2 (full 0):
 PSYoungGen      total 38400K, used 38338K [0x00000000eab00000, 0x00000000ef600000, 0x0000000100000000)
  eden space 33280K, 100% used [0x00000000eab00000,0x00000000ecb80000,0x00000000ecb80000)
  from space 5120K, 98% used [0x00000000ecb80000,0x00000000ed070808,0x00000000ed080000)
  to   space 5120K, 0% used [0x00000000ef100000,0x00000000ef100000,0x00000000ef600000)
 ParOldGen       total 87552K, used 8K [0x00000000c0000000, 0x00000000c5580000, 0x00000000eab00000)
  object space 87552K, 0% used [0x00000000c0000000,0x00000000c0002000,0x00000000c5580000)
 Metaspace       used 6044K, capacity 7088K, committed 7296K, reserved 1056768K
  class space    used 565K, capacity 616K, committed 640K, reserved 1048576K
Event: 2.073 GC heap after
Heap after GC invocations=2 (full 0):
 PSYoungGen      total 71680K, used 5114K [0x00000000eab00000, 0x00000000ef600000, 0x0000000100000000)
  eden space 66560K, 0% used [0x00000000eab00000,0x00000000eab00000,0x00000000eec00000)
  from space 5120K, 99% used [0x00000000ef100000,0x00000000ef5feac8,0x00000000ef600000)
  to   space 5120K, 0% used [0x00000000eec00000,0x00000000eec00000,0x00000000ef100000)
 ParOldGen       total 87552K, used 3191K [0x00000000c0000000, 0x00000000c5580000, 0x00000000eab00000)
  object space 87552K, 3% used [0x00000000c0000000,0x00000000c031dff8,0x00000000c5580000)
 Metaspace       used 6044K, capacity 7088K, committed 7296K, reserved 1056768K
  class space    used 565K, capacity 616K, committed 640K, reserved 1048576K
}

Deoptimization events (10 events):
Event: 1.403 Thread 0x000000001694b000 Uncommon trap: reason=class_check action=maybe_recompile pc=0x00000000029b8210 method=com.android.dx.rop.type.Type.equals(Ljava/lang/Object;)Z @ 8
Event: 1.403 Thread 0x000000001694b000 Uncommon trap: reason=class_check action=maybe_recompile pc=0x00000000029b8210 method=com.android.dx.rop.type.Type.equals(Ljava/lang/Object;)Z @ 8
Event: 1.403 Thread 0x000000001694b000 Uncommon trap: reason=class_check action=maybe_recompile pc=0x00000000029b8210 method=com.android.dx.rop.type.Type.equals(Ljava/lang/Object;)Z @ 8
Event: 1.403 Thread 0x000000001694b000 Uncommon trap: reason=class_check action=maybe_recompile pc=0x00000000029b8210 method=com.android.dx.rop.type.Type.equals(Ljava/lang/Object;)Z @ 8
Event: 1.417 Thread 0x000000001694a000 Uncommon trap: reason=class_check action=maybe_recompile pc=0x000000000293e8a4 method=com.android.dx.rop.type.Type.equals(Ljava/lang/Object;)Z @ 8
Event: 1.421 Thread 0x000000001694b000 Uncommon trap: reason=unstable_if action=reinterpret pc=0x0000000002943ddc method=com.android.dx.rop.cst.Constant.compareTo(Lcom/android/dx/rop/cst/Constant;)I @ 12
Event: 1.436 Thread 0x000000001694b000 Uncommon trap: reason=unstable_if action=reinterpret pc=0x0000000002a3f9dc method=com.android.dx.ssa.SsaMethod.updateOneDefinition(Lcom/android/dx/ssa/SsaInsn;Lcom/android/dx/rop/code/RegisterSpec;)V @ 4
Event: 1.686 Thread 0x0000000016991800 Uncommon trap: reason=unstable_if action=reinterpret pc=0x0000000002c0758c method=com.android.dx.cf.code.BytecodeArray.parseInstruction(ILcom/android/dx/cf/code/BytecodeArray$Visitor;)I @ 1198
Event: 2.108 Thread 0x000000001694b000 Uncommon trap: reason=null_check action=make_not_entrant pc=0x0000000002a686e8 method=com.android.dx.ssa.SsaRenamer.getLocalForNewReg(I)Lcom/android/dx/rop/code/LocalItem; @ 19
Event: 2.108 Thread 0x000000001694b000 Uncommon trap: reason=null_check action=make_not_entrant pc=0x0000000002a71008 method=com.android.dx.ssa.SsaRenamer.getLocalForNewReg(I)Lcom/android/dx/rop/code/LocalItem; @ 19

Internal exceptions (4 events):
Event: 0.080 Thread 0x000000000236e000 Exception <a 'java/lang/NoSuchMethodError': Method sun.misc.Unsafe.defineClass(Ljava/lang/String;[BII)Ljava/lang/Class; name or signature does not match> (0x00000000eab07c78) thrown at [C:\src\android\AOSP-openjdk\external\jetbrains\jdk\hotspot\src\share\và ´>9ê¥?
Event: 0.080 Thread 0x000000000236e000 Exception <a 'java/lang/NoSuchMethodError': Method sun.misc.Unsafe.prefetchRead(Ljava/lang/Object;J)V name or signature does not match> (0x00000000eab07f60) thrown at [C:\src\android\AOSP-openjdk\external\jetbrains\jdk\hotspot\src\share\vm\prims\jni.cpp, lt˙/l‹
Event: 2.108 Thread 0x000000001694b000 Implicit null exception at 0x0000000002a66e46 to 0x0000000002a6869d
Event: 2.108 Thread 0x000000001694b000 Implicit null exception at 0x0000000002a6fa6d to 0x0000000002a70fd5

Events (10 events):
Event: 1.686 Thread 0x0000000016991800 DEOPT PACKING pc=0x0000000002c0758c sp=0x000000001754ea80
Event: 1.686 Thread 0x0000000016991800 DEOPT UNPACKING pc=0x000000000267556a sp=0x000000001754ea18 mode 2
Event: 1.755 Executing VM operation: ParallelGCFailedAllocation
Event: 2.073 Executing VM operation: ParallelGCFailedAllocation done
Event: 2.108 Thread 0x000000001694b000 Uncommon trap: trap_request=0xfffffff4 fr.pc=0x0000000002a686e8
Event: 2.108 Thread 0x000000001694b000 DEOPT PACKING pc=0x0000000002a686e8 sp=0x000000001794eb80
Event: 2.108 Thread 0x000000001694b000 DEOPT UNPACKING pc=0x000000000267556a sp=0x000000001794e988 mode 2
Event: 2.108 Thread 0x000000001694b000 Uncommon trap: trap_request=0xfffffff4 fr.pc=0x0000000002a71008
Event: 2.108 Thread 0x000000001694b000 DEOPT PACKING pc=0x0000000002a71008 sp=0x000000001794eb10
Event: 2.108 Thread 0x000000001694b000 DEOPT UNPACKING pc=0x000000000267556a sp=0x000000001794e978 mode 2


Dynamic libraries:
0x00007ff7d0cc0000 - 0x00007ff7d0cf1000 	C:\Program Files\Android\Android Studio\jre\bin\java.exe
0x00007ffa7a380000 - 0x00007ffa7a552000 	C:\Windows\SYSTEM32\ntdll.dll
0x00007ffa78640000 - 0x00007ffa786ec000 	C:\Windows\System32\KERNEL32.DLL
0x00007ffa76d10000 - 0x00007ffa76f2d000 	C:\Windows\System32\KERNELBASE.dll
0x00007ffa788f0000 - 0x00007ffa78992000 	C:\Windows\System32\ADVAPI32.dll
0x00007ffa78530000 - 0x00007ffa785ce000 	C:\Windows\System32\msvcrt.dll
0x00007ffa7a1e0000 - 0x00007ffa7a239000 	C:\Windows\System32\sechost.dll
0x00007ffa789a0000 - 0x00007ffa78ac1000 	C:\Windows\System32\RPCRT4.dll
0x00007ffa7a070000 - 0x00007ffa7a1d5000 	C:\Windows\System32\USER32.dll
0x00007ffa76c00000 - 0x00007ffa76c1e000 	C:\Windows\System32\win32u.dll
0x00007ffa77a90000 - 0x00007ffa77ac4000 	C:\Windows\System32\GDI32.dll
0x00007ffa76f90000 - 0x00007ffa77110000 	C:\Windows\System32\gdi32full.dll
0x00007ffa691a0000 - 0x00007ffa6941a000 	C:\Windows\WinSxS\amd64_microsoft.windows.common-controls_6595b64144ccf1df_6.0.14393.953_none_42151e83c686086b\COMCTL32.dll
0x00007ffa781a0000 - 0x00007ffa78468000 	C:\Windows\System32\combase.dll
0x00007ffa76b00000 - 0x00007ffa76bf5000 	C:\Windows\System32\ucrtbase.dll
0x00007ffa77110000 - 0x00007ffa7717a000 	C:\Windows\System32\bcryptPrimitives.dll
0x00007ffa788b0000 - 0x00007ffa788de000 	C:\Windows\System32\IMM32.DLL
0x00007ffa5a430000 - 0x00007ffa5a4d7000 	C:\Program Files\McAfee\Host Intrusion Prevention\HcApi.dll
0x000000006b0e0000 - 0x000000006b0ec000 	C:\Program Files\McAfee\Host Intrusion Prevention\HcThe.dll
0x000000006a760000 - 0x000000006a832000 	C:\Program Files\Android\Android Studio\jre\jre\bin\msvcr100.dll
0x0000000068810000 - 0x000000006904c000 	C:\Program Files\Android\Android Studio\jre\jre\bin\server\jvm.dll
0x00007ffa77a80000 - 0x00007ffa77a88000 	C:\Windows\System32\PSAPI.DLL
0x00007ffa64bb0000 - 0x00007ffa64bb9000 	C:\Windows\SYSTEM32\WSOCK32.dll
0x00007ffa779b0000 - 0x00007ffa77a1a000 	C:\Windows\System32\WS2_32.dll
0x00007ffa74e00000 - 0x00007ffa74e23000 	C:\Windows\SYSTEM32\WINMM.dll
0x00007ffa73700000 - 0x00007ffa7370a000 	C:\Windows\SYSTEM32\VERSION.dll
0x00007ffa74da0000 - 0x00007ffa74dcb000 	C:\Windows\SYSTEM32\WINMMBASE.dll
0x00007ffa76cc0000 - 0x00007ffa76d02000 	C:\Windows\System32\cfgmgr32.dll
0x00007ffa63510000 - 0x00007ffa6351f000 	C:\Program Files\Android\Android Studio\jre\jre\bin\verify.dll
0x00007ffa50790000 - 0x00007ffa507b9000 	C:\Program Files\Android\Android Studio\jre\jre\bin\java.dll
0x00007ffa5a560000 - 0x00007ffa5a576000 	C:\Program Files\Android\Android Studio\jre\jre\bin\zip.dll
0x00007ffa78af0000 - 0x00007ffa79ff9000 	C:\Windows\System32\SHELL32.dll
0x00007ffa77180000 - 0x00007ffa77859000 	C:\Windows\System32\windows.storage.dll
0x00007ffa76820000 - 0x00007ffa7686c000 	C:\Windows\System32\powrprof.dll
0x00007ffa77a20000 - 0x00007ffa77a72000 	C:\Windows\System32\shlwapi.dll
0x00007ffa76810000 - 0x00007ffa7681f000 	C:\Windows\System32\kernel.appcore.dll
0x00007ffa76880000 - 0x00007ffa76929000 	C:\Windows\System32\shcore.dll
0x00007ffa767f0000 - 0x00007ffa76804000 	C:\Windows\System32\profapi.dll

VM Arguments:
jvm_args: -Djava.awt.headless=true -Xmx1024M -Dfile.encoding=windows-1252 -Duser.country=US -Duser.language=en -Duser.variant 
java_command: com.android.dx.command.Main --dex --num-threads=4 --multi-dex --output C:\GE_POWER\attendancematerial\app\build\intermediates\transforms\dex\debug\folders\1000\10\com.android.support-support-compat-25.4.0_b82cb724eba40769929d12f63646f60c8064f806 C:\GE_POWER\attendancematerial\app\build\intermediates\exploded-aar\com.android.support\support-compat\25.4.0\jars\classes.jar
java_class_path (initial): C:\Users\212634269\AppData\Local\Android\sdk\build-tools\25.0.1\lib\dx.jar
Launcher Type: SUN_STANDARD

Environment Variables:
JAVA_HOME=C:\Program Files\Java\jdk1.8.0_144
CLASSPATH=.;
PATH=C:\Program Files\ImageMagick-6.9.9-Q8;C:\Python36\Scripts\;C:\Python36\;C:\Python27\;C:\Python27\Scripts;C:\Windows\system32;C:\Windows;C:\Windows\System32\Wbem;C:\Windows\System32\WindowsPowerShell\v1.0\;C:\Program Files (x86)\Sennheiser\SoftphoneSDK\;C:\ProgramData\chocolatey\bin;C:\Program Files\Git\cmd;C:\Program Files\Java\jdk1.8.0_144\bin;C:\Program Files\Amazon\AWSCLI\;C:\GE_POWER\sonar-scanner-3.0.3.778-windows\bin;C:\HashiCorp\Vagrant\bin;C:\opscode\chefdk\bin\;C:\Users\212634269\AppData\Local\Microsoft\WindowsApps;C:\Users\212634269\AppData\Local\atom\bin;C:\Users\212634269\AppData\Local\Continuum\anaconda2\Scripts
USERNAME=212634269
OS=Windows_NT
PROCESSOR_IDENTIFIER=Intel64 Family 6 Model 78 Stepping 3, GenuineIntel



---------------  S Y S T E M  ---------------

OS: Windows 10.0 , 64 bit Build 14393 (10.0.14393.1198)

CPU:total 4 (2 cores per cpu, 2 threads per core) family 6 model 78 stepping 3, cmov, cx8, fxsr, mmx, sse, sse2, sse3, ssse3, sse4.1, sse4.2, popcnt, avx, avx2, aes, clmul, erms, rtm, 3dnowpref, lzcnt, ht, tsc, tscinvbit, bmi1, bmi2, adx

Memory: 4k page, physical 8266320k(542672k free), swap 12459600k(3256k free)

vm_info: OpenJDK 64-Bit Server VM (25.112-b06) for windows-amd64 JRE (1.8.0_112-release-b06), built on Dec  8 2016 00:54:26 by "builder" with MS VC++ 10.0 (VS2010)

time: Sat Feb 10 13:02:01 2018
elapsed time: 2 seconds (0d 0h 0m 2s)

