#
# There is insufficient memory for the Java Runtime Environment to continue.
# Native memory allocation (malloc) failed to allocate 405856 bytes for Chunk::new
# Possible reasons:
#   The system is out of physical RAM or swap space
#   In 32 bit mode, the process size limit was hit
# Possible solutions:
#   Reduce memory load on the system
#   Increase physical memory or swap space
#   Check if swap backing store is full
#   Use 64 bit Java on a 64 bit OS
#   Decrease Java heap size (-Xmx/-Xms)
#   Decrease number of Java threads
#   Decrease Java thread stack sizes (-Xss)
#   Set larger code cache with -XX:ReservedCodeCacheSize=
# This output file may be truncated or incomplete.
#
#  Out of Memory Error (allocation.cpp:390), pid=31332, tid=0x0000000000002c18
#
# JRE version: OpenJDK Runtime Environment (8.0_112-b06) (build 1.8.0_112-release-b06)
# Java VM: OpenJDK 64-Bit Server VM (25.112-b06 mixed mode windows-amd64 compressed oops)
# Failed to write core dump. Minidumps are not enabled by default on client versions of Windows
#

---------------  T H R E A D  ---------------

Current thread (0x000000001534c000):  JavaThread "C2 CompilerThread0" daemon [_thread_in_native, id=11288, stack(0x0000000016990000,0x0000000016a90000)]

Stack: [0x0000000016990000,0x0000000016a90000]
[error occurred during error reporting (printing stack bounds), id 0xc0000005]

Native frames: (J=compiled Java code, j=interpreted, Vv=VM code, C=native code)


Current CompileTask:
C2:   2909 1321       4       com.android.dx.ssa.SsaRenamer$BlockRenamer::process (191 bytes)


---------------  P R O C E S S  ---------------

Java Threads: ( => current thread )
  0x0000000016ede000 JavaThread "pool-2-thread-4" [_thread_blocked, id=5204, stack(0x0000000017690000,0x0000000017790000)]
  0x0000000016f2c000 JavaThread "pool-2-thread-3" [_thread_blocked, id=2592, stack(0x0000000017590000,0x0000000017690000)]
  0x0000000016f2b000 JavaThread "pool-2-thread-2" [_thread_blocked, id=32356, stack(0x0000000017490000,0x0000000017590000)]
  0x0000000016f1e000 JavaThread "pool-3-thread-1" [_thread_blocked, id=35808, stack(0x0000000017390000,0x0000000017490000)]
  0x0000000016f1b800 JavaThread "pool-2-thread-1" [_thread_blocked, id=32896, stack(0x0000000017290000,0x0000000017390000)]
  0x0000000016cad000 JavaThread "Service Thread" daemon [_thread_blocked, id=31684, stack(0x0000000017090000,0x0000000017190000)]
  0x00000000153a2800 JavaThread "C1 CompilerThread2" daemon [_thread_blocked, id=30164, stack(0x0000000016b90000,0x0000000016c90000)]
  0x0000000015350000 JavaThread "C2 CompilerThread1" daemon [_thread_in_native, id=30356, stack(0x0000000016a90000,0x0000000016b90000)]
=>0x000000001534c000 JavaThread "C2 CompilerThread0" daemon [_thread_in_native, id=11288, stack(0x0000000016990000,0x0000000016a90000)]
  0x000000001534b000 JavaThread "Attach Listener" daemon [_thread_blocked, id=35308, stack(0x0000000016890000,0x0000000016990000)]
  0x000000001534a000 JavaThread "Signal Dispatcher" daemon [_thread_blocked, id=5308, stack(0x0000000016790000,0x0000000016890000)]
  0x0000000002c76800 JavaThread "Finalizer" daemon [_thread_blocked, id=10420, stack(0x00000000165a0000,0x00000000166a0000)]
  0x0000000002c71800 JavaThread "Reference Handler" daemon [_thread_blocked, id=3904, stack(0x00000000164a0000,0x00000000165a0000)]
  0x0000000002b7e000 JavaThread "main" [_thread_in_Java, id=16216, stack(0x00000000029c0000,0x0000000002ac0000)]

Other Threads:
  0x0000000015316000 VMThread [stack: 0x00000000163a0000,0x00000000164a0000] [id=13664]
  0x0000000016cae000 WatcherThread [stack: 0x0000000017190000,0x0000000017290000] [id=12384]

VM state:not at safepoint (normal execution)

VM Mutex/Monitor currently owned by a thread: None

Heap:
 PSYoungGen      total 38400K, used 11661K [0x00000000eab00000, 0x00000000ed580000, 0x0000000100000000)
  eden space 33280K, 19% used [0x00000000eab00000,0x00000000eb166ae0,0x00000000ecb80000)
  from space 5120K, 99% used [0x00000000ecb80000,0x00000000ed07c9f0,0x00000000ed080000)
  to   space 5120K, 0% used [0x00000000ed080000,0x00000000ed080000,0x00000000ed580000)
 ParOldGen       total 87552K, used 1380K [0x00000000c0000000, 0x00000000c5580000, 0x00000000eab00000)
  object space 87552K, 1% used [0x00000000c0000000,0x00000000c0159098,0x00000000c5580000)
 Metaspace       used 5878K, capacity 6960K, committed 7040K, reserved 1056768K
  class space    used 565K, capacity 616K, committed 640K, reserved 1048576K

Card table byte_map: [0x0000000012040000,0x0000000012250000] byte_map_base: 0x0000000011a40000

Marking Bits: (ParMarkBitMap*) 0x0000000068fd18f0
 Begin Bits: [0x00000000127b0000, 0x00000000137b0000)
 End Bits:   [0x00000000137b0000, 0x00000000147b0000)

Polling page: 0x0000000000e30000

CodeCache: size=245760Kb used=5615Kb max_used=5616Kb free=240144Kb
 bounds [0x0000000002c80000, 0x0000000003210000, 0x0000000011c80000]
 total_blobs=1588 nmethods=1326 adapters=176
 compilation: enabled

Compilation events (10 events):
Event: 2.862 Thread 0x00000000153a2800 1327       3       com.android.dx.ssa.back.FirstFitLocalCombiningAllocator$Multiset::getAndRemoveHighestCount (63 bytes)
Event: 2.862 Thread 0x00000000153a2800 nmethod 1327 0x00000000031e6050 code [0x00000000031e61c0, 0x00000000031e6490]
Event: 2.862 Thread 0x00000000153a2800 1328       3       com.android.dx.ssa.back.FirstFitLocalCombiningAllocator::processPhiInsn (255 bytes)
Event: 2.865 Thread 0x00000000153a2800 nmethod 1328 0x00000000031ff510 code [0x00000000031ff900, 0x0000000003201db8]
Event: 2.865 Thread 0x00000000153a2800 1329       3       com.android.dx.ssa.back.SsaToRop$PhiVisitor::visitPhiInsn (67 bytes)
Event: 2.865 Thread 0x000000001534c000 nmethod 1317 0x00000000031e5450 code [0x00000000031e55e0, 0x00000000031e5c78]
Event: 2.865 Thread 0x000000001534c000 1321       4       com.android.dx.ssa.SsaRenamer$BlockRenamer::process (191 bytes)
Event: 2.866 Thread 0x00000000153a2800 nmethod 1329 0x00000000031ea710 code [0x00000000031ea980, 0x00000000031eb988]
Event: 2.866 Thread 0x00000000153a2800 1332       3       com.android.dx.rop.code.InsnList::contentEquals (54 bytes)
Event: 2.866 Thread 0x00000000153a2800 nmethod 1332 0x00000000031e9750 code [0x00000000031e9920, 0x00000000031ea3c8]

GC Heap History (2 events):
Event: 2.192 GC heap before
{Heap before GC invocations=1 (full 0):
 PSYoungGen      total 38400K, used 33280K [0x00000000eab00000, 0x00000000ed580000, 0x0000000100000000)
  eden space 33280K, 100% used [0x00000000eab00000,0x00000000ecb80000,0x00000000ecb80000)
  from space 5120K, 0% used [0x00000000ed080000,0x00000000ed080000,0x00000000ed580000)
  to   space 5120K, 0% used [0x00000000ecb80000,0x00000000ecb80000,0x00000000ed080000)
 ParOldGen       total 87552K, used 0K [0x00000000c0000000, 0x00000000c5580000, 0x00000000eab00000)
  object space 87552K, 0% used [0x00000000c0000000,0x00000000c0000000,0x00000000c5580000)
 Metaspace       used 5859K, capacity 6960K, committed 7040K, reserved 1056768K
  class space    used 565K, capacity 616K, committed 640K, reserved 1048576K
Event: 2.431 GC heap after
Heap after GC invocations=1 (full 0):
 PSYoungGen      total 38400K, used 5106K [0x00000000eab00000, 0x00000000ed580000, 0x0000000100000000)
  eden space 33280K, 0% used [0x00000000eab00000,0x00000000eab00000,0x00000000ecb80000)
  from space 5120K, 99% used [0x00000000ecb80000,0x00000000ed07c9f0,0x00000000ed080000)
  to   space 5120K, 0% used [0x00000000ed080000,0x00000000ed080000,0x00000000ed580000)
 ParOldGen       total 87552K, used 1380K [0x00000000c0000000, 0x00000000c5580000, 0x00000000eab00000)
  object space 87552K, 1% used [0x00000000c0000000,0x00000000c0159098,0x00000000c5580000)
 Metaspace       used 5859K, capacity 6960K, committed 7040K, reserved 1056768K
  class space    used 565K, capacity 616K, committed 640K, reserved 1048576K
}

Deoptimization events (10 events):
Event: 0.795 Thread 0x0000000016f2c000 Uncommon trap: reason=unstable_if action=reinterpret pc=0x0000000002e88130 method=java.util.HashMap.getNode(ILjava/lang/Object;)Ljava/util/HashMap$Node; @ 129
Event: 1.248 Thread 0x0000000016ede000 Uncommon trap: reason=unstable_if action=reinterpret pc=0x0000000002f3ae74 method=com.android.dx.ssa.SsaMethod.getExitBlock()Lcom/android/dx/ssa/SsaBasicBlock; @ 4
Event: 1.292 Thread 0x0000000016ede000 Uncommon trap: reason=bimorphic action=maybe_recompile pc=0x0000000002eab2e8 method=java.util.HashMap.getNode(ILjava/lang/Object;)Ljava/util/HashMap$Node; @ 126
Event: 2.018 Thread 0x0000000002b7e000 Uncommon trap: reason=unstable_if action=reinterpret pc=0x00000000030e464c method=com.android.dx.ssa.SCCP.simulateStmt(Lcom/android/dx/ssa/SsaInsn;)V @ 53
Event: 2.178 Thread 0x0000000002b7e000 Uncommon trap: reason=unstable_if action=reinterpret pc=0x0000000002f5f8c4 method=com.android.dx.rop.code.RegisterSpec.equals(ILcom/android/dx/rop/type/TypeBearer;Lcom/android/dx/rop/code/LocalItem;)Z @ 42
Event: 2.455 Thread 0x0000000002b7e000 Uncommon trap: reason=bimorphic action=maybe_recompile pc=0x0000000002eab2e8 method=java.util.HashMap.getNode(ILjava/lang/Object;)Ljava/util/HashMap$Node; @ 126
Event: 2.455 Thread 0x0000000002b7e000 Uncommon trap: reason=bimorphic action=maybe_recompile pc=0x0000000002eab2e8 method=java.util.HashMap.getNode(ILjava/lang/Object;)Ljava/util/HashMap$Node; @ 126
Event: 2.455 Thread 0x0000000002b7e000 Uncommon trap: reason=bimorphic action=maybe_recompile pc=0x0000000002eab2e8 method=java.util.HashMap.getNode(ILjava/lang/Object;)Ljava/util/HashMap$Node; @ 126
Event: 2.455 Thread 0x0000000002b7e000 Uncommon trap: reason=bimorphic action=maybe_recompile pc=0x0000000002ec0ae4 method=java.util.HashMap.getNode(ILjava/lang/Object;)Ljava/util/HashMap$Node; @ 126
Event: 2.856 Thread 0x0000000002b7e000 Uncommon trap: reason=unstable_if action=reinterpret pc=0x00000000031f1708 method=com.android.dx.rop.code.RegisterSpecSet.localItemToSpec(Lcom/android/dx/rop/code/LocalItem;)Lcom/android/dx/rop/code/RegisterSpec; @ 35

Internal exceptions (2 events):
Event: 0.077 Thread 0x0000000002b7e000 Exception <a 'java/lang/NoSuchMethodError': Method sun.misc.Unsafe.defineClass(Ljava/lang/String;[BII)Ljava/lang/Class; name or signature does not match> (0x00000000eab07c78) thrown at [C:\src\android\AOSP-openjdk\external\jetbrains\jdk\hotspot\src\share\vP(¥³?
Event: 0.077 Thread 0x0000000002b7e000 Exception <a 'java/lang/NoSuchMethodError': Method sun.misc.Unsafe.prefetchRead(Ljava/lang/Object;J)V name or signature does not match> (0x00000000eab07f60) thrown at [C:\src\android\AOSP-openjdk\external\jetbrains\jdk\hotspot\src\share\vm\prims\jni.cpp, l

Events (10 events):
Event: 2.455 Thread 0x0000000002b7e000 DEOPT UNPACKING pc=0x0000000002cc556a sp=0x0000000002abe508 mode 2
Event: 2.455 Thread 0x0000000002b7e000 Uncommon trap: trap_request=0xffffffc6 fr.pc=0x0000000002eab2e8
Event: 2.455 Thread 0x0000000002b7e000 DEOPT PACKING pc=0x0000000002eab2e8 sp=0x0000000002abe600
Event: 2.455 Thread 0x0000000002b7e000 DEOPT UNPACKING pc=0x0000000002cc556a sp=0x0000000002abe508 mode 2
Event: 2.455 Thread 0x0000000002b7e000 Uncommon trap: trap_request=0xffffffc6 fr.pc=0x0000000002ec0ae4
Event: 2.455 Thread 0x0000000002b7e000 DEOPT PACKING pc=0x0000000002ec0ae4 sp=0x0000000002abe560
Event: 2.455 Thread 0x0000000002b7e000 DEOPT UNPACKING pc=0x0000000002cc556a sp=0x0000000002abe4f8 mode 2
Event: 2.856 Thread 0x0000000002b7e000 Uncommon trap: trap_request=0xffffff65 fr.pc=0x00000000031f1708
Event: 2.856 Thread 0x0000000002b7e000 DEOPT PACKING pc=0x00000000031f1708 sp=0x0000000002abe690
Event: 2.856 Thread 0x0000000002b7e000 DEOPT UNPACKING pc=0x0000000002cc556a sp=0x0000000002abe5d8 mode 2


Dynamic libraries:
0x00007ff7d0cc0000 - 0x00007ff7d0cf1000 	C:\Program Files\Android\Android Studio\jre\bin\java.exe
0x00007ffa7a380000 - 0x00007ffa7a552000 	C:\Windows\SYSTEM32\ntdll.dll
0x00007ffa78640000 - 0x00007ffa786ec000 	C:\Windows\System32\KERNEL32.DLL
0x00007ffa76d10000 - 0x00007ffa76f2d000 	C:\Windows\System32\KERNELBASE.dll
0x00007ffa788f0000 - 0x00007ffa78992000 	C:\Windows\System32\ADVAPI32.dll
0x00007ffa78530000 - 0x00007ffa785ce000 	C:\Windows\System32\msvcrt.dll
0x00007ffa7a1e0000 - 0x00007ffa7a239000 	C:\Windows\System32\sechost.dll
0x00007ffa789a0000 - 0x00007ffa78ac1000 	C:\Windows\System32\RPCRT4.dll
0x00007ffa7a070000 - 0x00007ffa7a1d5000 	C:\Windows\System32\USER32.dll
0x00007ffa76c00000 - 0x00007ffa76c1e000 	C:\Windows\System32\win32u.dll
0x00007ffa77a90000 - 0x00007ffa77ac4000 	C:\Windows\System32\GDI32.dll
0x00007ffa76f90000 - 0x00007ffa77110000 	C:\Windows\System32\gdi32full.dll
0x00007ffa691a0000 - 0x00007ffa6941a000 	C:\Windows\WinSxS\amd64_microsoft.windows.common-controls_6595b64144ccf1df_6.0.14393.953_none_42151e83c686086b\COMCTL32.dll
0x00007ffa781a0000 - 0x00007ffa78468000 	C:\Windows\System32\combase.dll
0x00007ffa76b00000 - 0x00007ffa76bf5000 	C:\Windows\System32\ucrtbase.dll
0x00007ffa77110000 - 0x00007ffa7717a000 	C:\Windows\System32\bcryptPrimitives.dll
0x00007ffa788b0000 - 0x00007ffa788de000 	C:\Windows\System32\IMM32.DLL
0x00007ffa5a430000 - 0x00007ffa5a4d7000 	C:\Program Files\McAfee\Host Intrusion Prevention\HcApi.dll
0x000000006b0e0000 - 0x000000006b0ec000 	C:\Program Files\McAfee\Host Intrusion Prevention\HcThe.dll
0x000000006a760000 - 0x000000006a832000 	C:\Program Files\Android\Android Studio\jre\jre\bin\msvcr100.dll
0x0000000068810000 - 0x000000006904c000 	C:\Program Files\Android\Android Studio\jre\jre\bin\server\jvm.dll
0x00007ffa77a80000 - 0x00007ffa77a88000 	C:\Windows\System32\PSAPI.DLL
0x00007ffa64bb0000 - 0x00007ffa64bb9000 	C:\Windows\SYSTEM32\WSOCK32.dll
0x00007ffa779b0000 - 0x00007ffa77a1a000 	C:\Windows\System32\WS2_32.dll
0x00007ffa74e00000 - 0x00007ffa74e23000 	C:\Windows\SYSTEM32\WINMM.dll
0x00007ffa73700000 - 0x00007ffa7370a000 	C:\Windows\SYSTEM32\VERSION.dll
0x00007ffa74da0000 - 0x00007ffa74dcb000 	C:\Windows\SYSTEM32\WINMMBASE.dll
0x00007ffa76cc0000 - 0x00007ffa76d02000 	C:\Windows\System32\cfgmgr32.dll
0x00007ffa63510000 - 0x00007ffa6351f000 	C:\Program Files\Android\Android Studio\jre\jre\bin\verify.dll
0x00007ffa50790000 - 0x00007ffa507b9000 	C:\Program Files\Android\Android Studio\jre\jre\bin\java.dll
0x00007ffa5a560000 - 0x00007ffa5a576000 	C:\Program Files\Android\Android Studio\jre\jre\bin\zip.dll
0x00007ffa78af0000 - 0x00007ffa79ff9000 	C:\Windows\System32\SHELL32.dll
0x00007ffa77180000 - 0x00007ffa77859000 	C:\Windows\System32\windows.storage.dll
0x00007ffa76820000 - 0x00007ffa7686c000 	C:\Windows\System32\powrprof.dll
0x00007ffa77a20000 - 0x00007ffa77a72000 	C:\Windows\System32\shlwapi.dll
0x00007ffa76810000 - 0x00007ffa7681f000 	C:\Windows\System32\kernel.appcore.dll
0x00007ffa76880000 - 0x00007ffa76929000 	C:\Windows\System32\shcore.dll
0x00007ffa767f0000 - 0x00007ffa76804000 	C:\Windows\System32\profapi.dll

VM Arguments:
jvm_args: -Djava.awt.headless=true -Xmx1024M -Dfile.encoding=windows-1252 -Duser.country=US -Duser.language=en -Duser.variant 
java_command: com.android.dx.command.Main --dex --num-threads=4 --multi-dex --output C:\GE_POWER\attendancematerial\app\build\intermediates\transforms\dex\debug\folders\1000\10\com.android.support-support-core-ui-25.4.0_b4e73c11aa6f050e8967b64e4effd0a5003d86a0 C:\GE_POWER\attendancematerial\app\build\intermediates\exploded-aar\com.android.support\support-core-ui\25.4.0\jars\classes.jar
java_class_path (initial): C:\Users\212634269\AppData\Local\Android\sdk\build-tools\25.0.1\lib\dx.jar
Launcher Type: SUN_STANDARD

Environment Variables:
JAVA_HOME=C:\Program Files\Java\jdk1.8.0_144
CLASSPATH=.;
PATH=C:\Program Files\ImageMagick-6.9.9-Q8;C:\Python36\Scripts\;C:\Python36\;C:\Python27\;C:\Python27\Scripts;C:\Windows\system32;C:\Windows;C:\Windows\System32\Wbem;C:\Windows\System32\WindowsPowerShell\v1.0\;C:\Program Files (x86)\Sennheiser\SoftphoneSDK\;C:\ProgramData\chocolatey\bin;C:\Program Files\Git\cmd;C:\Program Files\Java\jdk1.8.0_144\bin;C:\Program Files\Amazon\AWSCLI\;C:\GE_POWER\sonar-scanner-3.0.3.778-windows\bin;C:\HashiCorp\Vagrant\bin;C:\opscode\chefdk\bin\;C:\Users\212634269\AppData\Local\Microsoft\WindowsApps;C:\Users\212634269\AppData\Local\atom\bin;C:\Users\212634269\AppData\Local\Continuum\anaconda2\Scripts
USERNAME=212634269
OS=Windows_NT
PROCESSOR_IDENTIFIER=Intel64 Family 6 Model 78 Stepping 3, GenuineIntel



---------------  S Y S T E M  ---------------

OS: Windows 10.0 , 64 bit Build 14393 (10.0.14393.1198)

CPU:total 4 (2 cores per cpu, 2 threads per core) family 6 model 78 stepping 3, cmov, cx8, fxsr, mmx, sse, sse2, sse3, ssse3, sse4.1, sse4.2, popcnt, avx, avx2, aes, clmul, erms, rtm, 3dnowpref, lzcnt, ht, tsc, tscinvbit, bmi1, bmi2, adx

Memory: 4k page, physical 8266320k(505788k free), swap 12459600k(4172k free)

vm_info: OpenJDK 64-Bit Server VM (25.112-b06) for windows-amd64 JRE (1.8.0_112-release-b06), built on Dec  8 2016 00:54:26 by "builder" with MS VC++ 10.0 (VS2010)

time: Sat Feb 10 13:01:52 2018
elapsed time: 2 seconds (0d 0h 0m 2s)

