#
# There is insufficient memory for the Java Runtime Environment to continue.
# Native memory allocation (malloc) failed to allocate 410496 bytes for Chunk::new
# Possible reasons:
#   The system is out of physical RAM or swap space
#   In 32 bit mode, the process size limit was hit
# Possible solutions:
#   Reduce memory load on the system
#   Increase physical memory or swap space
#   Check if swap backing store is full
#   Use 64 bit Java on a 64 bit OS
#   Decrease Java heap size (-Xmx/-Xms)
#   Decrease number of Java threads
#   Decrease Java thread stack sizes (-Xss)
#   Set larger code cache with -XX:ReservedCodeCacheSize=
# This output file may be truncated or incomplete.
#
#  Out of Memory Error (allocation.cpp:390), pid=28592, tid=0x0000000000003d5c
#
# JRE version: OpenJDK Runtime Environment (8.0_112-b06) (build 1.8.0_112-release-b06)
# Java VM: OpenJDK 64-Bit Server VM (25.112-b06 mixed mode windows-amd64 compressed oops)
# Failed to write core dump. Minidumps are not enabled by default on client versions of Windows
#

---------------  T H R E A D  ---------------

Current thread (0x00000000153bf000):  JavaThread "C2 CompilerThread1" daemon [_thread_in_native, id=15708, stack(0x0000000016b40000,0x0000000016c40000)]

Stack: [0x0000000016b40000,0x0000000016c40000]
[error occurred during error reporting (printing stack bounds), id 0xc0000005]

Native frames: (J=compiled Java code, j=interpreted, Vv=VM code, C=native code)


Current CompileTask:
C2:   1711 1322       4       com.android.dx.ssa.SCCP::simulateStmt (481 bytes)


---------------  P R O C E S S  ---------------

Java Threads: ( => current thread )
  0x0000000017030000 JavaThread "pool-2-thread-4" [_thread_blocked, id=23812, stack(0x0000000017740000,0x0000000017840000)]
  0x0000000016fe8800 JavaThread "pool-2-thread-3" [_thread_blocked, id=34656, stack(0x0000000017640000,0x0000000017740000)]
  0x0000000016fe3800 JavaThread "pool-2-thread-2" [_thread_in_Java, id=13232, stack(0x0000000017540000,0x0000000017640000)]
  0x0000000016fe3000 JavaThread "pool-3-thread-1" [_thread_blocked, id=35408, stack(0x0000000017440000,0x0000000017540000)]
  0x0000000016fa3800 JavaThread "pool-2-thread-1" [_thread_blocked, id=10712, stack(0x0000000017340000,0x0000000017440000)]
  0x0000000016d44800 JavaThread "Service Thread" daemon [_thread_blocked, id=16712, stack(0x0000000017140000,0x0000000017240000)]
  0x000000001541a000 JavaThread "C1 CompilerThread2" daemon [_thread_blocked, id=20940, stack(0x0000000016c40000,0x0000000016d40000)]
=>0x00000000153bf000 JavaThread "C2 CompilerThread1" daemon [_thread_in_native, id=15708, stack(0x0000000016b40000,0x0000000016c40000)]
  0x00000000153bb800 JavaThread "C2 CompilerThread0" daemon [_thread_in_native, id=29480, stack(0x0000000016a40000,0x0000000016b40000)]
  0x00000000153ba000 JavaThread "Attach Listener" daemon [_thread_blocked, id=4244, stack(0x0000000016940000,0x0000000016a40000)]
  0x00000000153b9000 JavaThread "Signal Dispatcher" daemon [_thread_blocked, id=15156, stack(0x0000000016840000,0x0000000016940000)]
  0x0000000002ce6000 JavaThread "Finalizer" daemon [_thread_blocked, id=36388, stack(0x0000000016650000,0x0000000016750000)]
  0x0000000002ce0800 JavaThread "Reference Handler" daemon [_thread_blocked, id=23068, stack(0x0000000016550000,0x0000000016650000)]
  0x0000000002b5e000 JavaThread "main" [_thread_in_Java, id=11544, stack(0x0000000002a20000,0x0000000002b20000)]

Other Threads:
  0x0000000015386000 VMThread [stack: 0x0000000016450000,0x0000000016550000] [id=8228]
  0x0000000016d45800 WatcherThread [stack: 0x0000000017240000,0x0000000017340000] [id=31536]

VM state:not at safepoint (normal execution)

VM Mutex/Monitor currently owned by a thread: None

Heap:
 PSYoungGen      total 38400K, used 34556K [0x00000000eab00000, 0x00000000ed580000, 0x0000000100000000)
  eden space 33280K, 88% used [0x00000000eab00000,0x00000000ec7c1b10,0x00000000ecb80000)
  from space 5120K, 99% used [0x00000000ecb80000,0x00000000ed07d630,0x00000000ed080000)
  to   space 5120K, 0% used [0x00000000ed080000,0x00000000ed080000,0x00000000ed580000)
 ParOldGen       total 87552K, used 1251K [0x00000000c0000000, 0x00000000c5580000, 0x00000000eab00000)
  object space 87552K, 1% used [0x00000000c0000000,0x00000000c0138ed0,0x00000000c5580000)
 Metaspace       used 6003K, capacity 6960K, committed 7040K, reserved 1056768K
  class space    used 571K, capacity 616K, committed 640K, reserved 1048576K

Card table byte_map: [0x00000000120b0000,0x00000000122c0000] byte_map_base: 0x0000000011ab0000

Marking Bits: (ParMarkBitMap*) 0x0000000068fd18f0
 Begin Bits: [0x0000000012820000, 0x0000000013820000)
 End Bits:   [0x0000000013820000, 0x0000000014820000)

Polling page: 0x0000000001260000

CodeCache: size=245760Kb used=5546Kb max_used=5546Kb free=240213Kb
 bounds [0x0000000002cf0000, 0x0000000003260000, 0x0000000011cf0000]
 total_blobs=1674 nmethods=1407 adapters=181
 compilation: enabled

Compilation events (10 events):
Event: 1.666 Thread 0x000000001541a000 1417       1       com.android.dx.cf.code.ByteCatchList$Item::getEndPc (5 bytes)
Event: 1.666 Thread 0x000000001541a000 nmethod 1417 0x0000000003256110 code [0x0000000003256260, 0x0000000003256370]
Event: 1.667 Thread 0x000000001541a000 1418       3       com.android.dx.ssa.back.SsaToRop$PhiVisitor::visitPhiInsn (67 bytes)
Event: 1.668 Thread 0x000000001541a000 nmethod 1418 0x00000000032563d0 code [0x0000000003256640, 0x0000000003257648]
Event: 1.668 Thread 0x000000001541a000 1420       3       com.android.dx.dex.file.AnnotationUtils::makeSignature (251 bytes)
Event: 1.671 Thread 0x000000001541a000 nmethod 1420 0x0000000003258250 code [0x00000000032586a0, 0x000000000325b128]
Event: 1.671 Thread 0x000000001541a000 1419       3       com.android.dx.rop.cst.CstInterfaceMethodRef::toMethodRef (31 bytes)
Event: 1.672 Thread 0x000000001541a000 nmethod 1419 0x000000000325cfd0 code [0x000000000325d160, 0x000000000325d7d8]
Event: 1.688 Thread 0x000000001541a000 1423       2       com.android.dx.dex.cf.CfTranslator::translate0 (259 bytes)
Event: 1.690 Thread 0x000000001541a000 nmethod 1423 0x000000000325da10 code [0x000000000325dd20, 0x000000000325eae8]

GC Heap History (2 events):
Event: 1.397 GC heap before
{Heap before GC invocations=1 (full 0):
 PSYoungGen      total 38400K, used 33280K [0x00000000eab00000, 0x00000000ed580000, 0x0000000100000000)
  eden space 33280K, 100% used [0x00000000eab00000,0x00000000ecb80000,0x00000000ecb80000)
  from space 5120K, 0% used [0x00000000ed080000,0x00000000ed080000,0x00000000ed580000)
  to   space 5120K, 0% used [0x00000000ecb80000,0x00000000ecb80000,0x00000000ed080000)
 ParOldGen       total 87552K, used 0K [0x00000000c0000000, 0x00000000c5580000, 0x00000000eab00000)
  object space 87552K, 0% used [0x00000000c0000000,0x00000000c0000000,0x00000000c5580000)
 Metaspace       used 5881K, capacity 6896K, committed 7040K, reserved 1056768K
  class space    used 569K, capacity 616K, committed 640K, reserved 1048576K
Event: 1.406 GC heap after
Heap after GC invocations=1 (full 0):
 PSYoungGen      total 38400K, used 5109K [0x00000000eab00000, 0x00000000ed580000, 0x0000000100000000)
  eden space 33280K, 0% used [0x00000000eab00000,0x00000000eab00000,0x00000000ecb80000)
  from space 5120K, 99% used [0x00000000ecb80000,0x00000000ed07d630,0x00000000ed080000)
  to   space 5120K, 0% used [0x00000000ed080000,0x00000000ed080000,0x00000000ed580000)
 ParOldGen       total 87552K, used 1251K [0x00000000c0000000, 0x00000000c5580000, 0x00000000eab00000)
  object space 87552K, 1% used [0x00000000c0000000,0x00000000c0138ed0,0x00000000c5580000)
 Metaspace       used 5881K, capacity 6896K, committed 7040K, reserved 1056768K
  class space    used 569K, capacity 616K, committed 640K, reserved 1048576K
}

Deoptimization events (10 events):
Event: 1.124 Thread 0x0000000016fe8800 Uncommon trap: reason=class_check action=maybe_recompile pc=0x0000000002f841e8 method=com.android.dx.rop.type.Type.equals(Ljava/lang/Object;)Z @ 8
Event: 1.124 Thread 0x0000000016fe8800 Uncommon trap: reason=class_check action=maybe_recompile pc=0x0000000002f841e8 method=com.android.dx.rop.type.Type.equals(Ljava/lang/Object;)Z @ 8
Event: 1.226 Thread 0x0000000016fe3800 Uncommon trap: reason=unstable_if action=reinterpret pc=0x000000000304be3c method=com.android.dx.util.IntList.binarysearch(I)I @ 105
Event: 1.332 Thread 0x0000000016fe8800 Uncommon trap: reason=class_check action=maybe_recompile pc=0x000000000313e070 method=com.android.dx.ssa.NormalSsaInsn.accept(Lcom/android/dx/ssa/SsaInsn$Visitor;)V @ 9
Event: 1.425 Thread 0x0000000017030000 Uncommon trap: reason=class_check action=maybe_recompile pc=0x000000000313e070 method=com.android.dx.ssa.NormalSsaInsn.accept(Lcom/android/dx/ssa/SsaInsn$Visitor;)V @ 9
Event: 1.438 Thread 0x0000000016fe8800 Uncommon trap: reason=class_check action=maybe_recompile pc=0x000000000313e070 method=com.android.dx.ssa.NormalSsaInsn.accept(Lcom/android/dx/ssa/SsaInsn$Visitor;)V @ 9
Event: 1.438 Thread 0x0000000016fe8800 Uncommon trap: reason=class_check action=maybe_recompile pc=0x0000000002f28930 method=com.android.dx.ssa.NormalSsaInsn.accept(Lcom/android/dx/ssa/SsaInsn$Visitor;)V @ 9
Event: 1.443 Thread 0x0000000016fe8800 Uncommon trap: reason=null_check action=make_not_entrant pc=0x00000000030467e8 method=com.android.dx.rop.type.Type.equals(Ljava/lang/Object;)Z @ 8
Event: 1.489 Thread 0x0000000017030000 Uncommon trap: reason=class_check action=maybe_recompile pc=0x000000000313e070 method=com.android.dx.ssa.NormalSsaInsn.accept(Lcom/android/dx/ssa/SsaInsn$Visitor;)V @ 9
Event: 1.499 Thread 0x0000000016fe8800 Uncommon trap: reason=class_check action=maybe_recompile pc=0x0000000002f429b0 method=com.android.dx.ssa.NormalSsaInsn.accept(Lcom/android/dx/ssa/SsaInsn$Visitor;)V @ 9

Internal exceptions (3 events):
Event: 0.073 Thread 0x0000000002b5e000 Exception <a 'java/lang/NoSuchMethodError': Method sun.misc.Unsafe.defineClass(Ljava/lang/String;[BII)Ljava/lang/Class; name or signature does not match> (0x00000000eab07c78) thrown at [C:\src\android\AOSP-openjdk\external\jetbrains\jdk\hotspot\src\share\vŸGû˛Õ–≤?
Event: 0.073 Thread 0x0000000002b5e000 Exception <a 'java/lang/NoSuchMethodError': Method sun.misc.Unsafe.prefetchRead(Ljava/lang/Object;J)V name or signature does not match> (0x00000000eab07f60) thrown at [C:\src\android\AOSP-openjdk\external\jetbrains\jdk\hotspot\src\share\vm\prims\jni.cpp, lõåçXJ˜?
Event: 1.443 Thread 0x0000000016fe8800 Implicit null exception at 0x00000000030466e2 to 0x00000000030467da

Events (10 events):
Event: 1.494 Thread 0x0000000016fa3800 DEOPT UNPACKING pc=0x0000000002d375bf sp=0x000000001743e190 mode 0
Event: 1.498 Thread 0x0000000016fe8800 Uncommon trap: trap_request=0xffffffde fr.pc=0x0000000002f429b0
Event: 1.499 Thread 0x0000000016fe8800 DEOPT PACKING pc=0x0000000002f429b0 sp=0x000000001773e7d0
Event: 1.499 Thread 0x0000000016fe8800 DEOPT UNPACKING pc=0x0000000002d3556a sp=0x000000001773e710 mode 2
Event: 1.508 Thread 0x0000000016fe8800 DEOPT PACKING pc=0x0000000002fae365 sp=0x000000001773e860
Event: 1.508 Thread 0x0000000016fe8800 DEOPT UNPACKING pc=0x0000000002d375bf sp=0x000000001773e640 mode 0
Event: 1.521 Thread 0x0000000017030000 DEOPT PACKING pc=0x0000000002fae54f sp=0x000000001783e740
Event: 1.521 Thread 0x0000000017030000 DEOPT UNPACKING pc=0x0000000002d375bf sp=0x000000001783e520 mode 0
Event: 1.606 loading class com/android/dx/cf/attrib/AttEnclosingMethod
Event: 1.606 loading class com/android/dx/cf/attrib/AttEnclosingMethod done


Dynamic libraries:
0x00007ff7d0cc0000 - 0x00007ff7d0cf1000 	C:\Program Files\Android\Android Studio\jre\bin\java.exe
0x00007ffa7a380000 - 0x00007ffa7a552000 	C:\Windows\SYSTEM32\ntdll.dll
0x00007ffa78640000 - 0x00007ffa786ec000 	C:\Windows\System32\KERNEL32.DLL
0x00007ffa76d10000 - 0x00007ffa76f2d000 	C:\Windows\System32\KERNELBASE.dll
0x00007ffa788f0000 - 0x00007ffa78992000 	C:\Windows\System32\ADVAPI32.dll
0x00007ffa78530000 - 0x00007ffa785ce000 	C:\Windows\System32\msvcrt.dll
0x00007ffa7a1e0000 - 0x00007ffa7a239000 	C:\Windows\System32\sechost.dll
0x00007ffa789a0000 - 0x00007ffa78ac1000 	C:\Windows\System32\RPCRT4.dll
0x00007ffa7a070000 - 0x00007ffa7a1d5000 	C:\Windows\System32\USER32.dll
0x00007ffa76c00000 - 0x00007ffa76c1e000 	C:\Windows\System32\win32u.dll
0x00007ffa77a90000 - 0x00007ffa77ac4000 	C:\Windows\System32\GDI32.dll
0x00007ffa76f90000 - 0x00007ffa77110000 	C:\Windows\System32\gdi32full.dll
0x00007ffa691a0000 - 0x00007ffa6941a000 	C:\Windows\WinSxS\amd64_microsoft.windows.common-controls_6595b64144ccf1df_6.0.14393.953_none_42151e83c686086b\COMCTL32.dll
0x00007ffa781a0000 - 0x00007ffa78468000 	C:\Windows\System32\combase.dll
0x00007ffa76b00000 - 0x00007ffa76bf5000 	C:\Windows\System32\ucrtbase.dll
0x00007ffa77110000 - 0x00007ffa7717a000 	C:\Windows\System32\bcryptPrimitives.dll
0x00007ffa788b0000 - 0x00007ffa788de000 	C:\Windows\System32\IMM32.DLL
0x00007ffa5a430000 - 0x00007ffa5a4d7000 	C:\Program Files\McAfee\Host Intrusion Prevention\HcApi.dll
0x000000006b0e0000 - 0x000000006b0ec000 	C:\Program Files\McAfee\Host Intrusion Prevention\HcThe.dll
0x000000006a760000 - 0x000000006a832000 	C:\Program Files\Android\Android Studio\jre\jre\bin\msvcr100.dll
0x0000000068810000 - 0x000000006904c000 	C:\Program Files\Android\Android Studio\jre\jre\bin\server\jvm.dll
0x00007ffa77a80000 - 0x00007ffa77a88000 	C:\Windows\System32\PSAPI.DLL
0x00007ffa64bb0000 - 0x00007ffa64bb9000 	C:\Windows\SYSTEM32\WSOCK32.dll
0x00007ffa779b0000 - 0x00007ffa77a1a000 	C:\Windows\System32\WS2_32.dll
0x00007ffa74e00000 - 0x00007ffa74e23000 	C:\Windows\SYSTEM32\WINMM.dll
0x00007ffa73700000 - 0x00007ffa7370a000 	C:\Windows\SYSTEM32\VERSION.dll
0x00007ffa74da0000 - 0x00007ffa74dcb000 	C:\Windows\SYSTEM32\WINMMBASE.dll
0x00007ffa76cc0000 - 0x00007ffa76d02000 	C:\Windows\System32\cfgmgr32.dll
0x00007ffa63510000 - 0x00007ffa6351f000 	C:\Program Files\Android\Android Studio\jre\jre\bin\verify.dll
0x00007ffa50790000 - 0x00007ffa507b9000 	C:\Program Files\Android\Android Studio\jre\jre\bin\java.dll
0x00007ffa5a560000 - 0x00007ffa5a576000 	C:\Program Files\Android\Android Studio\jre\jre\bin\zip.dll
0x00007ffa78af0000 - 0x00007ffa79ff9000 	C:\Windows\System32\SHELL32.dll
0x00007ffa77180000 - 0x00007ffa77859000 	C:\Windows\System32\windows.storage.dll
0x00007ffa76820000 - 0x00007ffa7686c000 	C:\Windows\System32\powrprof.dll
0x00007ffa77a20000 - 0x00007ffa77a72000 	C:\Windows\System32\shlwapi.dll
0x00007ffa76810000 - 0x00007ffa7681f000 	C:\Windows\System32\kernel.appcore.dll
0x00007ffa76880000 - 0x00007ffa76929000 	C:\Windows\System32\shcore.dll
0x00007ffa767f0000 - 0x00007ffa76804000 	C:\Windows\System32\profapi.dll

VM Arguments:
jvm_args: -Djava.awt.headless=true -Xmx1024M -Dfile.encoding=windows-1252 -Duser.country=US -Duser.language=en -Duser.variant 
java_command: com.android.dx.command.Main --dex --num-threads=4 --multi-dex --output C:\GE_POWER\attendancematerial\app\build\intermediates\transforms\dex\debug\folders\1000\10\com.google.android.gms-play-services-tagmanager-9.2.0_cdbee78158b868b01682cd3b25463f59259bd0f2 C:\GE_POWER\attendancematerial\app\build\intermediates\exploded-aar\com.google.android.gms\play-services-tagmanager\9.2.0\jars\classes.jar
java_class_path (initial): C:\Users\212634269\AppData\Local\Android\sdk\build-tools\25.0.1\lib\dx.jar
Launcher Type: SUN_STANDARD

Environment Variables:
JAVA_HOME=C:\Program Files\Java\jdk1.8.0_144
CLASSPATH=.;
PATH=C:\Program Files\ImageMagick-6.9.9-Q8;C:\Python36\Scripts\;C:\Python36\;C:\Python27\;C:\Python27\Scripts;C:\Windows\system32;C:\Windows;C:\Windows\System32\Wbem;C:\Windows\System32\WindowsPowerShell\v1.0\;C:\Program Files (x86)\Sennheiser\SoftphoneSDK\;C:\ProgramData\chocolatey\bin;C:\Program Files\Git\cmd;C:\Program Files\Java\jdk1.8.0_144\bin;C:\Program Files\Amazon\AWSCLI\;C:\GE_POWER\sonar-scanner-3.0.3.778-windows\bin;C:\HashiCorp\Vagrant\bin;C:\opscode\chefdk\bin\;C:\Users\212634269\AppData\Local\Microsoft\WindowsApps;C:\Users\212634269\AppData\Local\atom\bin;C:\Users\212634269\AppData\Local\Continuum\anaconda2\Scripts
USERNAME=212634269
OS=Windows_NT
PROCESSOR_IDENTIFIER=Intel64 Family 6 Model 78 Stepping 3, GenuineIntel



---------------  S Y S T E M  ---------------

OS: Windows 10.0 , 64 bit Build 14393 (10.0.14393.1198)

CPU:total 4 (2 cores per cpu, 2 threads per core) family 6 model 78 stepping 3, cmov, cx8, fxsr, mmx, sse, sse2, sse3, ssse3, sse4.1, sse4.2, popcnt, avx, avx2, aes, clmul, erms, rtm, 3dnowpref, lzcnt, ht, tsc, tscinvbit, bmi1, bmi2, adx

Memory: 4k page, physical 8266320k(480204k free), swap 12459600k(2488k free)

vm_info: OpenJDK 64-Bit Server VM (25.112-b06) for windows-amd64 JRE (1.8.0_112-release-b06), built on Dec  8 2016 00:54:26 by "builder" with MS VC++ 10.0 (VS2010)

time: Sat Feb 10 13:00:11 2018
elapsed time: 1 seconds (0d 0h 0m 1s)

