#
# There is insufficient memory for the Java Runtime Environment to continue.
# Native memory allocation (malloc) failed to allocate 32744 bytes for ChunkPool::allocate
# Possible reasons:
#   The system is out of physical RAM or swap space
#   In 32 bit mode, the process size limit was hit
# Possible solutions:
#   Reduce memory load on the system
#   Increase physical memory or swap space
#   Check if swap backing store is full
#   Use 64 bit Java on a 64 bit OS
#   Decrease Java heap size (-Xmx/-Xms)
#   Decrease number of Java threads
#   Decrease Java thread stack sizes (-Xss)
#   Set larger code cache with -XX:ReservedCodeCacheSize=
# This output file may be truncated or incomplete.
#
#  Out of Memory Error (allocation.cpp:273), pid=34124, tid=0x0000000000003990
#
# JRE version: OpenJDK Runtime Environment (8.0_112-b06) (build 1.8.0_112-release-b06)
# Java VM: OpenJDK 64-Bit Server VM (25.112-b06 mixed mode windows-amd64 compressed oops)
# Failed to write core dump. Minidumps are not enabled by default on client versions of Windows
#

---------------  T H R E A D  ---------------

Current thread (0x00000000155ce000):  JavaThread "C2 CompilerThread0" daemon [_thread_in_native, id=14736, stack(0x0000000016c30000,0x0000000016d30000)]

Stack: [0x0000000016c30000,0x0000000016d30000]
[error occurred during error reporting (printing stack bounds), id 0xc0000005]

Native frames: (J=compiled Java code, j=interpreted, Vv=VM code, C=native code)


Current CompileTask:
C2:    679  450       4       java.util.ArrayList$Itr::next (66 bytes)


---------------  P R O C E S S  ---------------

Java Threads: ( => current thread )
  0x0000000017079000 JavaThread "pool-2-thread-4" [_thread_in_vm, id=22396, stack(0x0000000017930000,0x0000000017a30000)]
  0x0000000016fdb000 JavaThread "pool-2-thread-3" [_thread_in_Java, id=19080, stack(0x0000000017830000,0x0000000017930000)]
  0x0000000016f8c800 JavaThread "pool-2-thread-2" [_thread_blocked, id=23668, stack(0x0000000017730000,0x0000000017830000)]
  0x0000000016f89800 JavaThread "pool-3-thread-1" [_thread_blocked, id=30740, stack(0x0000000017630000,0x0000000017730000)]
  0x0000000016f89000 JavaThread "pool-2-thread-1" [_thread_blocked, id=20336, stack(0x0000000017530000,0x0000000017630000)]
  0x0000000016e36000 JavaThread "Service Thread" daemon [_thread_blocked, id=27776, stack(0x0000000017330000,0x0000000017430000)]
  0x000000001562e800 JavaThread "C1 CompilerThread2" daemon [_thread_in_native, id=15380, stack(0x0000000017230000,0x0000000017330000)]
  0x00000000155fb800 JavaThread "C2 CompilerThread1" daemon [_thread_in_native, id=24888, stack(0x0000000016d30000,0x0000000016e30000)]
=>0x00000000155ce000 JavaThread "C2 CompilerThread0" daemon [_thread_in_native, id=14736, stack(0x0000000016c30000,0x0000000016d30000)]
  0x00000000155cc000 JavaThread "Attach Listener" daemon [_thread_blocked, id=25228, stack(0x0000000016b30000,0x0000000016c30000)]
  0x00000000155cb000 JavaThread "Signal Dispatcher" daemon [_thread_blocked, id=24456, stack(0x0000000016a30000,0x0000000016b30000)]
  0x00000000155b8800 JavaThread "Finalizer" daemon [_thread_blocked, id=13332, stack(0x0000000016840000,0x0000000016940000)]
  0x0000000002ef2000 JavaThread "Reference Handler" daemon [_thread_blocked, id=37352, stack(0x0000000016740000,0x0000000016840000)]
  0x0000000002bae000 JavaThread "main" [_thread_in_Java, id=31932, stack(0x0000000002d00000,0x0000000002e00000)]

Other Threads:
  0x0000000002eec000 VMThread [stack: 0x0000000016640000,0x0000000016740000] [id=35668]
  0x0000000016e37000 WatcherThread [stack: 0x0000000017430000,0x0000000017530000] [id=37132]

VM state:not at safepoint (normal execution)

VM Mutex/Monitor currently owned by a thread: None

Heap:
 PSYoungGen      total 38400K, used 12680K [0x00000000eab00000, 0x00000000ed580000, 0x0000000100000000)
  eden space 33280K, 38% used [0x00000000eab00000,0x00000000eb7622c8,0x00000000ecb80000)
  from space 5120K, 0% used [0x00000000ed080000,0x00000000ed080000,0x00000000ed580000)
  to   space 5120K, 0% used [0x00000000ecb80000,0x00000000ecb80000,0x00000000ed080000)
 ParOldGen       total 87552K, used 0K [0x00000000c0000000, 0x00000000c5580000, 0x00000000eab00000)
  object space 87552K, 0% used [0x00000000c0000000,0x00000000c0000000,0x00000000c5580000)
 Metaspace       used 5301K, capacity 6512K, committed 6784K, reserved 1060864K
  class space    used 558K, capacity 616K, committed 640K, reserved 1048576K

Card table byte_map: [0x00000000122c0000,0x00000000124d0000] byte_map_base: 0x0000000011cc0000

Marking Bits: (ParMarkBitMap*) 0x0000000068fd18f0
 Begin Bits: [0x0000000012a30000, 0x0000000013a30000)
 End Bits:   [0x0000000013a30000, 0x0000000014a30000)

Polling page: 0x0000000002b50000

CodeCache: size=245760Kb used=1973Kb max_used=1985Kb free=243786Kb
 bounds [0x0000000002f00000, 0x0000000003170000, 0x0000000011f00000]
 total_blobs=689 nmethods=427 adapters=176
 compilation: enabled

Compilation events (10 events):
Event: 0.666 Thread 0x000000001562e800 nmethod 421 0x00000000030ed2d0 code [0x00000000030ed420, 0x00000000030ed530]
Event: 0.666 Thread 0x000000001562e800  425   !   3       com.android.dx.cf.code.BytecodeArray::parseInstruction (2764 bytes)
Event: 0.667 Thread 0x00000000155ce000  431       4       java.util.BitSet::checkInvariants (111 bytes)
Event: 0.667 Thread 0x00000000155ce000 nmethod 431 0x00000000030e3150 code [0x00000000030e3280, 0x00000000030e32d8]
Event: 0.669 Thread 0x00000000155ce000  438   !   4       com.android.dx.util.FixedSizeList::get0 (47 bytes)
Event: 0.669 Thread 0x00000000155ce000 nmethod 438 0x00000000030eea10 code [0x00000000030eeb40, 0x00000000030eebf8]
Event: 0.670 Thread 0x00000000155fb800  444       4       java.util.HashMap::getNode (148 bytes)
Event: 0.671 Thread 0x00000000155ce000  447       4       java.util.ArrayList$Itr::hasNext (20 bytes)
Event: 0.671 Thread 0x00000000155ce000 nmethod 447 0x00000000030e4c10 code [0x00000000030e4d40, 0x00000000030e4dd8]
Event: 0.673 Thread 0x00000000155ce000  450       4       java.util.ArrayList$Itr::next (66 bytes)

GC Heap History (0 events):
No events

Deoptimization events (1 events):
Event: 0.458 Thread 0x0000000002bae000 Uncommon trap: reason=unstable_if action=reinterpret pc=0x0000000003037ed4 method=java.lang.String.indexOf(II)I @ 49

Internal exceptions (2 events):
Event: 0.107 Thread 0x0000000002bae000 Exception <a 'java/lang/NoSuchMethodError': Method sun.misc.Unsafe.defineClass(Ljava/lang/String;[BII)Ljava/lang/Class; name or signature does not match> (0x00000000eab07c78) thrown at [C:\src\android\AOSP-openjdk\external\jetbrains\jdk\hotspot\src\share\v€ÿÀßdª?
Event: 0.107 Thread 0x0000000002bae000 Exception <a 'java/lang/NoSuchMethodError': Method sun.misc.Unsafe.prefetchRead(Ljava/lang/Object;J)V name or signature does not match> (0x00000000eab07f60) thrown at [C:\src\android\AOSP-openjdk\external\jetbrains\jdk\hotspot\src\share\vm\prims\jni.cpp, l

Events (10 events):
Event: 0.663 loading class java/io/PrintWriter
Event: 0.663 loading class java/io/PrintWriter done
Event: 0.664 loading class com/android/dx/dex/file/DebugInfoItem
Event: 0.664 loading class com/android/dx/dex/file/DebugInfoItem done
Event: 0.664 loading class com/android/dx/dex/file/MethodIdItem
Event: 0.664 loading class com/android/dx/dex/file/MethodIdItem done
Event: 0.665 loading class com/android/dx/cf/code/BytecodeArray$ConstantParserVisitor
Event: 0.665 loading class com/android/dx/cf/code/BytecodeArray$ConstantParserVisitor done
Event: 0.670 loading class com/android/dx/ssa/PhiInsn$Operand
Event: 0.670 loading class com/android/dx/ssa/PhiInsn$Operand done


Dynamic libraries:
0x00007ff7d0cc0000 - 0x00007ff7d0cf1000 	C:\Program Files\Android\Android Studio\jre\bin\java.exe
0x00007ffa7a380000 - 0x00007ffa7a552000 	C:\Windows\SYSTEM32\ntdll.dll
0x00007ffa78640000 - 0x00007ffa786ec000 	C:\Windows\System32\KERNEL32.DLL
0x00007ffa76d10000 - 0x00007ffa76f2d000 	C:\Windows\System32\KERNELBASE.dll
0x00007ffa788f0000 - 0x00007ffa78992000 	C:\Windows\System32\ADVAPI32.dll
0x00007ffa78530000 - 0x00007ffa785ce000 	C:\Windows\System32\msvcrt.dll
0x00007ffa7a1e0000 - 0x00007ffa7a239000 	C:\Windows\System32\sechost.dll
0x00007ffa789a0000 - 0x00007ffa78ac1000 	C:\Windows\System32\RPCRT4.dll
0x00007ffa7a070000 - 0x00007ffa7a1d5000 	C:\Windows\System32\USER32.dll
0x00007ffa76c00000 - 0x00007ffa76c1e000 	C:\Windows\System32\win32u.dll
0x00007ffa77a90000 - 0x00007ffa77ac4000 	C:\Windows\System32\GDI32.dll
0x00007ffa76f90000 - 0x00007ffa77110000 	C:\Windows\System32\gdi32full.dll
0x00007ffa691a0000 - 0x00007ffa6941a000 	C:\Windows\WinSxS\amd64_microsoft.windows.common-controls_6595b64144ccf1df_6.0.14393.953_none_42151e83c686086b\COMCTL32.dll
0x00007ffa781a0000 - 0x00007ffa78468000 	C:\Windows\System32\combase.dll
0x00007ffa76b00000 - 0x00007ffa76bf5000 	C:\Windows\System32\ucrtbase.dll
0x00007ffa77110000 - 0x00007ffa7717a000 	C:\Windows\System32\bcryptPrimitives.dll
0x00007ffa788b0000 - 0x00007ffa788de000 	C:\Windows\System32\IMM32.DLL
0x00007ffa5a430000 - 0x00007ffa5a4d7000 	C:\Program Files\McAfee\Host Intrusion Prevention\HcApi.dll
0x000000006b0e0000 - 0x000000006b0ec000 	C:\Program Files\McAfee\Host Intrusion Prevention\HcThe.dll
0x000000006a760000 - 0x000000006a832000 	C:\Program Files\Android\Android Studio\jre\jre\bin\msvcr100.dll
0x0000000068810000 - 0x000000006904c000 	C:\Program Files\Android\Android Studio\jre\jre\bin\server\jvm.dll
0x00007ffa77a80000 - 0x00007ffa77a88000 	C:\Windows\System32\PSAPI.DLL
0x00007ffa64bb0000 - 0x00007ffa64bb9000 	C:\Windows\SYSTEM32\WSOCK32.dll
0x00007ffa74e00000 - 0x00007ffa74e23000 	C:\Windows\SYSTEM32\WINMM.dll
0x00007ffa73700000 - 0x00007ffa7370a000 	C:\Windows\SYSTEM32\VERSION.dll
0x00007ffa74da0000 - 0x00007ffa74dcb000 	C:\Windows\SYSTEM32\WINMMBASE.dll
0x00007ffa779b0000 - 0x00007ffa77a1a000 	C:\Windows\System32\WS2_32.dll
0x00007ffa76cc0000 - 0x00007ffa76d02000 	C:\Windows\System32\cfgmgr32.dll
0x00007ffa63510000 - 0x00007ffa6351f000 	C:\Program Files\Android\Android Studio\jre\jre\bin\verify.dll
0x00007ffa50790000 - 0x00007ffa507b9000 	C:\Program Files\Android\Android Studio\jre\jre\bin\java.dll
0x00007ffa5a560000 - 0x00007ffa5a576000 	C:\Program Files\Android\Android Studio\jre\jre\bin\zip.dll
0x00007ffa78af0000 - 0x00007ffa79ff9000 	C:\Windows\System32\SHELL32.dll
0x00007ffa77180000 - 0x00007ffa77859000 	C:\Windows\System32\windows.storage.dll
0x00007ffa76820000 - 0x00007ffa7686c000 	C:\Windows\System32\powrprof.dll
0x00007ffa77a20000 - 0x00007ffa77a72000 	C:\Windows\System32\shlwapi.dll
0x00007ffa76810000 - 0x00007ffa7681f000 	C:\Windows\System32\kernel.appcore.dll
0x00007ffa76880000 - 0x00007ffa76929000 	C:\Windows\System32\shcore.dll
0x00007ffa767f0000 - 0x00007ffa76804000 	C:\Windows\System32\profapi.dll

VM Arguments:
jvm_args: -Djava.awt.headless=true -Xmx1024M -Dfile.encoding=windows-1252 -Duser.country=US -Duser.language=en -Duser.variant 
java_command: com.android.dx.command.Main --dex --num-threads=4 --multi-dex --output C:\GE_POWER\attendancematerial\app\build\intermediates\transforms\dex\debug\folders\1000\10\com.android.support-support-vector-drawable-25.4.0_8b1d3214188510b0fde52d9e4674a6e26fe3c888 C:\GE_POWER\attendancematerial\app\build\intermediates\exploded-aar\com.android.support\support-vector-drawable\25.4.0\jars\classes.jar
java_class_path (initial): C:\Users\212634269\AppData\Local\Android\sdk\build-tools\25.0.1\lib\dx.jar
Launcher Type: SUN_STANDARD

Environment Variables:
JAVA_HOME=C:\Program Files\Java\jdk1.8.0_144
CLASSPATH=.;
PATH=C:\Program Files\ImageMagick-6.9.9-Q8;C:\Python36\Scripts\;C:\Python36\;C:\Python27\;C:\Python27\Scripts;C:\Windows\system32;C:\Windows;C:\Windows\System32\Wbem;C:\Windows\System32\WindowsPowerShell\v1.0\;C:\Program Files (x86)\Sennheiser\SoftphoneSDK\;C:\ProgramData\chocolatey\bin;C:\Program Files\Git\cmd;C:\Program Files\Java\jdk1.8.0_144\bin;C:\Program Files\Amazon\AWSCLI\;C:\GE_POWER\sonar-scanner-3.0.3.778-windows\bin;C:\HashiCorp\Vagrant\bin;C:\opscode\chefdk\bin\;C:\Users\212634269\AppData\Local\Microsoft\WindowsApps;C:\Users\212634269\AppData\Local\atom\bin;C:\Users\212634269\AppData\Local\Continuum\anaconda2\Scripts
USERNAME=212634269
OS=Windows_NT
PROCESSOR_IDENTIFIER=Intel64 Family 6 Model 78 Stepping 3, GenuineIntel



---------------  S Y S T E M  ---------------

OS: Windows 10.0 , 64 bit Build 14393 (10.0.14393.1198)

CPU:total 4 (2 cores per cpu, 2 threads per core) family 6 model 78 stepping 3, cmov, cx8, fxsr, mmx, sse, sse2, sse3, ssse3, sse4.1, sse4.2, popcnt, avx, avx2, aes, clmul, erms, rtm, 3dnowpref, lzcnt, ht, tsc, tscinvbit, bmi1, bmi2, adx

Memory: 4k page, physical 8266320k(615476k free), swap 12459600k(5124k free)

vm_info: OpenJDK 64-Bit Server VM (25.112-b06) for windows-amd64 JRE (1.8.0_112-release-b06), built on Dec  8 2016 00:54:26 by "builder" with MS VC++ 10.0 (VS2010)

time: Sat Feb 10 12:59:45 2018
elapsed time: 0 seconds (0d 0h 0m 0s)

