#
# There is insufficient memory for the Java Runtime Environment to continue.
# Native memory allocation (malloc) failed to allocate 327216 bytes for Chunk::new
# Possible reasons:
#   The system is out of physical RAM or swap space
#   In 32 bit mode, the process size limit was hit
# Possible solutions:
#   Reduce memory load on the system
#   Increase physical memory or swap space
#   Check if swap backing store is full
#   Use 64 bit Java on a 64 bit OS
#   Decrease Java heap size (-Xmx/-Xms)
#   Decrease number of Java threads
#   Decrease Java thread stack sizes (-Xss)
#   Set larger code cache with -XX:ReservedCodeCacheSize=
# This output file may be truncated or incomplete.
#
#  Out of Memory Error (allocation.cpp:390), pid=31552, tid=0x0000000000004c88
#
# JRE version: OpenJDK Runtime Environment (8.0_112-b06) (build 1.8.0_112-release-b06)
# Java VM: OpenJDK 64-Bit Server VM (25.112-b06 mixed mode windows-amd64 compressed oops)
# Failed to write core dump. Minidumps are not enabled by default on client versions of Windows
#

---------------  T H R E A D  ---------------

Current thread (0x0000000014b3e000):  JavaThread "C2 CompilerThread0" daemon [_thread_in_native, id=19592, stack(0x00000000160a0000,0x00000000161a0000)]

Stack: [0x00000000160a0000,0x00000000161a0000]
[error occurred during error reporting (printing stack bounds), id 0xc0000005]

Native frames: (J=compiled Java code, j=interpreted, Vv=VM code, C=native code)


Current CompileTask:
C2:   3020 1527       4       com.android.dx.ssa.SCCP::simulatePhi (169 bytes)


---------------  P R O C E S S  ---------------

Java Threads: ( => current thread )
  0x0000000016515000 JavaThread "pool-1-thread-1" [_thread_new, id=24700, stack(0x0000000000000000,0x0000000000000000)]
  0x0000000014b9c000 JavaThread "Service Thread" daemon [_thread_blocked, id=19232, stack(0x00000000167a0000,0x00000000168a0000)]
  0x00000000162a8800 JavaThread "C1 CompilerThread2" daemon [_thread_blocked, id=22532, stack(0x00000000166a0000,0x00000000167a0000)]
  0x0000000014b41800 JavaThread "C2 CompilerThread1" daemon [_thread_in_native, id=9916, stack(0x00000000161a0000,0x00000000162a0000)]
=>0x0000000014b3e000 JavaThread "C2 CompilerThread0" daemon [_thread_in_native, id=19592, stack(0x00000000160a0000,0x00000000161a0000)]
  0x0000000014b3d000 JavaThread "Attach Listener" daemon [_thread_blocked, id=6876, stack(0x0000000015fa0000,0x00000000160a0000)]
  0x0000000014b3c000 JavaThread "Signal Dispatcher" daemon [_thread_blocked, id=12684, stack(0x0000000015ea0000,0x0000000015fa0000)]
  0x0000000014b28800 JavaThread "Finalizer" daemon [_thread_blocked, id=10236, stack(0x0000000015da0000,0x0000000015ea0000)]
  0x0000000002463000 JavaThread "Reference Handler" daemon [_thread_blocked, id=16636, stack(0x0000000015ca0000,0x0000000015da0000)]
  0x000000000222e000 JavaThread "main" [_thread_blocked, id=9108, stack(0x0000000002270000,0x0000000002370000)]

Other Threads:
  0x000000000245c000 VMThread [stack: 0x0000000015ba0000,0x0000000015ca0000] [id=5468]
  0x0000000014b9d000 WatcherThread [stack: 0x00000000168a0000,0x00000000169a0000] [id=31636]

VM state:not at safepoint (normal execution)

VM Mutex/Monitor currently owned by a thread: None

Heap:
 PSYoungGen      total 38400K, used 7406K [0x00000000eab00000, 0x00000000ed580000, 0x0000000100000000)
  eden space 33280K, 6% used [0x00000000eab00000,0x00000000ead43a60,0x00000000ecb80000)
  from space 5120K, 99% used [0x00000000ed080000,0x00000000ed578028,0x00000000ed580000)
  to   space 5120K, 0% used [0x00000000ecb80000,0x00000000ecb80000,0x00000000ed080000)
 ParOldGen       total 87552K, used 5938K [0x00000000c0000000, 0x00000000c5580000, 0x00000000eab00000)
  object space 87552K, 6% used [0x00000000c0000000,0x00000000c05ccaf8,0x00000000c5580000)
 Metaspace       used 6100K, capacity 7024K, committed 7296K, reserved 1056768K
  class space    used 573K, capacity 616K, committed 640K, reserved 1048576K

Card table byte_map: [0x0000000011830000,0x0000000011a40000] byte_map_base: 0x0000000011230000

Marking Bits: (ParMarkBitMap*) 0x0000000068fd18f0
 Begin Bits: [0x0000000011fa0000, 0x0000000012fa0000)
 End Bits:   [0x0000000012fa0000, 0x0000000013fa0000)

Polling page: 0x0000000000950000

CodeCache: size=245760Kb used=6265Kb max_used=6266Kb free=239494Kb
 bounds [0x0000000002470000, 0x0000000002aa0000, 0x0000000011470000]
 total_blobs=1792 nmethods=1525 adapters=181
 compilation: enabled

Compilation events (10 events):
Event: 2.999 Thread 0x00000000162a8800 1532       3       com.android.dx.ssa.back.IdenticalBlockCombiner::replaceSucc (83 bytes)
Event: 2.999 Thread 0x00000000162a8800 nmethod 1532 0x0000000002a928d0 code [0x0000000002a92ac0, 0x0000000002a937f8]
Event: 3.012 Thread 0x00000000162a8800 1535       3       com.android.dx.command.dexer.Main::access$1800 (4 bytes)
Event: 3.012 Thread 0x00000000162a8800 nmethod 1535 0x0000000002a925d0 code [0x0000000002a92720, 0x0000000002a92870]
Event: 3.012 Thread 0x00000000162a8800 1536       3       com.android.dx.command.dexer.Main::access$2000 (4 bytes)
Event: 3.012 Thread 0x00000000162a8800 nmethod 1536 0x0000000002a922d0 code [0x0000000002a92420, 0x0000000002a92570]
Event: 3.013 Thread 0x00000000162a8800 1537       3       com.android.dx.command.dexer.Main::access$1600 (4 bytes)
Event: 3.013 Thread 0x00000000162a8800 nmethod 1537 0x0000000002a91f50 code [0x0000000002a920a0, 0x0000000002a921f0]
Event: 3.013 Thread 0x00000000162a8800 1538       3       java.util.concurrent.locks.AbstractQueuedSynchronizer::acquire (27 bytes)
Event: 3.013 Thread 0x00000000162a8800 nmethod 1538 0x0000000002a87310 code [0x0000000002a874c0, 0x0000000002a87978]

GC Heap History (4 events):
Event: 2.083 GC heap before
{Heap before GC invocations=1 (full 0):
 PSYoungGen      total 38400K, used 33280K [0x00000000eab00000, 0x00000000ed580000, 0x0000000100000000)
  eden space 33280K, 100% used [0x00000000eab00000,0x00000000ecb80000,0x00000000ecb80000)
  from space 5120K, 0% used [0x00000000ed080000,0x00000000ed080000,0x00000000ed580000)
  to   space 5120K, 0% used [0x00000000ecb80000,0x00000000ecb80000,0x00000000ed080000)
 ParOldGen       total 87552K, used 0K [0x00000000c0000000, 0x00000000c5580000, 0x00000000eab00000)
  object space 87552K, 0% used [0x00000000c0000000,0x00000000c0000000,0x00000000c5580000)
 Metaspace       used 5959K, capacity 6896K, committed 7040K, reserved 1056768K
  class space    used 570K, capacity 616K, committed 640K, reserved 1048576K
Event: 2.218 GC heap after
Heap after GC invocations=1 (full 0):
 PSYoungGen      total 38400K, used 5111K [0x00000000eab00000, 0x00000000ed580000, 0x0000000100000000)
  eden space 33280K, 0% used [0x00000000eab00000,0x00000000eab00000,0x00000000ecb80000)
  from space 5120K, 99% used [0x00000000ecb80000,0x00000000ed07dc78,0x00000000ed080000)
  to   space 5120K, 0% used [0x00000000ed080000,0x00000000ed080000,0x00000000ed580000)
 ParOldGen       total 87552K, used 1686K [0x00000000c0000000, 0x00000000c5580000, 0x00000000eab00000)
  object space 87552K, 1% used [0x00000000c0000000,0x00000000c01a5b18,0x00000000c5580000)
 Metaspace       used 5959K, capacity 6896K, committed 7040K, reserved 1056768K
  class space    used 570K, capacity 616K, committed 640K, reserved 1048576K
}
Event: 2.910 GC heap before
{Heap before GC invocations=2 (full 0):
 PSYoungGen      total 38400K, used 38391K [0x00000000eab00000, 0x00000000ed580000, 0x0000000100000000)
  eden space 33280K, 100% used [0x00000000eab00000,0x00000000ecb80000,0x00000000ecb80000)
  from space 5120K, 99% used [0x00000000ecb80000,0x00000000ed07dc78,0x00000000ed080000)
  to   space 5120K, 0% used [0x00000000ed080000,0x00000000ed080000,0x00000000ed580000)
 ParOldGen       total 87552K, used 1686K [0x00000000c0000000, 0x00000000c5580000, 0x00000000eab00000)
  object space 87552K, 1% used [0x00000000c0000000,0x00000000c01a5b18,0x00000000c5580000)
 Metaspace       used 6094K, capacity 7024K, committed 7296K, reserved 1056768K
  class space    used 572K, capacity 616K, committed 640K, reserved 1048576K
Event: 2.983 GC heap after
Heap after GC invocations=2 (full 0):
 PSYoungGen      total 38400K, used 5088K [0x00000000eab00000, 0x00000000ed580000, 0x0000000100000000)
  eden space 33280K, 0% used [0x00000000eab00000,0x00000000eab00000,0x00000000ecb80000)
  from space 5120K, 99% used [0x00000000ed080000,0x00000000ed578028,0x00000000ed580000)
  to   space 5120K, 0% used [0x00000000ecb80000,0x00000000ecb80000,0x00000000ed080000)
 ParOldGen       total 87552K, used 5938K [0x00000000c0000000, 0x00000000c5580000, 0x00000000eab00000)
  object space 87552K, 6% used [0x00000000c0000000,0x00000000c05ccaf8,0x00000000c5580000)
 Metaspace       used 6094K, capacity 7024K, committed 7296K, reserved 1056768K
  class space    used 572K, capacity 616K, committed 640K, reserved 1048576K
}

Deoptimization events (9 events):
Event: 0.900 Thread 0x0000000016518800 Uncommon trap: reason=unstable_if action=reinterpret pc=0x0000000002678a78 method=java.util.HashMap.getNode(ILjava/lang/Object;)Ljava/util/HashMap$Node; @ 62
Event: 0.928 Thread 0x000000000222e000 Uncommon trap: reason=unstable_if action=reinterpret pc=0x000000000269edf8 method=java.lang.String.<init>([CII)V @ 18
Event: 0.974 Thread 0x000000001650e800 Uncommon trap: reason=unstable_if action=reinterpret pc=0x0000000002684b70 method=java.util.BitSet.nextSetBit(I)I @ 87
Event: 0.984 Thread 0x0000000016518000 Uncommon trap: reason=unstable_if action=reinterpret pc=0x00000000027a8dc0 method=com.android.dx.rop.code.RegisterSpec.equals(ILcom/android/dx/rop/type/TypeBearer;Lcom/android/dx/rop/code/LocalItem;)Z @ 16
Event: 0.984 Thread 0x0000000016518000 Uncommon trap: reason=unstable_if action=reinterpret pc=0x0000000002694dd4 method=java.util.HashMap.getNode(ILjava/lang/Object;)Ljava/util/HashMap$Node; @ 62
Event: 1.441 Thread 0x0000000016518000 Uncommon trap: reason=unstable_if action=reinterpret pc=0x00000000026a8b34 method=java.util.BitSet.ensureCapacity(I)V @ 6
Event: 2.372 Thread 0x000000000222e000 Uncommon trap: reason=unstable_if action=reinterpret pc=0x000000000289131c method=com.android.dx.ssa.SsaMethod.updateOneDefinition(Lcom/android/dx/ssa/SsaInsn;Lcom/android/dx/rop/code/RegisterSpec;)V @ 4
Event: 2.826 Thread 0x0000000016518000 Uncommon trap: reason=unstable_if action=reinterpret pc=0x00000000028e013c method=com.android.dx.util.IntList.binarysearch(I)I @ 105
Event: 2.827 Thread 0x0000000016518000 Uncommon trap: reason=null_check action=make_not_entrant pc=0x00000000027646e8 method=com.android.dx.rop.type.Type.equals(Ljava/lang/Object;)Z @ 8

Internal exceptions (3 events):
Event: 0.082 Thread 0x000000000222e000 Exception <a 'java/lang/NoSuchMethodError': Method sun.misc.Unsafe.defineClass(Ljava/lang/String;[BII)Ljava/lang/Class; name or signature does not match> (0x00000000eab07c78) thrown at [C:\src\android\AOSP-openjdk\external\jetbrains\jdk\hotspot\src\share\v[d	iÈ¥?
Event: 0.082 Thread 0x000000000222e000 Exception <a 'java/lang/NoSuchMethodError': Method sun.misc.Unsafe.prefetchRead(Ljava/lang/Object;J)V name or signature does not match> (0x00000000eab07f60) thrown at [C:\src\android\AOSP-openjdk\external\jetbrains\jdk\hotspot\src\share\vm\prims\jni.cpp, l•zƒ‚ù@
Event: 2.827 Thread 0x0000000016518000 Implicit null exception at 0x00000000027645e2 to 0x00000000027646da

Events (10 events):
Event: 2.849 loading class java/util/HashMap$KeySet
Event: 2.850 loading class java/util/HashMap$KeySet done
Event: 2.850 loading class java/util/HashMap$KeyIterator
Event: 2.850 loading class java/util/HashMap$KeyIterator done
Event: 2.851 Thread 0x000000001650e800 Thread exited: 0x000000001650e800
Event: 2.851 Thread 0x0000000016518000 Thread exited: 0x0000000016518000
Event: 2.859 Executing VM operation: ParallelGCFailedAllocation
Event: 2.983 Executing VM operation: ParallelGCFailedAllocation done
Event: 2.990 Thread 0x0000000016518800 Thread exited: 0x0000000016518800
Event: 3.011 Thread 0x0000000016519800 Thread exited: 0x0000000016519800


Dynamic libraries:
0x00007ff7d0cc0000 - 0x00007ff7d0cf1000 	C:\Program Files\Android\Android Studio\jre\bin\java.exe
0x00007ffa7a380000 - 0x00007ffa7a552000 	C:\Windows\SYSTEM32\ntdll.dll
0x00007ffa78640000 - 0x00007ffa786ec000 	C:\Windows\System32\KERNEL32.DLL
0x00007ffa76d10000 - 0x00007ffa76f2d000 	C:\Windows\System32\KERNELBASE.dll
0x00007ffa788f0000 - 0x00007ffa78992000 	C:\Windows\System32\ADVAPI32.dll
0x00007ffa78530000 - 0x00007ffa785ce000 	C:\Windows\System32\msvcrt.dll
0x00007ffa7a1e0000 - 0x00007ffa7a239000 	C:\Windows\System32\sechost.dll
0x00007ffa789a0000 - 0x00007ffa78ac1000 	C:\Windows\System32\RPCRT4.dll
0x00007ffa7a070000 - 0x00007ffa7a1d5000 	C:\Windows\System32\USER32.dll
0x00007ffa76c00000 - 0x00007ffa76c1e000 	C:\Windows\System32\win32u.dll
0x00007ffa77a90000 - 0x00007ffa77ac4000 	C:\Windows\System32\GDI32.dll
0x00007ffa76f90000 - 0x00007ffa77110000 	C:\Windows\System32\gdi32full.dll
0x00007ffa691a0000 - 0x00007ffa6941a000 	C:\Windows\WinSxS\amd64_microsoft.windows.common-controls_6595b64144ccf1df_6.0.14393.953_none_42151e83c686086b\COMCTL32.dll
0x00007ffa781a0000 - 0x00007ffa78468000 	C:\Windows\System32\combase.dll
0x00007ffa76b00000 - 0x00007ffa76bf5000 	C:\Windows\System32\ucrtbase.dll
0x00007ffa77110000 - 0x00007ffa7717a000 	C:\Windows\System32\bcryptPrimitives.dll
0x00007ffa788b0000 - 0x00007ffa788de000 	C:\Windows\System32\IMM32.DLL
0x00007ffa5a430000 - 0x00007ffa5a4d7000 	C:\Program Files\McAfee\Host Intrusion Prevention\HcApi.dll
0x000000006b0e0000 - 0x000000006b0ec000 	C:\Program Files\McAfee\Host Intrusion Prevention\HcThe.dll
0x000000006a760000 - 0x000000006a832000 	C:\Program Files\Android\Android Studio\jre\jre\bin\msvcr100.dll
0x0000000068810000 - 0x000000006904c000 	C:\Program Files\Android\Android Studio\jre\jre\bin\server\jvm.dll
0x00007ffa77a80000 - 0x00007ffa77a88000 	C:\Windows\System32\PSAPI.DLL
0x00007ffa64bb0000 - 0x00007ffa64bb9000 	C:\Windows\SYSTEM32\WSOCK32.dll
0x00007ffa779b0000 - 0x00007ffa77a1a000 	C:\Windows\System32\WS2_32.dll
0x00007ffa74e00000 - 0x00007ffa74e23000 	C:\Windows\SYSTEM32\WINMM.dll
0x00007ffa73700000 - 0x00007ffa7370a000 	C:\Windows\SYSTEM32\VERSION.dll
0x00007ffa74da0000 - 0x00007ffa74dcb000 	C:\Windows\SYSTEM32\WINMMBASE.dll
0x00007ffa76cc0000 - 0x00007ffa76d02000 	C:\Windows\System32\cfgmgr32.dll
0x00007ffa63510000 - 0x00007ffa6351f000 	C:\Program Files\Android\Android Studio\jre\jre\bin\verify.dll
0x00007ffa50790000 - 0x00007ffa507b9000 	C:\Program Files\Android\Android Studio\jre\jre\bin\java.dll
0x00007ffa5a560000 - 0x00007ffa5a576000 	C:\Program Files\Android\Android Studio\jre\jre\bin\zip.dll
0x00007ffa78af0000 - 0x00007ffa79ff9000 	C:\Windows\System32\SHELL32.dll
0x00007ffa77180000 - 0x00007ffa77859000 	C:\Windows\System32\windows.storage.dll
0x00007ffa76820000 - 0x00007ffa7686c000 	C:\Windows\System32\powrprof.dll
0x00007ffa77a20000 - 0x00007ffa77a72000 	C:\Windows\System32\shlwapi.dll
0x00007ffa76810000 - 0x00007ffa7681f000 	C:\Windows\System32\kernel.appcore.dll
0x00007ffa76880000 - 0x00007ffa76929000 	C:\Windows\System32\shcore.dll
0x00007ffa767f0000 - 0x00007ffa76804000 	C:\Windows\System32\profapi.dll

VM Arguments:
jvm_args: -Djava.awt.headless=true -Xmx1024M -Dfile.encoding=windows-1252 -Duser.country=US -Duser.language=en -Duser.variant 
java_command: com.android.dx.command.Main --dex --num-threads=4 --multi-dex --output C:\GE_POWER\attendancematerial\app\build\intermediates\transforms\dex\debug\folders\1000\10\com.google.android.gms-play-services-plus-9.2.0_142f9d230d92bf91b9dfc1200ae60a255f7e0d5c C:\GE_POWER\attendancematerial\app\build\intermediates\exploded-aar\com.google.android.gms\play-services-plus\9.2.0\jars\classes.jar
java_class_path (initial): C:\Users\212634269\AppData\Local\Android\sdk\build-tools\25.0.1\lib\dx.jar
Launcher Type: SUN_STANDARD

Environment Variables:
JAVA_HOME=C:\Program Files\Java\jdk1.8.0_144
CLASSPATH=.;
PATH=C:\Program Files\ImageMagick-6.9.9-Q8;C:\Python36\Scripts\;C:\Python36\;C:\Python27\;C:\Python27\Scripts;C:\Windows\system32;C:\Windows;C:\Windows\System32\Wbem;C:\Windows\System32\WindowsPowerShell\v1.0\;C:\Program Files (x86)\Sennheiser\SoftphoneSDK\;C:\ProgramData\chocolatey\bin;C:\Program Files\Git\cmd;C:\Program Files\Java\jdk1.8.0_144\bin;C:\Program Files\Amazon\AWSCLI\;C:\GE_POWER\sonar-scanner-3.0.3.778-windows\bin;C:\HashiCorp\Vagrant\bin;C:\opscode\chefdk\bin\;C:\Users\212634269\AppData\Local\Microsoft\WindowsApps;C:\Users\212634269\AppData\Local\atom\bin;C:\Users\212634269\AppData\Local\Continuum\anaconda2\Scripts
USERNAME=212634269
OS=Windows_NT
PROCESSOR_IDENTIFIER=Intel64 Family 6 Model 78 Stepping 3, GenuineIntel



---------------  S Y S T E M  ---------------

OS: Windows 10.0 , 64 bit Build 14393 (10.0.14393.1198)

CPU:total 4 (2 cores per cpu, 2 threads per core) family 6 model 78 stepping 3, cmov, cx8, fxsr, mmx, sse, sse2, sse3, ssse3, sse4.1, sse4.2, popcnt, avx, avx2, aes, clmul, erms, rtm, 3dnowpref, lzcnt, ht, tsc, tscinvbit, bmi1, bmi2, adx

Memory: 4k page, physical 8266320k(503904k free), swap 12459600k(3516k free)

vm_info: OpenJDK 64-Bit Server VM (25.112-b06) for windows-amd64 JRE (1.8.0_112-release-b06), built on Dec  8 2016 00:54:26 by "builder" with MS VC++ 10.0 (VS2010)

time: Sat Feb 10 13:01:52 2018
elapsed time: 3 seconds (0d 0h 0m 3s)

