#
# There is insufficient memory for the Java Runtime Environment to continue.
# Native memory allocation (malloc) failed to allocate 144336 bytes for Chunk::new
# Possible reasons:
#   The system is out of physical RAM or swap space
#   In 32 bit mode, the process size limit was hit
# Possible solutions:
#   Reduce memory load on the system
#   Increase physical memory or swap space
#   Check if swap backing store is full
#   Use 64 bit Java on a 64 bit OS
#   Decrease Java heap size (-Xmx/-Xms)
#   Decrease number of Java threads
#   Decrease Java thread stack sizes (-Xss)
#   Set larger code cache with -XX:ReservedCodeCacheSize=
# This output file may be truncated or incomplete.
#
#  Out of Memory Error (allocation.cpp:390), pid=35028, tid=0x0000000000007810
#
# JRE version: OpenJDK Runtime Environment (8.0_112-b06) (build 1.8.0_112-release-b06)
# Java VM: OpenJDK 64-Bit Server VM (25.112-b06 mixed mode windows-amd64 compressed oops)
# Failed to write core dump. Minidumps are not enabled by default on client versions of Windows
#

---------------  T H R E A D  ---------------

Current thread (0x0000000014deb000):  JavaThread "C2 CompilerThread0" daemon [_thread_in_native, id=30736, stack(0x0000000016440000,0x0000000016540000)]

Stack: [0x0000000016440000,0x0000000016540000]
[error occurred during error reporting (printing stack bounds), id 0xc0000005]

Native frames: (J=compiled Java code, j=interpreted, Vv=VM code, C=native code)


Current CompileTask:
C2:   1580 1145       4       com.android.dx.ssa.SCCP::simulateBranch (666 bytes)


---------------  P R O C E S S  ---------------

Java Threads: ( => current thread )
  0x000000001689a000 JavaThread "pool-1-thread-1" [_thread_in_vm, id=22052, stack(0x0000000018a10000,0x0000000018b10000)]
  0x000000001675c800 JavaThread "Service Thread" daemon [_thread_blocked, id=8636, stack(0x0000000016b40000,0x0000000016c40000)]
  0x0000000014e3a800 JavaThread "C1 CompilerThread2" daemon [_thread_in_vm, id=24688, stack(0x0000000016640000,0x0000000016740000)]
  0x0000000014def000 JavaThread "C2 CompilerThread1" daemon [_thread_in_native, id=4544, stack(0x0000000016540000,0x0000000016640000)]
=>0x0000000014deb000 JavaThread "C2 CompilerThread0" daemon [_thread_in_native, id=30736, stack(0x0000000016440000,0x0000000016540000)]
  0x0000000014dea000 JavaThread "Attach Listener" daemon [_thread_blocked, id=21548, stack(0x0000000016340000,0x0000000016440000)]
  0x0000000014de9000 JavaThread "Signal Dispatcher" daemon [_thread_blocked, id=37584, stack(0x0000000016240000,0x0000000016340000)]
  0x0000000002715800 JavaThread "Finalizer" daemon [_thread_blocked, id=36788, stack(0x0000000016050000,0x0000000016150000)]
  0x0000000002710800 JavaThread "Reference Handler" daemon [_thread_blocked, id=35020, stack(0x0000000015f50000,0x0000000016050000)]
  0x000000000242e000 JavaThread "main" [_thread_blocked, id=19384, stack(0x0000000002520000,0x0000000002620000)]

Other Threads:
  0x0000000014db6000 VMThread [stack: 0x0000000015e50000,0x0000000015f50000] [id=21164]
  0x0000000016765800 WatcherThread [stack: 0x0000000016c40000,0x0000000016d40000] [id=6308]

VM state:not at safepoint (normal execution)

VM Mutex/Monitor currently owned by a thread: None

Heap:
 PSYoungGen      total 38400K, used 31976K [0x00000000eab00000, 0x00000000ed580000, 0x0000000100000000)
  eden space 33280K, 96% used [0x00000000eab00000,0x00000000eca3a128,0x00000000ecb80000)
  from space 5120K, 0% used [0x00000000ed080000,0x00000000ed080000,0x00000000ed580000)
  to   space 5120K, 0% used [0x00000000ecb80000,0x00000000ecb80000,0x00000000ed080000)
 ParOldGen       total 87552K, used 0K [0x00000000c0000000, 0x00000000c5580000, 0x00000000eab00000)
  object space 87552K, 0% used [0x00000000c0000000,0x00000000c0000000,0x00000000c5580000)
 Metaspace       used 5830K, capacity 6960K, committed 7040K, reserved 1056768K
  class space    used 569K, capacity 616K, committed 640K, reserved 1048576K

Card table byte_map: [0x0000000011ae0000,0x0000000011cf0000] byte_map_base: 0x00000000114e0000

Marking Bits: (ParMarkBitMap*) 0x0000000068fd18f0
 Begin Bits: [0x0000000012250000, 0x0000000013250000)
 End Bits:   [0x0000000013250000, 0x0000000014250000)

Polling page: 0x00000000023f0000

CodeCache: size=245760Kb used=5013Kb max_used=5013Kb free=240746Kb
 bounds [0x0000000002720000, 0x0000000002c10000, 0x0000000011720000]
 total_blobs=1486 nmethods=1224 adapters=176
 compilation: enabled

Compilation events (10 events):
Event: 1.572 Thread 0x0000000014e3a800 nmethod 1207 0x0000000002bf92d0 code [0x0000000002bf9420, 0x0000000002bf9530]
Event: 1.572 Thread 0x0000000014e3a800 1208       1       com.android.dx.dex.file.Section::getAlignment (5 bytes)
Event: 1.572 Thread 0x0000000014e3a800 nmethod 1208 0x0000000002bf9010 code [0x0000000002bf9160, 0x0000000002bf9270]
Event: 1.572 Thread 0x0000000014e3a800 1209       3       com.android.dx.dex.file.EncodedMethod::compareTo (9 bytes)
Event: 1.573 Thread 0x0000000014e3a800 nmethod 1209 0x0000000002bf8950 code [0x0000000002bf8ac0, 0x0000000002bf8ea8]
Event: 1.573 Thread 0x0000000014e3a800 1211       1       com.android.dx.dex.file.DexFile::getWordData (5 bytes)
Event: 1.573 Thread 0x0000000014e3a800 nmethod 1211 0x0000000002bf8690 code [0x0000000002bf87e0, 0x0000000002bf88f0]
Event: 1.573 Thread 0x0000000014e3a800 1212       3       com.android.dx.rop.cst.CstType::hashCode (8 bytes)
Event: 1.574 Thread 0x0000000014e3a800 nmethod 1212 0x0000000002bfddd0 code [0x0000000002bfdf40, 0x0000000002bfe228]
Event: 1.574 Thread 0x0000000014e3a800 1213       3       java.util.TreeMap::values (25 bytes)

GC Heap History (0 events):
No events

Deoptimization events (10 events):
Event: 1.367 Thread 0x0000000016898000 Uncommon trap: reason=bimorphic action=maybe_recompile pc=0x0000000002986ba4 method=java.util.HashMap.getNode(ILjava/lang/Object;)Ljava/util/HashMap$Node; @ 126
Event: 1.367 Thread 0x0000000016898000 Uncommon trap: reason=class_check action=maybe_recompile pc=0x0000000002abad48 method=java.util.HashMap.putVal(ILjava/lang/Object;Ljava/lang/Object;ZZ)Ljava/lang/Object; @ 203
Event: 1.570 Thread 0x000000001689a000 Uncommon trap: reason=class_check action=maybe_recompile pc=0x0000000002b4f8d8 method=java.util.Arrays.hashCode([Ljava/lang/Object;)I @ 43
Event: 1.570 Thread 0x000000001689a000 Uncommon trap: reason=class_check action=maybe_recompile pc=0x0000000002b4f8d8 method=java.util.Arrays.hashCode([Ljava/lang/Object;)I @ 43
Event: 1.570 Thread 0x000000001689a000 Uncommon trap: reason=class_check action=maybe_recompile pc=0x0000000002b4f8d8 method=java.util.Arrays.hashCode([Ljava/lang/Object;)I @ 43
Event: 1.570 Thread 0x000000001689a000 Uncommon trap: reason=class_check action=maybe_recompile pc=0x0000000002b4f8d8 method=java.util.Arrays.hashCode([Ljava/lang/Object;)I @ 43
Event: 1.570 Thread 0x000000001689a000 Uncommon trap: reason=class_check action=maybe_recompile pc=0x0000000002b332f8 method=java.util.Arrays.hashCode([Ljava/lang/Object;)I @ 43
Event: 1.574 Thread 0x000000001689a000 Uncommon trap: reason=bimorphic action=maybe_recompile pc=0x0000000002986ba4 method=java.util.HashMap.getNode(ILjava/lang/Object;)Ljava/util/HashMap$Node; @ 126
Event: 1.574 Thread 0x000000001689a000 Uncommon trap: reason=bimorphic action=maybe_recompile pc=0x0000000002986ba4 method=java.util.HashMap.getNode(ILjava/lang/Object;)Ljava/util/HashMap$Node; @ 126
Event: 1.574 Thread 0x000000001689a000 Uncommon trap: reason=bimorphic action=maybe_recompile pc=0x0000000002986ba4 method=java.util.HashMap.getNode(ILjava/lang/Object;)Ljava/util/HashMap$Node; @ 126

Internal exceptions (4 events):
Event: 0.059 Thread 0x000000000242e000 Exception <a 'java/lang/NoSuchMethodError': Method sun.misc.Unsafe.defineClass(Ljava/lang/String;[BII)Ljava/lang/Class; name or signature does not match> (0x00000000eab07c78) thrown at [C:\src\android\AOSP-openjdk\external\jetbrains\jdk\hotspot\src\share\v9º¢0öP®?
Event: 0.059 Thread 0x000000000242e000 Exception <a 'java/lang/NoSuchMethodError': Method sun.misc.Unsafe.prefetchRead(Ljava/lang/Object;J)V name or signature does not match> (0x00000000eab07f60) thrown at [C:\src\android\AOSP-openjdk\external\jetbrains\jdk\hotspot\src\share\vm\prims\jni.cpp, lÞ%¶X}Gè?
Event: 0.759 Thread 0x0000000016898000 Implicit null exception at 0x00000000029d60e2 to 0x00000000029d61da
Event: 1.039 Thread 0x0000000016898000 Implicit null exception at 0x0000000002a888b9 to 0x0000000002a89f65

Events (10 events):
Event: 1.570 Thread 0x000000001689a000 DEOPT UNPACKING pc=0x000000000276556a sp=0x0000000018b0eca8 mode 2
Event: 1.574 Thread 0x000000001689a000 Uncommon trap: trap_request=0xffffffc6 fr.pc=0x0000000002986ba4
Event: 1.574 Thread 0x000000001689a000 DEOPT PACKING pc=0x0000000002986ba4 sp=0x0000000018b0edd0
Event: 1.574 Thread 0x000000001689a000 DEOPT UNPACKING pc=0x000000000276556a sp=0x0000000018b0ed50 mode 2
Event: 1.574 Thread 0x000000001689a000 Uncommon trap: trap_request=0xffffffc6 fr.pc=0x0000000002986ba4
Event: 1.574 Thread 0x000000001689a000 DEOPT PACKING pc=0x0000000002986ba4 sp=0x0000000018b0edd0
Event: 1.574 Thread 0x000000001689a000 DEOPT UNPACKING pc=0x000000000276556a sp=0x0000000018b0ed50 mode 2
Event: 1.574 Thread 0x000000001689a000 Uncommon trap: trap_request=0xffffffc6 fr.pc=0x0000000002986ba4
Event: 1.574 Thread 0x000000001689a000 DEOPT PACKING pc=0x0000000002986ba4 sp=0x0000000018b0edd0
Event: 1.574 Thread 0x000000001689a000 DEOPT UNPACKING pc=0x000000000276556a sp=0x0000000018b0ed50 mode 2


Dynamic libraries:
0x00007ff7d0cc0000 - 0x00007ff7d0cf1000 	C:\Program Files\Android\Android Studio\jre\bin\java.exe
0x00007ffa7a380000 - 0x00007ffa7a552000 	C:\Windows\SYSTEM32\ntdll.dll
0x00007ffa78640000 - 0x00007ffa786ec000 	C:\Windows\System32\KERNEL32.DLL
0x00007ffa76d10000 - 0x00007ffa76f2d000 	C:\Windows\System32\KERNELBASE.dll
0x00007ffa788f0000 - 0x00007ffa78992000 	C:\Windows\System32\ADVAPI32.dll
0x00007ffa78530000 - 0x00007ffa785ce000 	C:\Windows\System32\msvcrt.dll
0x00007ffa7a1e0000 - 0x00007ffa7a239000 	C:\Windows\System32\sechost.dll
0x00007ffa789a0000 - 0x00007ffa78ac1000 	C:\Windows\System32\RPCRT4.dll
0x00007ffa7a070000 - 0x00007ffa7a1d5000 	C:\Windows\System32\USER32.dll
0x00007ffa76c00000 - 0x00007ffa76c1e000 	C:\Windows\System32\win32u.dll
0x00007ffa77a90000 - 0x00007ffa77ac4000 	C:\Windows\System32\GDI32.dll
0x00007ffa76f90000 - 0x00007ffa77110000 	C:\Windows\System32\gdi32full.dll
0x00007ffa691a0000 - 0x00007ffa6941a000 	C:\Windows\WinSxS\amd64_microsoft.windows.common-controls_6595b64144ccf1df_6.0.14393.953_none_42151e83c686086b\COMCTL32.dll
0x00007ffa781a0000 - 0x00007ffa78468000 	C:\Windows\System32\combase.dll
0x00007ffa76b00000 - 0x00007ffa76bf5000 	C:\Windows\System32\ucrtbase.dll
0x00007ffa77110000 - 0x00007ffa7717a000 	C:\Windows\System32\bcryptPrimitives.dll
0x00007ffa788b0000 - 0x00007ffa788de000 	C:\Windows\System32\IMM32.DLL
0x00007ffa5a430000 - 0x00007ffa5a4d7000 	C:\Program Files\McAfee\Host Intrusion Prevention\HcApi.dll
0x000000006b0e0000 - 0x000000006b0ec000 	C:\Program Files\McAfee\Host Intrusion Prevention\HcThe.dll
0x000000006a760000 - 0x000000006a832000 	C:\Program Files\Android\Android Studio\jre\jre\bin\msvcr100.dll
0x0000000068810000 - 0x000000006904c000 	C:\Program Files\Android\Android Studio\jre\jre\bin\server\jvm.dll
0x00007ffa77a80000 - 0x00007ffa77a88000 	C:\Windows\System32\PSAPI.DLL
0x00007ffa64bb0000 - 0x00007ffa64bb9000 	C:\Windows\SYSTEM32\WSOCK32.dll
0x00007ffa779b0000 - 0x00007ffa77a1a000 	C:\Windows\System32\WS2_32.dll
0x00007ffa74e00000 - 0x00007ffa74e23000 	C:\Windows\SYSTEM32\WINMM.dll
0x00007ffa73700000 - 0x00007ffa7370a000 	C:\Windows\SYSTEM32\VERSION.dll
0x00007ffa74da0000 - 0x00007ffa74dcb000 	C:\Windows\SYSTEM32\WINMMBASE.dll
0x00007ffa76cc0000 - 0x00007ffa76d02000 	C:\Windows\System32\cfgmgr32.dll
0x00007ffa63510000 - 0x00007ffa6351f000 	C:\Program Files\Android\Android Studio\jre\jre\bin\verify.dll
0x00007ffa50790000 - 0x00007ffa507b9000 	C:\Program Files\Android\Android Studio\jre\jre\bin\java.dll
0x00007ffa5a560000 - 0x00007ffa5a576000 	C:\Program Files\Android\Android Studio\jre\jre\bin\zip.dll
0x00007ffa78af0000 - 0x00007ffa79ff9000 	C:\Windows\System32\SHELL32.dll
0x00007ffa77180000 - 0x00007ffa77859000 	C:\Windows\System32\windows.storage.dll
0x00007ffa76820000 - 0x00007ffa7686c000 	C:\Windows\System32\powrprof.dll
0x00007ffa77a20000 - 0x00007ffa77a72000 	C:\Windows\System32\shlwapi.dll
0x00007ffa76810000 - 0x00007ffa7681f000 	C:\Windows\System32\kernel.appcore.dll
0x00007ffa76880000 - 0x00007ffa76929000 	C:\Windows\System32\shcore.dll
0x00007ffa767f0000 - 0x00007ffa76804000 	C:\Windows\System32\profapi.dll

VM Arguments:
jvm_args: -Djava.awt.headless=true -Xmx1024M -Dfile.encoding=windows-1252 -Duser.country=US -Duser.language=en -Duser.variant 
java_command: com.android.dx.command.Main --dex --num-threads=4 --multi-dex --output C:\GE_POWER\attendancematerial\app\build\intermediates\transforms\dex\debug\folders\1000\10\com.android.support-animated-vector-drawable-25.4.0_517a3ca98bfe94d2cc2245bb2563ae83063dbbdf C:\GE_POWER\attendancematerial\app\build\intermediates\exploded-aar\com.android.support\animated-vector-drawable\25.4.0\jars\classes.jar
java_class_path (initial): C:\Users\212634269\AppData\Local\Android\sdk\build-tools\25.0.1\lib\dx.jar
Launcher Type: SUN_STANDARD

Environment Variables:
JAVA_HOME=C:\Program Files\Java\jdk1.8.0_144
CLASSPATH=.;
PATH=C:\Program Files\ImageMagick-6.9.9-Q8;C:\Python36\Scripts\;C:\Python36\;C:\Python27\;C:\Python27\Scripts;C:\Windows\system32;C:\Windows;C:\Windows\System32\Wbem;C:\Windows\System32\WindowsPowerShell\v1.0\;C:\Program Files (x86)\Sennheiser\SoftphoneSDK\;C:\ProgramData\chocolatey\bin;C:\Program Files\Git\cmd;C:\Program Files\Java\jdk1.8.0_144\bin;C:\Program Files\Amazon\AWSCLI\;C:\GE_POWER\sonar-scanner-3.0.3.778-windows\bin;C:\HashiCorp\Vagrant\bin;C:\opscode\chefdk\bin\;C:\Users\212634269\AppData\Local\Microsoft\WindowsApps;C:\Users\212634269\AppData\Local\atom\bin;C:\Users\212634269\AppData\Local\Continuum\anaconda2\Scripts
USERNAME=212634269
OS=Windows_NT
PROCESSOR_IDENTIFIER=Intel64 Family 6 Model 78 Stepping 3, GenuineIntel



---------------  S Y S T E M  ---------------

OS: Windows 10.0 , 64 bit Build 14393 (10.0.14393.1198)

CPU:total 4 (2 cores per cpu, 2 threads per core) family 6 model 78 stepping 3, cmov, cx8, fxsr, mmx, sse, sse2, sse3, ssse3, sse4.1, sse4.2, popcnt, avx, avx2, aes, clmul, erms, rtm, 3dnowpref, lzcnt, ht, tsc, tscinvbit, bmi1, bmi2, adx

Memory: 4k page, physical 8266320k(580072k free), swap 12459600k(3528k free)

vm_info: OpenJDK 64-Bit Server VM (25.112-b06) for windows-amd64 JRE (1.8.0_112-release-b06), built on Dec  8 2016 00:54:26 by "builder" with MS VC++ 10.0 (VS2010)

time: Sat Feb 10 13:01:03 2018
elapsed time: 1 seconds (0d 0h 0m 1s)

