#
# There is insufficient memory for the Java Runtime Environment to continue.
# Native memory allocation (malloc) failed to allocate 44976 bytes for Chunk::new
# Possible reasons:
#   The system is out of physical RAM or swap space
#   In 32 bit mode, the process size limit was hit
# Possible solutions:
#   Reduce memory load on the system
#   Increase physical memory or swap space
#   Check if swap backing store is full
#   Use 64 bit Java on a 64 bit OS
#   Decrease Java heap size (-Xmx/-Xms)
#   Decrease number of Java threads
#   Decrease Java thread stack sizes (-Xss)
#   Set larger code cache with -XX:ReservedCodeCacheSize=
# This output file may be truncated or incomplete.
#
#  Out of Memory Error (allocation.cpp:390), pid=22140, tid=0x0000000000004464
#
# JRE version: OpenJDK Runtime Environment (8.0_112-b06) (build 1.8.0_112-release-b06)
# Java VM: OpenJDK 64-Bit Server VM (25.112-b06 mixed mode windows-amd64 compressed oops)
# Failed to write core dump. Minidumps are not enabled by default on client versions of Windows
#

---------------  T H R E A D  ---------------

Current thread (0x00000000158af000):  JavaThread "C2 CompilerThread1" daemon [_thread_in_native, id=17508, stack(0x0000000016ff0000,0x00000000170f0000)]

Stack: [0x0000000016ff0000,0x00000000170f0000]
[error occurred during error reporting (printing stack bounds), id 0xc0000005]

Native frames: (J=compiled Java code, j=interpreted, Vv=VM code, C=native code)


Current CompileTask:
C2:   1863 1031       4       com.android.dx.dex.code.OutputFinisher::updateInfo (44 bytes)


---------------  P R O C E S S  ---------------

Java Threads: ( => current thread )
  0x000000001744c000 JavaThread "pool-2-thread-4" [_thread_blocked, id=20032, stack(0x0000000017bf0000,0x0000000017cf0000)]
  0x000000001744b800 JavaThread "pool-2-thread-3" [_thread_blocked, id=13816, stack(0x0000000017af0000,0x0000000017bf0000)]
  0x0000000017447800 JavaThread "pool-2-thread-2" [_thread_in_vm, id=30184, stack(0x00000000179f0000,0x0000000017af0000)]
  0x0000000017503000 JavaThread "pool-3-thread-1" [_thread_blocked, id=27976, stack(0x00000000178f0000,0x00000000179f0000)]
  0x0000000017439000 JavaThread "pool-2-thread-1" [_thread_in_Java, id=35432, stack(0x00000000177f0000,0x00000000178f0000)]
  0x00000000171f2800 JavaThread "Service Thread" daemon [_thread_blocked, id=17028, stack(0x00000000175f0000,0x00000000176f0000)]
  0x000000001590a000 JavaThread "C1 CompilerThread2" daemon [_thread_blocked, id=340, stack(0x00000000170f0000,0x00000000171f0000)]
=>0x00000000158af000 JavaThread "C2 CompilerThread1" daemon [_thread_in_native, id=17508, stack(0x0000000016ff0000,0x00000000170f0000)]
  0x00000000158ab000 JavaThread "C2 CompilerThread0" daemon [_thread_in_native, id=34872, stack(0x0000000016ef0000,0x0000000016ff0000)]
  0x00000000158aa000 JavaThread "Attach Listener" daemon [_thread_blocked, id=22504, stack(0x0000000016df0000,0x0000000016ef0000)]
  0x00000000158a9000 JavaThread "Signal Dispatcher" daemon [_thread_blocked, id=27784, stack(0x0000000016cf0000,0x0000000016df0000)]
  0x0000000003115800 JavaThread "Finalizer" daemon [_thread_blocked, id=14644, stack(0x0000000016b00000,0x0000000016c00000)]
  0x0000000003110800 JavaThread "Reference Handler" daemon [_thread_blocked, id=32632, stack(0x0000000016a00000,0x0000000016b00000)]
  0x000000000178e000 JavaThread "main" [_thread_in_Java, id=21240, stack(0x0000000002ef0000,0x0000000002ff0000)]

Other Threads:
  0x0000000015876000 VMThread [stack: 0x0000000016900000,0x0000000016a00000] [id=19012]
  0x00000000171f3800 WatcherThread [stack: 0x00000000176f0000,0x00000000177f0000] [id=13488]

VM state:not at safepoint (normal execution)

VM Mutex/Monitor currently owned by a thread: None

Heap:
 PSYoungGen      total 38400K, used 24272K [0x00000000eab00000, 0x00000000ed580000, 0x0000000100000000)
  eden space 33280K, 72% used [0x00000000eab00000,0x00000000ec2b4190,0x00000000ecb80000)
  from space 5120K, 0% used [0x00000000ed080000,0x00000000ed080000,0x00000000ed580000)
  to   space 5120K, 0% used [0x00000000ecb80000,0x00000000ecb80000,0x00000000ed080000)
 ParOldGen       total 87552K, used 0K [0x00000000c0000000, 0x00000000c5580000, 0x00000000eab00000)
  object space 87552K, 0% used [0x00000000c0000000,0x00000000c0000000,0x00000000c5580000)
 Metaspace       used 5838K, capacity 6832K, committed 7040K, reserved 1056768K
  class space    used 569K, capacity 616K, committed 640K, reserved 1048576K

Card table byte_map: [0x00000000125a0000,0x00000000127b0000] byte_map_base: 0x0000000011fa0000

Marking Bits: (ParMarkBitMap*) 0x0000000068fd18f0
 Begin Bits: [0x0000000012d10000, 0x0000000013d10000)
 End Bits:   [0x0000000013d10000, 0x0000000014d10000)

Polling page: 0x00000000017b0000

CodeCache: size=245760Kb used=4271Kb max_used=4271Kb free=241488Kb
 bounds [0x00000000031e0000, 0x0000000003610000, 0x00000000121e0000]
 total_blobs=1300 nmethods=1030 adapters=182
 compilation: disabled (not enough contiguous free space left)

Compilation events (10 events):
Event: 1.854 Thread 0x000000001590a000 nmethod 1023 0x00000000035fd790 code [0x00000000035fda60, 0x00000000035fef58]
Event: 1.854 Thread 0x000000001590a000 1027       3       java.util.ArrayList::clear (39 bytes)
Event: 1.854 Thread 0x000000001590a000 nmethod 1027 0x00000000035e6ed0 code [0x00000000035e7040, 0x00000000035e73b0]
Event: 1.854 Thread 0x000000001590a000 1017       3       com.android.dx.cf.iface.StdAttributeList::findNext (85 bytes)
Event: 1.855 Thread 0x00000000158ab000 1030       4       com.android.dx.util.ByteArray$MyInputStream::read (40 bytes)
Event: 1.855 Thread 0x000000001590a000 nmethod 1017 0x00000000035e85d0 code [0x00000000035e87c0, 0x00000000035e93c8]
Event: 1.855 Thread 0x000000001590a000 1028   !   3       com.android.dx.cf.direct.AttributeListParser::parse (323 bytes)
Event: 1.856 Thread 0x00000000158ab000 

Event: 1.856 Thread 0x00000000158af000 1031       4       com.android.dx.dex.code.OutputFinisher::updateInfo (44 bytes)
Event: 1.857 Thread 0x00000000158ab000 1032       4       com.android.dx.util.BitIntSet::<init> (13 bytes)

GC Heap History (0 events):
No events

Deoptimization events (5 events):
Event: 0.543 Thread 0x000000000178e000 Uncommon trap: reason=unstable_if action=reinterpret pc=0x000000000333225c method=java.lang.String.indexOf(II)I @ 49
Event: 1.039 Thread 0x0000000017447800 Uncommon trap: reason=unstable_if action=reinterpret pc=0x00000000033ffc04 method=java.util.HashMap.getNode(ILjava/lang/Object;)Ljava/util/HashMap$Node; @ 62
Event: 1.261 Thread 0x0000000017439000 Uncommon trap: reason=bimorphic action=maybe_recompile pc=0x0000000003421ea8 method=java.util.HashMap.getNode(ILjava/lang/Object;)Ljava/util/HashMap$Node; @ 126
Event: 1.401 Thread 0x0000000017447800 Uncommon trap: reason=unloaded action=reinterpret pc=0x00000000034d12e4 method=com.android.dx.ssa.SsaRenamer$BlockRenamer.visitMoveInsn(Lcom/android/dx/ssa/NormalSsaInsn;)V @ 208
Event: 1.404 Thread 0x0000000017447800 Uncommon trap: reason=unloaded action=reinterpret pc=0x00000000034abe54 method=com.android.dx.ssa.SsaRenamer$BlockRenamer.visitMoveInsn(Lcom/android/dx/ssa/NormalSsaInsn;)V @ 208

Internal exceptions (2 events):
Event: 0.108 Thread 0x000000000178e000 Exception <a 'java/lang/NoSuchMethodError': Method sun.misc.Unsafe.defineClass(Ljava/lang/String;[BII)Ljava/lang/Class; name or signature does not match> (0x00000000eab07c78) thrown at [C:\src\android\AOSP-openjdk\external\jetbrains\jdk\hotspot\src\share\v¦Ü
ü¦»?
Event: 0.108 Thread 0x000000000178e000 Exception <a 'java/lang/NoSuchMethodError': Method sun.misc.Unsafe.prefetchRead(Ljava/lang/Object;J)V name or signature does not match> (0x00000000eab07f60) thrown at [C:\src\android\AOSP-openjdk\external\jetbrains\jdk\hotspot\src\share\vm\prims\jni.cpp, l

Events (10 events):
Event: 1.401 Thread 0x0000000017447800 DEOPT UNPACKING pc=0x000000000322556a sp=0x0000000017aee590 mode 2
Event: 1.404 Thread 0x0000000017447800 Uncommon trap: trap_request=0x00000035 fr.pc=0x00000000034abe54
Event: 1.404 Thread 0x0000000017447800 DEOPT PACKING pc=0x00000000034abe54 sp=0x0000000017aee5e0
Event: 1.404 Thread 0x0000000017447800 DEOPT UNPACKING pc=0x000000000322556a sp=0x0000000017aee550 mode 2
Event: 1.416 Executing VM operation: ForceSafepoint
Event: 1.473 Executing VM operation: ForceSafepoint done
Event: 1.512 loading class java/util/DualPivotQuicksort
Event: 1.513 loading class java/util/DualPivotQuicksort done
Event: 1.854 loading class com/android/dx/cf/attrib/AttExceptions
Event: 1.854 loading class com/android/dx/cf/attrib/AttExceptions done


Dynamic libraries:
0x00007ff7d0cc0000 - 0x00007ff7d0cf1000 	C:\Program Files\Android\Android Studio\jre\bin\java.exe
0x00007ffa7a380000 - 0x00007ffa7a552000 	C:\Windows\SYSTEM32\ntdll.dll
0x00007ffa78640000 - 0x00007ffa786ec000 	C:\Windows\System32\KERNEL32.DLL
0x00007ffa76d10000 - 0x00007ffa76f2d000 	C:\Windows\System32\KERNELBASE.dll
0x00007ffa788f0000 - 0x00007ffa78992000 	C:\Windows\System32\ADVAPI32.dll
0x00007ffa78530000 - 0x00007ffa785ce000 	C:\Windows\System32\msvcrt.dll
0x00007ffa7a1e0000 - 0x00007ffa7a239000 	C:\Windows\System32\sechost.dll
0x00007ffa789a0000 - 0x00007ffa78ac1000 	C:\Windows\System32\RPCRT4.dll
0x00007ffa7a070000 - 0x00007ffa7a1d5000 	C:\Windows\System32\USER32.dll
0x00007ffa76c00000 - 0x00007ffa76c1e000 	C:\Windows\System32\win32u.dll
0x00007ffa77a90000 - 0x00007ffa77ac4000 	C:\Windows\System32\GDI32.dll
0x00007ffa76f90000 - 0x00007ffa77110000 	C:\Windows\System32\gdi32full.dll
0x00007ffa691a0000 - 0x00007ffa6941a000 	C:\Windows\WinSxS\amd64_microsoft.windows.common-controls_6595b64144ccf1df_6.0.14393.953_none_42151e83c686086b\COMCTL32.dll
0x00007ffa781a0000 - 0x00007ffa78468000 	C:\Windows\System32\combase.dll
0x00007ffa76b00000 - 0x00007ffa76bf5000 	C:\Windows\System32\ucrtbase.dll
0x00007ffa77110000 - 0x00007ffa7717a000 	C:\Windows\System32\bcryptPrimitives.dll
0x00007ffa788b0000 - 0x00007ffa788de000 	C:\Windows\System32\IMM32.DLL
0x00007ffa5a430000 - 0x00007ffa5a4d7000 	C:\Program Files\McAfee\Host Intrusion Prevention\HcApi.dll
0x000000006b0e0000 - 0x000000006b0ec000 	C:\Program Files\McAfee\Host Intrusion Prevention\HcThe.dll
0x000000006a760000 - 0x000000006a832000 	C:\Program Files\Android\Android Studio\jre\jre\bin\msvcr100.dll
0x0000000068810000 - 0x000000006904c000 	C:\Program Files\Android\Android Studio\jre\jre\bin\server\jvm.dll
0x00007ffa77a80000 - 0x00007ffa77a88000 	C:\Windows\System32\PSAPI.DLL
0x00007ffa64bb0000 - 0x00007ffa64bb9000 	C:\Windows\SYSTEM32\WSOCK32.dll
0x00007ffa779b0000 - 0x00007ffa77a1a000 	C:\Windows\System32\WS2_32.dll
0x00007ffa74e00000 - 0x00007ffa74e23000 	C:\Windows\SYSTEM32\WINMM.dll
0x00007ffa73700000 - 0x00007ffa7370a000 	C:\Windows\SYSTEM32\VERSION.dll
0x00007ffa74da0000 - 0x00007ffa74dcb000 	C:\Windows\SYSTEM32\WINMMBASE.dll
0x00007ffa76cc0000 - 0x00007ffa76d02000 	C:\Windows\System32\cfgmgr32.dll
0x00007ffa63510000 - 0x00007ffa6351f000 	C:\Program Files\Android\Android Studio\jre\jre\bin\verify.dll
0x00007ffa50790000 - 0x00007ffa507b9000 	C:\Program Files\Android\Android Studio\jre\jre\bin\java.dll
0x00007ffa5a560000 - 0x00007ffa5a576000 	C:\Program Files\Android\Android Studio\jre\jre\bin\zip.dll
0x00007ffa78af0000 - 0x00007ffa79ff9000 	C:\Windows\System32\SHELL32.dll
0x00007ffa77180000 - 0x00007ffa77859000 	C:\Windows\System32\windows.storage.dll
0x00007ffa76820000 - 0x00007ffa7686c000 	C:\Windows\System32\powrprof.dll
0x00007ffa77a20000 - 0x00007ffa77a72000 	C:\Windows\System32\shlwapi.dll
0x00007ffa76810000 - 0x00007ffa7681f000 	C:\Windows\System32\kernel.appcore.dll
0x00007ffa76880000 - 0x00007ffa76929000 	C:\Windows\System32\shcore.dll
0x00007ffa767f0000 - 0x00007ffa76804000 	C:\Windows\System32\profapi.dll

VM Arguments:
jvm_args: -Djava.awt.headless=true -Xmx1024M -Dfile.encoding=windows-1252 -Duser.country=US -Duser.language=en -Duser.variant 
java_command: com.android.dx.command.Main --dex --num-threads=4 --multi-dex --output C:\GE_POWER\attendancematerial\app\build\intermediates\transforms\dex\debug\folders\1000\10\stream-1.1.7_de737f555d0ae57c93424eff54a74aac0da91f35 C:\Users\212634269\.gradle\caches\modules-2\files-2.1\com.annimon\stream\1.1.7\a71f0635ac38194d70094e53f6fd89e00a93c834\stream-1.1.7.jar
java_class_path (initial): C:\Users\212634269\AppData\Local\Android\sdk\build-tools\25.0.1\lib\dx.jar
Launcher Type: SUN_STANDARD

Environment Variables:
JAVA_HOME=C:\Program Files\Java\jdk1.8.0_144
CLASSPATH=.;
PATH=C:\Program Files\ImageMagick-6.9.9-Q8;C:\Python36\Scripts\;C:\Python36\;C:\Python27\;C:\Python27\Scripts;C:\Windows\system32;C:\Windows;C:\Windows\System32\Wbem;C:\Windows\System32\WindowsPowerShell\v1.0\;C:\Program Files (x86)\Sennheiser\SoftphoneSDK\;C:\ProgramData\chocolatey\bin;C:\Program Files\Git\cmd;C:\Program Files\Java\jdk1.8.0_144\bin;C:\Program Files\Amazon\AWSCLI\;C:\GE_POWER\sonar-scanner-3.0.3.778-windows\bin;C:\HashiCorp\Vagrant\bin;C:\opscode\chefdk\bin\;C:\Users\212634269\AppData\Local\Microsoft\WindowsApps;C:\Users\212634269\AppData\Local\atom\bin;C:\Users\212634269\AppData\Local\Continuum\anaconda2\Scripts
USERNAME=212634269
OS=Windows_NT
PROCESSOR_IDENTIFIER=Intel64 Family 6 Model 78 Stepping 3, GenuineIntel



---------------  S Y S T E M  ---------------

OS: Windows 10.0 , 64 bit Build 14393 (10.0.14393.1198)

CPU:total 4 (2 cores per cpu, 2 threads per core) family 6 model 78 stepping 3, cmov, cx8, fxsr, mmx, sse, sse2, sse3, ssse3, sse4.1, sse4.2, popcnt, avx, avx2, aes, clmul, erms, rtm, 3dnowpref, lzcnt, ht, tsc, tscinvbit, bmi1, bmi2, adx

Memory: 4k page, physical 8266320k(454196k free), swap 12459600k(5124k free)

vm_info: OpenJDK 64-Bit Server VM (25.112-b06) for windows-amd64 JRE (1.8.0_112-release-b06), built on Dec  8 2016 00:54:26 by "builder" with MS VC++ 10.0 (VS2010)

time: Sat Feb 10 13:00:09 2018
elapsed time: 1 seconds (0d 0h 0m 1s)

