#
# There is insufficient memory for the Java Runtime Environment to continue.
# Native memory allocation (malloc) failed to allocate 404112 bytes for Chunk::new
# Possible reasons:
#   The system is out of physical RAM or swap space
#   In 32 bit mode, the process size limit was hit
# Possible solutions:
#   Reduce memory load on the system
#   Increase physical memory or swap space
#   Check if swap backing store is full
#   Use 64 bit Java on a 64 bit OS
#   Decrease Java heap size (-Xmx/-Xms)
#   Decrease number of Java threads
#   Decrease Java thread stack sizes (-Xss)
#   Set larger code cache with -XX:ReservedCodeCacheSize=
# This output file may be truncated or incomplete.
#
#  Out of Memory Error (allocation.cpp:390), pid=36344, tid=0x0000000000008d20
#
# JRE version: OpenJDK Runtime Environment (8.0_112-b06) (build 1.8.0_112-release-b06)
# Java VM: OpenJDK 64-Bit Server VM (25.112-b06 mixed mode windows-amd64 compressed oops)
# Failed to write core dump. Minidumps are not enabled by default on client versions of Windows
#

---------------  T H R E A D  ---------------

Current thread (0x000000001518b800):  JavaThread "C2 CompilerThread0" daemon [_thread_in_native, id=36128, stack(0x0000000016700000,0x0000000016800000)]

Stack: [0x0000000016700000,0x0000000016800000]
[error occurred during error reporting (printing stack bounds), id 0xc0000005]

Native frames: (J=compiled Java code, j=interpreted, Vv=VM code, C=native code)


Current CompileTask:
C2:   1814 1090       4       com.android.dx.ssa.SCCP::simulateStmt (481 bytes)


---------------  P R O C E S S  ---------------

Java Threads: ( => current thread )
  0x0000000016a76800 JavaThread "pool-2-thread-4" [_thread_in_native_trans, id=16880, stack(0x0000000017400000,0x0000000017500000)]
  0x0000000016a75800 JavaThread "pool-2-thread-3" [_thread_blocked, id=37540, stack(0x0000000017300000,0x0000000017400000)]
  0x0000000016a75000 JavaThread "pool-2-thread-2" [_thread_blocked, id=24628, stack(0x0000000017200000,0x0000000017300000)]
  0x0000000016a63800 JavaThread "pool-3-thread-1" [_thread_blocked, id=29656, stack(0x0000000017100000,0x0000000017200000)]
  0x0000000016a63000 JavaThread "pool-2-thread-1" [_thread_blocked, id=27748, stack(0x0000000017000000,0x0000000017100000)]
  0x0000000016815800 JavaThread "Service Thread" daemon [_thread_blocked, id=17852, stack(0x0000000016e00000,0x0000000016f00000)]
  0x000000001680d000 JavaThread "C1 CompilerThread2" daemon [_thread_blocked, id=2584, stack(0x0000000016d00000,0x0000000016e00000)]
  0x00000000151e6000 JavaThread "C2 CompilerThread1" daemon [_thread_in_native, id=21200, stack(0x0000000016c00000,0x0000000016d00000)]
=>0x000000001518b800 JavaThread "C2 CompilerThread0" daemon [_thread_in_native, id=36128, stack(0x0000000016700000,0x0000000016800000)]
  0x000000001518a000 JavaThread "Attach Listener" daemon [_thread_blocked, id=36336, stack(0x0000000016600000,0x0000000016700000)]
  0x0000000015189000 JavaThread "Signal Dispatcher" daemon [_thread_blocked, id=24644, stack(0x0000000016500000,0x0000000016600000)]
  0x00000000029b6000 JavaThread "Finalizer" daemon [_thread_blocked, id=34952, stack(0x0000000016400000,0x0000000016500000)]
  0x00000000029b0800 JavaThread "Reference Handler" daemon [_thread_blocked, id=8880, stack(0x0000000016300000,0x0000000016400000)]
  0x0000000002abe000 JavaThread "main" [_thread_in_Java, id=13132, stack(0x00000000027a0000,0x00000000028a0000)]

Other Threads:
  0x0000000015156000 VMThread [stack: 0x0000000016200000,0x0000000016300000] [id=35916]
  0x0000000016816800 WatcherThread [stack: 0x0000000016f00000,0x0000000017000000] [id=27144]

VM state:not at safepoint (normal execution)

VM Mutex/Monitor currently owned by a thread: None

Heap:
 PSYoungGen      total 38400K, used 22536K [0x00000000eab00000, 0x00000000ed580000, 0x0000000100000000)
  eden space 33280K, 52% used [0x00000000eab00000,0x00000000ebc089d0,0x00000000ecb80000)
  from space 5120K, 99% used [0x00000000ecb80000,0x00000000ed079888,0x00000000ed080000)
  to   space 5120K, 0% used [0x00000000ed080000,0x00000000ed080000,0x00000000ed580000)
 ParOldGen       total 87552K, used 1932K [0x00000000c0000000, 0x00000000c5580000, 0x00000000eab00000)
  object space 87552K, 2% used [0x00000000c0000000,0x00000000c01e3398,0x00000000c5580000)
 Metaspace       used 5942K, capacity 6960K, committed 7040K, reserved 1056768K
  class space    used 572K, capacity 616K, committed 640K, reserved 1048576K

Card table byte_map: [0x0000000011e80000,0x0000000012090000] byte_map_base: 0x0000000011880000

Marking Bits: (ParMarkBitMap*) 0x0000000068fd18f0
 Begin Bits: [0x00000000125f0000, 0x00000000135f0000)
 End Bits:   [0x00000000135f0000, 0x00000000145f0000)

Polling page: 0x00000000026f0000

CodeCache: size=245760Kb used=5265Kb max_used=5265Kb free=240494Kb
 bounds [0x0000000002ac0000, 0x0000000002ff0000, 0x0000000011ac0000]
 total_blobs=1549 nmethods=1281 adapters=182
 compilation: enabled

Compilation events (10 events):
Event: 1.801 Thread 0x000000001680d000 1285       2       java.util.TreeMap::rotateLeft (96 bytes)
Event: 1.802 Thread 0x000000001680d000 nmethod 1285 0x0000000002fe2010 code [0x0000000002fe2160, 0x0000000002fe23d0]
Event: 1.802 Thread 0x000000001680d000 1286       1       java.util.concurrent.locks.AbstractOwnableSynchronizer::getExclusiveOwnerThread (5 bytes)
Event: 1.802 Thread 0x000000001680d000 nmethod 1286 0x0000000002fe24d0 code [0x0000000002fe2620, 0x0000000002fe2730]
Event: 1.803 Thread 0x000000001680d000 1287       1       com.android.dx.dex.file.DexFile::getTypeIds (5 bytes)
Event: 1.803 Thread 0x000000001680d000 nmethod 1287 0x0000000002fe2790 code [0x0000000002fe28e0, 0x0000000002fe29f0]
Event: 1.805 Thread 0x000000001680d000 1288  s    2       com.android.dx.dex.file.FieldIdsSection::intern (55 bytes)
Event: 1.805 Thread 0x000000001680d000 nmethod 1288 0x0000000002fe2a50 code [0x0000000002fe2c20, 0x0000000002fe3288]
Event: 1.806 Thread 0x000000001680d000 1289       1       java.util.concurrent.locks.AbstractQueuedSynchronizer::getState (5 bytes)
Event: 1.806 Thread 0x000000001680d000 nmethod 1289 0x0000000002fe3710 code [0x0000000002fe3860, 0x0000000002fe3970]

GC Heap History (2 events):
Event: 1.552 GC heap before
{Heap before GC invocations=1 (full 0):
 PSYoungGen      total 38400K, used 33280K [0x00000000eab00000, 0x00000000ed580000, 0x0000000100000000)
  eden space 33280K, 100% used [0x00000000eab00000,0x00000000ecb80000,0x00000000ecb80000)
  from space 5120K, 0% used [0x00000000ed080000,0x00000000ed080000,0x00000000ed580000)
  to   space 5120K, 0% used [0x00000000ecb80000,0x00000000ecb80000,0x00000000ed080000)
 ParOldGen       total 87552K, used 0K [0x00000000c0000000, 0x00000000c5580000, 0x00000000eab00000)
  object space 87552K, 0% used [0x00000000c0000000,0x00000000c0000000,0x00000000c5580000)
 Metaspace       used 5860K, capacity 6896K, committed 7040K, reserved 1056768K
  class space    used 572K, capacity 616K, committed 640K, reserved 1048576K
Event: 1.571 GC heap after
Heap after GC invocations=1 (full 0):
 PSYoungGen      total 38400K, used 5094K [0x00000000eab00000, 0x00000000ed580000, 0x0000000100000000)
  eden space 33280K, 0% used [0x00000000eab00000,0x00000000eab00000,0x00000000ecb80000)
  from space 5120K, 99% used [0x00000000ecb80000,0x00000000ed079888,0x00000000ed080000)
  to   space 5120K, 0% used [0x00000000ed080000,0x00000000ed080000,0x00000000ed580000)
 ParOldGen       total 87552K, used 1932K [0x00000000c0000000, 0x00000000c5580000, 0x00000000eab00000)
  object space 87552K, 2% used [0x00000000c0000000,0x00000000c01e3398,0x00000000c5580000)
 Metaspace       used 5860K, capacity 6896K, committed 7040K, reserved 1056768K
  class space    used 572K, capacity 616K, committed 640K, reserved 1048576K
}

Deoptimization events (10 events):
Event: 1.108 Thread 0x0000000016a63000 Uncommon trap: reason=bimorphic action=maybe_recompile pc=0x0000000002d5dc70 method=java.util.HashMap.getNode(ILjava/lang/Object;)Ljava/util/HashMap$Node; @ 126
Event: 1.109 Thread 0x0000000016a63000 Uncommon trap: reason=bimorphic action=maybe_recompile pc=0x0000000002d5dc70 method=java.util.HashMap.getNode(ILjava/lang/Object;)Ljava/util/HashMap$Node; @ 126
Event: 1.109 Thread 0x0000000016a63000 Uncommon trap: reason=bimorphic action=maybe_recompile pc=0x0000000002db7a6c method=java.util.HashMap.getNode(ILjava/lang/Object;)Ljava/util/HashMap$Node; @ 126
Event: 1.283 Thread 0x0000000016a75800 Uncommon trap: reason=null_check action=make_not_entrant pc=0x0000000002e27e28 method=com.android.dx.rop.type.Type.equals(Ljava/lang/Object;)Z @ 8
Event: 1.284 Thread 0x0000000016a75800 Uncommon trap: reason=unstable_if action=reinterpret pc=0x0000000002eb85c4 method=com.android.dx.cf.code.Ropper.labelToResultIndex(I)I @ 34
Event: 1.284 Thread 0x0000000016a75800 Uncommon trap: reason=unstable_if action=reinterpret pc=0x0000000002da2684 method=com.android.dx.rop.code.RegisterSpec.equals(ILcom/android/dx/rop/type/TypeBearer;Lcom/android/dx/rop/code/LocalItem;)Z @ 42
Event: 1.387 Thread 0x0000000002abe000 Uncommon trap: reason=bimorphic action=maybe_recompile pc=0x0000000002eea000 method=java.util.HashMap.putVal(ILjava/lang/Object;Ljava/lang/Object;ZZ)Ljava/lang/Object; @ 203
Event: 1.387 Thread 0x0000000002abe000 Uncommon trap: reason=bimorphic action=maybe_recompile pc=0x0000000002eea000 method=java.util.HashMap.putVal(ILjava/lang/Object;Ljava/lang/Object;ZZ)Ljava/lang/Object; @ 203
Event: 1.387 Thread 0x0000000002abe000 Uncommon trap: reason=bimorphic action=maybe_recompile pc=0x0000000002eea000 method=java.util.HashMap.putVal(ILjava/lang/Object;Ljava/lang/Object;ZZ)Ljava/lang/Object; @ 203
Event: 1.392 Thread 0x0000000002abe000 Uncommon trap: reason=bimorphic action=maybe_recompile pc=0x0000000002eea000 method=java.util.HashMap.putVal(ILjava/lang/Object;Ljava/lang/Object;ZZ)Ljava/lang/Object; @ 203

Internal exceptions (3 events):
Event: 0.100 Thread 0x0000000002abe000 Exception <a 'java/lang/NoSuchMethodError': Method sun.misc.Unsafe.defineClass(Ljava/lang/String;[BII)Ljava/lang/Class; name or signature does not match> (0x00000000eab07c78) thrown at [C:\src\android\AOSP-openjdk\external\jetbrains\jdk\hotspot\src\share\vz—IF·õπ?
Event: 0.100 Thread 0x0000000002abe000 Exception <a 'java/lang/NoSuchMethodError': Method sun.misc.Unsafe.prefetchRead(Ljava/lang/Object;J)V name or signature does not match> (0x00000000eab07f60) thrown at [C:\src\android\AOSP-openjdk\external\jetbrains\jdk\hotspot\src\share\vm\prims\jni.cpp, lçÌâÙ?
Event: 1.283 Thread 0x0000000016a75800 Implicit null exception at 0x0000000002e27d22 to 0x0000000002e27e1a

Events (10 events):
Event: 1.550 Executing VM operation: ParallelGCFailedAllocation
Event: 1.571 Executing VM operation: ParallelGCFailedAllocation done
Event: 1.598 Thread 0x0000000002abe000 DEOPT PACKING pc=0x0000000002e0202d sp=0x000000000289e250
Event: 1.598 Thread 0x0000000002abe000 DEOPT UNPACKING pc=0x0000000002b075bf sp=0x000000000289e030 mode 0
Event: 1.611 Thread 0x0000000002abe000 DEOPT PACKING pc=0x0000000002e0202d sp=0x000000000289e250
Event: 1.611 Thread 0x0000000002abe000 DEOPT UNPACKING pc=0x0000000002b075bf sp=0x000000000289e030 mode 0
Event: 1.635 Thread 0x0000000016a63000 DEOPT PACKING pc=0x0000000002ea6844 sp=0x00000000170fe3d0
Event: 1.635 Thread 0x0000000016a63000 DEOPT UNPACKING pc=0x0000000002b075bf sp=0x00000000170fe198 mode 0
Event: 1.666 Thread 0x0000000016a76800 DEOPT PACKING pc=0x0000000002e0202d sp=0x00000000174fee50
Event: 1.666 Thread 0x0000000016a76800 DEOPT UNPACKING pc=0x0000000002b075bf sp=0x00000000174fec30 mode 0


Dynamic libraries:
0x00007ff7d0cc0000 - 0x00007ff7d0cf1000 	C:\Program Files\Android\Android Studio\jre\bin\java.exe
0x00007ffa7a380000 - 0x00007ffa7a552000 	C:\Windows\SYSTEM32\ntdll.dll
0x00007ffa78640000 - 0x00007ffa786ec000 	C:\Windows\System32\KERNEL32.DLL
0x00007ffa76d10000 - 0x00007ffa76f2d000 	C:\Windows\System32\KERNELBASE.dll
0x00007ffa788f0000 - 0x00007ffa78992000 	C:\Windows\System32\ADVAPI32.dll
0x00007ffa78530000 - 0x00007ffa785ce000 	C:\Windows\System32\msvcrt.dll
0x00007ffa7a1e0000 - 0x00007ffa7a239000 	C:\Windows\System32\sechost.dll
0x00007ffa789a0000 - 0x00007ffa78ac1000 	C:\Windows\System32\RPCRT4.dll
0x00007ffa7a070000 - 0x00007ffa7a1d5000 	C:\Windows\System32\USER32.dll
0x00007ffa76c00000 - 0x00007ffa76c1e000 	C:\Windows\System32\win32u.dll
0x00007ffa77a90000 - 0x00007ffa77ac4000 	C:\Windows\System32\GDI32.dll
0x00007ffa76f90000 - 0x00007ffa77110000 	C:\Windows\System32\gdi32full.dll
0x00007ffa691a0000 - 0x00007ffa6941a000 	C:\Windows\WinSxS\amd64_microsoft.windows.common-controls_6595b64144ccf1df_6.0.14393.953_none_42151e83c686086b\COMCTL32.dll
0x00007ffa781a0000 - 0x00007ffa78468000 	C:\Windows\System32\combase.dll
0x00007ffa76b00000 - 0x00007ffa76bf5000 	C:\Windows\System32\ucrtbase.dll
0x00007ffa77110000 - 0x00007ffa7717a000 	C:\Windows\System32\bcryptPrimitives.dll
0x00007ffa788b0000 - 0x00007ffa788de000 	C:\Windows\System32\IMM32.DLL
0x00007ffa5a430000 - 0x00007ffa5a4d7000 	C:\Program Files\McAfee\Host Intrusion Prevention\HcApi.dll
0x000000006b0e0000 - 0x000000006b0ec000 	C:\Program Files\McAfee\Host Intrusion Prevention\HcThe.dll
0x000000006a760000 - 0x000000006a832000 	C:\Program Files\Android\Android Studio\jre\jre\bin\msvcr100.dll
0x0000000068810000 - 0x000000006904c000 	C:\Program Files\Android\Android Studio\jre\jre\bin\server\jvm.dll
0x00007ffa77a80000 - 0x00007ffa77a88000 	C:\Windows\System32\PSAPI.DLL
0x00007ffa64bb0000 - 0x00007ffa64bb9000 	C:\Windows\SYSTEM32\WSOCK32.dll
0x00007ffa779b0000 - 0x00007ffa77a1a000 	C:\Windows\System32\WS2_32.dll
0x00007ffa74e00000 - 0x00007ffa74e23000 	C:\Windows\SYSTEM32\WINMM.dll
0x00007ffa73700000 - 0x00007ffa7370a000 	C:\Windows\SYSTEM32\VERSION.dll
0x00007ffa74da0000 - 0x00007ffa74dcb000 	C:\Windows\SYSTEM32\WINMMBASE.dll
0x00007ffa76cc0000 - 0x00007ffa76d02000 	C:\Windows\System32\cfgmgr32.dll
0x00007ffa63510000 - 0x00007ffa6351f000 	C:\Program Files\Android\Android Studio\jre\jre\bin\verify.dll
0x00007ffa50790000 - 0x00007ffa507b9000 	C:\Program Files\Android\Android Studio\jre\jre\bin\java.dll
0x00007ffa5a560000 - 0x00007ffa5a576000 	C:\Program Files\Android\Android Studio\jre\jre\bin\zip.dll
0x00007ffa78af0000 - 0x00007ffa79ff9000 	C:\Windows\System32\SHELL32.dll
0x00007ffa77180000 - 0x00007ffa77859000 	C:\Windows\System32\windows.storage.dll
0x00007ffa76820000 - 0x00007ffa7686c000 	C:\Windows\System32\powrprof.dll
0x00007ffa77a20000 - 0x00007ffa77a72000 	C:\Windows\System32\shlwapi.dll
0x00007ffa76810000 - 0x00007ffa7681f000 	C:\Windows\System32\kernel.appcore.dll
0x00007ffa76880000 - 0x00007ffa76929000 	C:\Windows\System32\shcore.dll
0x00007ffa767f0000 - 0x00007ffa76804000 	C:\Windows\System32\profapi.dll

VM Arguments:
jvm_args: -Djava.awt.headless=true -Xmx1024M -Dfile.encoding=windows-1252 -Duser.country=US -Duser.language=en -Duser.variant 
java_command: com.android.dx.command.Main --dex --num-threads=4 --multi-dex --output C:\GE_POWER\attendancematerial\app\build\intermediates\transforms\dex\debug\folders\1000\10\constraint-layout-solver-1.0.2_b43b100eb9701bcb5580d428715c88c51d9ac521 C:\Users\212634269\AppData\Local\Android\sdk\extras\m2repository\com\android\support\constraint\constraint-layout-solver\1.0.2\constraint-layout-solver-1.0.2.jar
java_class_path (initial): C:\Users\212634269\AppData\Local\Android\sdk\build-tools\25.0.1\lib\dx.jar
Launcher Type: SUN_STANDARD

Environment Variables:
JAVA_HOME=C:\Program Files\Java\jdk1.8.0_144
CLASSPATH=.;
PATH=C:\Program Files\ImageMagick-6.9.9-Q8;C:\Python36\Scripts\;C:\Python36\;C:\Python27\;C:\Python27\Scripts;C:\Windows\system32;C:\Windows;C:\Windows\System32\Wbem;C:\Windows\System32\WindowsPowerShell\v1.0\;C:\Program Files (x86)\Sennheiser\SoftphoneSDK\;C:\ProgramData\chocolatey\bin;C:\Program Files\Git\cmd;C:\Program Files\Java\jdk1.8.0_144\bin;C:\Program Files\Amazon\AWSCLI\;C:\GE_POWER\sonar-scanner-3.0.3.778-windows\bin;C:\HashiCorp\Vagrant\bin;C:\opscode\chefdk\bin\;C:\Users\212634269\AppData\Local\Microsoft\WindowsApps;C:\Users\212634269\AppData\Local\atom\bin;C:\Users\212634269\AppData\Local\Continuum\anaconda2\Scripts
USERNAME=212634269
OS=Windows_NT
PROCESSOR_IDENTIFIER=Intel64 Family 6 Model 78 Stepping 3, GenuineIntel



---------------  S Y S T E M  ---------------

OS: Windows 10.0 , 64 bit Build 14393 (10.0.14393.1198)

CPU:total 4 (2 cores per cpu, 2 threads per core) family 6 model 78 stepping 3, cmov, cx8, fxsr, mmx, sse, sse2, sse3, ssse3, sse4.1, sse4.2, popcnt, avx, avx2, aes, clmul, erms, rtm, 3dnowpref, lzcnt, ht, tsc, tscinvbit, bmi1, bmi2, adx

Memory: 4k page, physical 8266320k(611032k free), swap 12459600k(2500k free)

vm_info: OpenJDK 64-Bit Server VM (25.112-b06) for windows-amd64 JRE (1.8.0_112-release-b06), built on Dec  8 2016 00:54:26 by "builder" with MS VC++ 10.0 (VS2010)

time: Sat Feb 10 13:01:15 2018
elapsed time: 1 seconds (0d 0h 0m 1s)

