#
# There is insufficient memory for the Java Runtime Environment to continue.
# Native memory allocation (malloc) failed to allocate 209216 bytes for Chunk::new
# Possible reasons:
#   The system is out of physical RAM or swap space
#   In 32 bit mode, the process size limit was hit
# Possible solutions:
#   Reduce memory load on the system
#   Increase physical memory or swap space
#   Check if swap backing store is full
#   Use 64 bit Java on a 64 bit OS
#   Decrease Java heap size (-Xmx/-Xms)
#   Decrease number of Java threads
#   Decrease Java thread stack sizes (-Xss)
#   Set larger code cache with -XX:ReservedCodeCacheSize=
# This output file may be truncated or incomplete.
#
#  Out of Memory Error (allocation.cpp:390), pid=9752, tid=0x00000000000019b4
#
# JRE version: OpenJDK Runtime Environment (8.0_112-b06) (build 1.8.0_112-release-b06)
# Java VM: OpenJDK 64-Bit Server VM (25.112-b06 mixed mode windows-amd64 compressed oops)
# Failed to write core dump. Minidumps are not enabled by default on client versions of Windows
#

---------------  T H R E A D  ---------------

Current thread (0x00000000152ac800):  JavaThread "C2 CompilerThread0" daemon [_thread_in_native, id=6580, stack(0x00000000168f0000,0x00000000169f0000)]

Stack: [0x00000000168f0000,0x00000000169f0000]
[error occurred during error reporting (printing stack bounds), id 0xc0000005]

Native frames: (J=compiled Java code, j=interpreted, Vv=VM code, C=native code)


Current CompileTask:
C2:    798  704       4       com.android.dx.ssa.SsaBasicBlock::forEachInsn (37 bytes)


---------------  P R O C E S S  ---------------

Java Threads: ( => current thread )
  0x0000000016e4f000 JavaThread "pool-2-thread-4" [_thread_in_Java, id=27684, stack(0x00000000175f0000,0x00000000176f0000)]
  0x0000000016e55000 JavaThread "pool-2-thread-3" [_thread_in_vm, id=21208, stack(0x00000000174f0000,0x00000000175f0000)]
  0x0000000016efa800 JavaThread "pool-2-thread-2" [_thread_in_Java, id=26388, stack(0x00000000173f0000,0x00000000174f0000)]
  0x0000000016ef9800 JavaThread "pool-3-thread-1" [_thread_blocked, id=29252, stack(0x00000000172f0000,0x00000000173f0000)]
  0x0000000016f00800 JavaThread "pool-2-thread-1" [_thread_in_Java, id=11124, stack(0x00000000171f0000,0x00000000172f0000)]
  0x0000000016bf5000 JavaThread "Service Thread" daemon [_thread_blocked, id=20420, stack(0x0000000016ff0000,0x00000000170f0000)]
  0x000000001530e000 JavaThread "C1 CompilerThread2" daemon [_thread_in_native, id=31080, stack(0x0000000016af0000,0x0000000016bf0000)]
  0x00000000152b0000 JavaThread "C2 CompilerThread1" daemon [_thread_blocked, id=27732, stack(0x00000000169f0000,0x0000000016af0000)]
=>0x00000000152ac800 JavaThread "C2 CompilerThread0" daemon [_thread_in_native, id=6580, stack(0x00000000168f0000,0x00000000169f0000)]
  0x00000000152ab000 JavaThread "Attach Listener" daemon [_thread_blocked, id=22652, stack(0x00000000167f0000,0x00000000168f0000)]
  0x00000000152a9800 JavaThread "Signal Dispatcher" daemon [_thread_blocked, id=1784, stack(0x00000000166f0000,0x00000000167f0000)]
  0x0000000002bdb800 JavaThread "Finalizer" daemon [_thread_blocked, id=25876, stack(0x0000000016500000,0x0000000016600000)]
  0x0000000002bd0800 JavaThread "Reference Handler" daemon [_thread_blocked, id=29036, stack(0x0000000016400000,0x0000000016500000)]
  0x000000000293e000 JavaThread "main" [_thread_in_Java, id=32464, stack(0x00000000029e0000,0x0000000002ae0000)]

Other Threads:
  0x0000000015276000 VMThread [stack: 0x0000000016300000,0x0000000016400000] [id=2156]
  0x0000000016bf6800 WatcherThread [stack: 0x00000000170f0000,0x00000000171f0000] [id=27324]

VM state:not at safepoint (normal execution)

VM Mutex/Monitor currently owned by a thread: None

Heap:
 PSYoungGen      total 38400K, used 22223K [0x00000000eab00000, 0x00000000ed580000, 0x0000000100000000)
  eden space 33280K, 66% used [0x00000000eab00000,0x00000000ec0b3e38,0x00000000ecb80000)
  from space 5120K, 0% used [0x00000000ed080000,0x00000000ed080000,0x00000000ed580000)
  to   space 5120K, 0% used [0x00000000ecb80000,0x00000000ecb80000,0x00000000ed080000)
 ParOldGen       total 87552K, used 0K [0x00000000c0000000, 0x00000000c5580000, 0x00000000eab00000)
  object space 87552K, 0% used [0x00000000c0000000,0x00000000c0000000,0x00000000c5580000)
 Metaspace       used 5656K, capacity 6640K, committed 6784K, reserved 1056768K
  class space    used 574K, capacity 616K, committed 640K, reserved 1048576K

Card table byte_map: [0x0000000011fa0000,0x00000000121b0000] byte_map_base: 0x00000000119a0000

Marking Bits: (ParMarkBitMap*) 0x0000000068fd18f0
 Begin Bits: [0x0000000012710000, 0x0000000013710000)
 End Bits:   [0x0000000013710000, 0x0000000014710000)

Polling page: 0x0000000001060000

CodeCache: size=245760Kb used=2855Kb max_used=2855Kb free=242904Kb
 bounds [0x0000000002be0000, 0x0000000002eb0000, 0x0000000011be0000]
 total_blobs=1003 nmethods=734 adapters=181
 compilation: enabled

Compilation events (10 events):
Event: 0.782 Thread 0x000000001530e000  690       3       com.android.dx.ssa.LiteralOpUpgrader$1::visitNonMoveInsn (203 bytes)
Event: 0.783 Thread 0x00000000152b0000  709       4       com.android.dx.rop.code.RegisterSpec::hashCodeOf (30 bytes)
Event: 0.784 Thread 0x00000000152b0000 nmethod 709 0x0000000002e77f90 code [0x0000000002e780e0, 0x0000000002e781b8]
Event: 0.784 Thread 0x00000000152b0000  710       4       java.util.BitSet::nextSetBit (102 bytes)
Event: 0.785 Thread 0x000000001530e000 nmethod 690 0x0000000002e822d0 code [0x0000000002e827a0, 0x0000000002e863a8]
Event: 0.785 Thread 0x000000001530e000  712       1       com.android.dx.util.FixedSizeList::getOrNull0 (7 bytes)
Event: 0.785 Thread 0x000000001530e000 nmethod 712 0x0000000002e77c50 code [0x0000000002e77da0, 0x0000000002e77ed0]
Event: 0.785 Thread 0x000000001530e000  713       3       com.android.dx.rop.code.RegisterSpecSet::size (49 bytes)
Event: 0.786 Thread 0x000000001530e000 nmethod 713 0x0000000002e77750 code [0x0000000002e778c0, 0x0000000002e77b50]
Event: 0.786 Thread 0x000000001530e000  714       3       com.android.dx.rop.code.BasicBlock::getLastInsn (8 bytes)

GC Heap History (0 events):
No events

Deoptimization events (2 events):
Event: 0.695 Thread 0x000000000293e000 Uncommon trap: reason=unstable_if action=reinterpret pc=0x0000000002df0ae0 method=java.util.HashMap.getNode(ILjava/lang/Object;)Ljava/util/HashMap$Node; @ 129
Event: 0.742 Thread 0x0000000016e4f000 Uncommon trap: reason=unstable_if action=reinterpret pc=0x0000000002dff9f0 method=java.util.BitSet.nextSetBit(I)I @ 87

Internal exceptions (2 events):
Event: 0.059 Thread 0x000000000293e000 Exception <a 'java/lang/NoSuchMethodError': Method sun.misc.Unsafe.defineClass(Ljava/lang/String;[BII)Ljava/lang/Class; name or signature does not match> (0x00000000eab07c78) thrown at [C:\src\android\AOSP-openjdk\external\jetbrains\jdk\hotspot\src\share\vè∆?;VÆ?
Event: 0.059 Thread 0x000000000293e000 Exception <a 'java/lang/NoSuchMethodError': Method sun.misc.Unsafe.prefetchRead(Ljava/lang/Object;J)V name or signature does not match> (0x00000000eab07f60) thrown at [C:\src\android\AOSP-openjdk\external\jetbrains\jdk\hotspot\src\share\vm\prims\jni.cpp, l

Events (10 events):
Event: 0.710 loading class com/android/dx/ssa/back/FirstFitLocalCombiningAllocator$Multiset done
Event: 0.721 loading class com/android/dx/cf/code/SwitchList
Event: 0.721 loading class com/android/dx/cf/code/SwitchList done
Event: 0.742 Thread 0x0000000016e4f000 Uncommon trap: trap_request=0xffffff65 fr.pc=0x0000000002dff9f0
Event: 0.742 Thread 0x0000000016e4f000 DEOPT PACKING pc=0x0000000002dff9f0 sp=0x00000000176eeb00
Event: 0.742 Thread 0x0000000016e4f000 DEOPT UNPACKING pc=0x0000000002c2556a sp=0x00000000176eea98 mode 2
Event: 0.771 loading class java/util/ArrayList$1
Event: 0.772 loading class java/util/ArrayList$1 done
Event: 0.782 loading class com/android/dx/rop/code/LocalItem
Event: 0.782 loading class com/android/dx/rop/code/LocalItem done


Dynamic libraries:
0x00007ff7d0cc0000 - 0x00007ff7d0cf1000 	C:\Program Files\Android\Android Studio\jre\bin\java.exe
0x00007ffa7a380000 - 0x00007ffa7a552000 	C:\Windows\SYSTEM32\ntdll.dll
0x00007ffa78640000 - 0x00007ffa786ec000 	C:\Windows\System32\KERNEL32.DLL
0x00007ffa76d10000 - 0x00007ffa76f2d000 	C:\Windows\System32\KERNELBASE.dll
0x00007ffa788f0000 - 0x00007ffa78992000 	C:\Windows\System32\ADVAPI32.dll
0x00007ffa78530000 - 0x00007ffa785ce000 	C:\Windows\System32\msvcrt.dll
0x00007ffa7a1e0000 - 0x00007ffa7a239000 	C:\Windows\System32\sechost.dll
0x00007ffa789a0000 - 0x00007ffa78ac1000 	C:\Windows\System32\RPCRT4.dll
0x00007ffa7a070000 - 0x00007ffa7a1d5000 	C:\Windows\System32\USER32.dll
0x00007ffa76c00000 - 0x00007ffa76c1e000 	C:\Windows\System32\win32u.dll
0x00007ffa77a90000 - 0x00007ffa77ac4000 	C:\Windows\System32\GDI32.dll
0x00007ffa76f90000 - 0x00007ffa77110000 	C:\Windows\System32\gdi32full.dll
0x00007ffa691a0000 - 0x00007ffa6941a000 	C:\Windows\WinSxS\amd64_microsoft.windows.common-controls_6595b64144ccf1df_6.0.14393.953_none_42151e83c686086b\COMCTL32.dll
0x00007ffa781a0000 - 0x00007ffa78468000 	C:\Windows\System32\combase.dll
0x00007ffa76b00000 - 0x00007ffa76bf5000 	C:\Windows\System32\ucrtbase.dll
0x00007ffa77110000 - 0x00007ffa7717a000 	C:\Windows\System32\bcryptPrimitives.dll
0x00007ffa788b0000 - 0x00007ffa788de000 	C:\Windows\System32\IMM32.DLL
0x00007ffa5a430000 - 0x00007ffa5a4d7000 	C:\Program Files\McAfee\Host Intrusion Prevention\HcApi.dll
0x000000006b0e0000 - 0x000000006b0ec000 	C:\Program Files\McAfee\Host Intrusion Prevention\HcThe.dll
0x000000006a760000 - 0x000000006a832000 	C:\Program Files\Android\Android Studio\jre\jre\bin\msvcr100.dll
0x0000000068810000 - 0x000000006904c000 	C:\Program Files\Android\Android Studio\jre\jre\bin\server\jvm.dll
0x00007ffa77a80000 - 0x00007ffa77a88000 	C:\Windows\System32\PSAPI.DLL
0x00007ffa64bb0000 - 0x00007ffa64bb9000 	C:\Windows\SYSTEM32\WSOCK32.dll
0x00007ffa74e00000 - 0x00007ffa74e23000 	C:\Windows\SYSTEM32\WINMM.dll
0x00007ffa73700000 - 0x00007ffa7370a000 	C:\Windows\SYSTEM32\VERSION.dll
0x00007ffa779b0000 - 0x00007ffa77a1a000 	C:\Windows\System32\WS2_32.dll
0x00007ffa74da0000 - 0x00007ffa74dcb000 	C:\Windows\SYSTEM32\WINMMBASE.dll
0x00007ffa76cc0000 - 0x00007ffa76d02000 	C:\Windows\System32\cfgmgr32.dll
0x00007ffa63510000 - 0x00007ffa6351f000 	C:\Program Files\Android\Android Studio\jre\jre\bin\verify.dll
0x00007ffa50790000 - 0x00007ffa507b9000 	C:\Program Files\Android\Android Studio\jre\jre\bin\java.dll
0x00007ffa5a560000 - 0x00007ffa5a576000 	C:\Program Files\Android\Android Studio\jre\jre\bin\zip.dll
0x00007ffa78af0000 - 0x00007ffa79ff9000 	C:\Windows\System32\SHELL32.dll
0x00007ffa77180000 - 0x00007ffa77859000 	C:\Windows\System32\windows.storage.dll
0x00007ffa76820000 - 0x00007ffa7686c000 	C:\Windows\System32\powrprof.dll
0x00007ffa77a20000 - 0x00007ffa77a72000 	C:\Windows\System32\shlwapi.dll
0x00007ffa76810000 - 0x00007ffa7681f000 	C:\Windows\System32\kernel.appcore.dll
0x00007ffa76880000 - 0x00007ffa76929000 	C:\Windows\System32\shcore.dll
0x00007ffa767f0000 - 0x00007ffa76804000 	C:\Windows\System32\profapi.dll

VM Arguments:
jvm_args: -Djava.awt.headless=true -Xmx1024M -Dfile.encoding=windows-1252 -Duser.country=US -Duser.language=en -Duser.variant 
java_command: com.android.dx.command.Main --dex --num-threads=4 --multi-dex --output C:\GE_POWER\attendancematerial\app\build\intermediates\transforms\dex\debug\folders\1000\10\com.google.android.gms-play-services-basement-9.2.0_c3ca8b2debdc7e78244e024e357d9ffb24f6af2f C:\GE_POWER\attendancematerial\app\build\intermediates\exploded-aar\com.google.android.gms\play-services-basement\9.2.0\jars\classes.jar
java_class_path (initial): C:\Users\212634269\AppData\Local\Android\sdk\build-tools\25.0.1\lib\dx.jar
Launcher Type: SUN_STANDARD

Environment Variables:
JAVA_HOME=C:\Program Files\Java\jdk1.8.0_144
CLASSPATH=.;
PATH=C:\Program Files\ImageMagick-6.9.9-Q8;C:\Python36\Scripts\;C:\Python36\;C:\Python27\;C:\Python27\Scripts;C:\Windows\system32;C:\Windows;C:\Windows\System32\Wbem;C:\Windows\System32\WindowsPowerShell\v1.0\;C:\Program Files (x86)\Sennheiser\SoftphoneSDK\;C:\ProgramData\chocolatey\bin;C:\Program Files\Git\cmd;C:\Program Files\Java\jdk1.8.0_144\bin;C:\Program Files\Amazon\AWSCLI\;C:\GE_POWER\sonar-scanner-3.0.3.778-windows\bin;C:\HashiCorp\Vagrant\bin;C:\opscode\chefdk\bin\;C:\Users\212634269\AppData\Local\Microsoft\WindowsApps;C:\Users\212634269\AppData\Local\atom\bin;C:\Users\212634269\AppData\Local\Continuum\anaconda2\Scripts
USERNAME=212634269
OS=Windows_NT
PROCESSOR_IDENTIFIER=Intel64 Family 6 Model 78 Stepping 3, GenuineIntel



---------------  S Y S T E M  ---------------

OS: Windows 10.0 , 64 bit Build 14393 (10.0.14393.1198)

CPU:total 4 (2 cores per cpu, 2 threads per core) family 6 model 78 stepping 3, cmov, cx8, fxsr, mmx, sse, sse2, sse3, ssse3, sse4.1, sse4.2, popcnt, avx, avx2, aes, clmul, erms, rtm, 3dnowpref, lzcnt, ht, tsc, tscinvbit, bmi1, bmi2, adx

Memory: 4k page, physical 8266320k(593040k free), swap 12459600k(4392k free)

vm_info: OpenJDK 64-Bit Server VM (25.112-b06) for windows-amd64 JRE (1.8.0_112-release-b06), built on Dec  8 2016 00:54:26 by "builder" with MS VC++ 10.0 (VS2010)

time: Sat Feb 10 13:01:06 2018
elapsed time: 0 seconds (0d 0h 0m 0s)

