#
# There is insufficient memory for the Java Runtime Environment to continue.
# Native memory allocation (malloc) failed to allocate 258096 bytes for Chunk::new
# Possible reasons:
#   The system is out of physical RAM or swap space
#   In 32 bit mode, the process size limit was hit
# Possible solutions:
#   Reduce memory load on the system
#   Increase physical memory or swap space
#   Check if swap backing store is full
#   Use 64 bit Java on a 64 bit OS
#   Decrease Java heap size (-Xmx/-Xms)
#   Decrease number of Java threads
#   Decrease Java thread stack sizes (-Xss)
#   Set larger code cache with -XX:ReservedCodeCacheSize=
# This output file may be truncated or incomplete.
#
#  Out of Memory Error (allocation.cpp:390), pid=33208, tid=0x0000000000007154
#
# JRE version: OpenJDK Runtime Environment (8.0_112-b06) (build 1.8.0_112-release-b06)
# Java VM: OpenJDK 64-Bit Server VM (25.112-b06 mixed mode windows-amd64 compressed oops)
# Failed to write core dump. Minidumps are not enabled by default on client versions of Windows
#

---------------  T H R E A D  ---------------

Current thread (0x000000001512b000):  JavaThread "C2 CompilerThread0" daemon [_thread_in_native, id=29012, stack(0x0000000016780000,0x0000000016880000)]

Stack: [0x0000000016780000,0x0000000016880000]
[error occurred during error reporting (printing stack bounds), id 0xc0000005]

Native frames: (J=compiled Java code, j=interpreted, Vv=VM code, C=native code)


Current CompileTask:
C2:   2361 1379       4       com.android.dx.ssa.MoveParamCombiner$1::visitNonMoveInsn (213 bytes)


---------------  P R O C E S S  ---------------

Java Threads: ( => current thread )
  0x0000000016b28800 JavaThread "pool-2-thread-4" [_thread_in_Java, id=33680, stack(0x0000000017480000,0x0000000017580000)]
  0x0000000016acd000 JavaThread "pool-2-thread-3" [_thread_blocked, id=22456, stack(0x0000000017380000,0x0000000017480000)]
  0x0000000016adf000 JavaThread "pool-2-thread-2" [_thread_blocked, id=31452, stack(0x0000000017280000,0x0000000017380000)]
  0x0000000016adc000 JavaThread "pool-3-thread-1" [_thread_blocked, id=23452, stack(0x0000000017180000,0x0000000017280000)]
  0x0000000016ac8000 JavaThread "pool-2-thread-1" [_thread_blocked, id=11488, stack(0x0000000017080000,0x0000000017180000)]
  0x000000001698d000 JavaThread "Service Thread" daemon [_thread_blocked, id=36476, stack(0x0000000016e80000,0x0000000016f80000)]
  0x0000000016988800 JavaThread "C1 CompilerThread2" daemon [_thread_blocked, id=9900, stack(0x0000000016d80000,0x0000000016e80000)]
  0x000000001512f800 JavaThread "C2 CompilerThread1" daemon [_thread_in_native, id=13128, stack(0x0000000016880000,0x0000000016980000)]
=>0x000000001512b000 JavaThread "C2 CompilerThread0" daemon [_thread_in_native, id=29012, stack(0x0000000016780000,0x0000000016880000)]
  0x000000001512a000 JavaThread "Attach Listener" daemon [_thread_blocked, id=31456, stack(0x0000000016680000,0x0000000016780000)]
  0x0000000015129000 JavaThread "Signal Dispatcher" daemon [_thread_blocked, id=32688, stack(0x0000000016580000,0x0000000016680000)]
  0x0000000002a55800 JavaThread "Finalizer" daemon [_thread_blocked, id=30188, stack(0x0000000016390000,0x0000000016490000)]
  0x0000000002a50800 JavaThread "Reference Handler" daemon [_thread_blocked, id=20968, stack(0x0000000016290000,0x0000000016390000)]
  0x000000000285e000 JavaThread "main" [_thread_in_native, id=8508, stack(0x0000000002860000,0x0000000002960000)]

Other Threads:
  0x00000000150f6000 VMThread [stack: 0x0000000016190000,0x0000000016290000] [id=37332]
  0x000000001698e000 WatcherThread [stack: 0x0000000016f80000,0x0000000017080000] [id=24784]

VM state:not at safepoint (normal execution)

VM Mutex/Monitor currently owned by a thread: None

Heap:
 PSYoungGen      total 38400K, used 9203K [0x00000000eab00000, 0x00000000ed580000, 0x0000000100000000)
  eden space 33280K, 12% used [0x00000000eab00000,0x00000000eaf02d78,0x00000000ecb80000)
  from space 5120K, 99% used [0x00000000ecb80000,0x00000000ed079fc0,0x00000000ed080000)
  to   space 5120K, 0% used [0x00000000ed080000,0x00000000ed080000,0x00000000ed580000)
 ParOldGen       total 87552K, used 2807K [0x00000000c0000000, 0x00000000c5580000, 0x00000000eab00000)
  object space 87552K, 3% used [0x00000000c0000000,0x00000000c02bddc8,0x00000000c5580000)
 Metaspace       used 5884K, capacity 7024K, committed 7296K, reserved 1056768K
  class space    used 562K, capacity 616K, committed 640K, reserved 1048576K

Card table byte_map: [0x0000000011e20000,0x0000000012030000] byte_map_base: 0x0000000011820000

Marking Bits: (ParMarkBitMap*) 0x0000000068fd18f0
 Begin Bits: [0x0000000012590000, 0x0000000013590000)
 End Bits:   [0x0000000013590000, 0x0000000014590000)

Polling page: 0x0000000000fa0000

CodeCache: size=245760Kb used=5826Kb max_used=5826Kb free=239933Kb
 bounds [0x0000000002a60000, 0x0000000003020000, 0x0000000011a60000]
 total_blobs=1642 nmethods=1381 adapters=175
 compilation: enabled

Compilation events (10 events):
Event: 2.345 Thread 0x000000001512b000 1375   !   4       com.android.dx.util.IntList::set (53 bytes)
Event: 2.345 Thread 0x0000000016988800 1378       3       com.android.dx.ssa.SsaRenamer$BlockRenamer::visitPhiInsn (6 bytes)
Event: 2.345 Thread 0x0000000016988800 nmethod 1378 0x0000000002ff6a10 code [0x0000000002ff6b80, 0x0000000002ff6d28]
Event: 2.346 Thread 0x0000000016988800 1380       3       com.android.dx.ssa.MoveParamCombiner$1::visitPhiInsn (1 bytes)
Event: 2.346 Thread 0x0000000016988800 nmethod 1380 0x0000000002ff66d0 code [0x0000000002ff6820, 0x0000000002ff6970]
Event: 2.346 Thread 0x000000001512b000 nmethod 1375 0x0000000002fff4d0 code [0x0000000002fff620, 0x0000000002fff718]
Event: 2.346 Thread 0x000000001512b000 1379       4       com.android.dx.ssa.MoveParamCombiner$1::visitNonMoveInsn (213 bytes)
Event: 2.347 Thread 0x0000000016988800 1383       3       com.android.dx.dex.code.RopTranslator::outputInstructions (69 bytes)
Event: 2.347 Thread 0x0000000016988800 nmethod 1383 0x0000000002ffd910 code [0x0000000002ffdaa0, 0x0000000002ffdef8]
Event: 2.348 Thread 0x0000000016988800 1384   !   2       com.android.dx.cf.code.BytecodeArray::parseInstruction (2764 bytes)

GC Heap History (2 events):
Event: 2.061 GC heap before
{Heap before GC invocations=1 (full 0):
 PSYoungGen      total 38400K, used 33280K [0x00000000eab00000, 0x00000000ed580000, 0x0000000100000000)
  eden space 33280K, 100% used [0x00000000eab00000,0x00000000ecb80000,0x00000000ecb80000)
  from space 5120K, 0% used [0x00000000ed080000,0x00000000ed080000,0x00000000ed580000)
  to   space 5120K, 0% used [0x00000000ecb80000,0x00000000ecb80000,0x00000000ed080000)
 ParOldGen       total 87552K, used 0K [0x00000000c0000000, 0x00000000c5580000, 0x00000000eab00000)
  object space 87552K, 0% used [0x00000000c0000000,0x00000000c0000000,0x00000000c5580000)
 Metaspace       used 5858K, capacity 7024K, committed 7296K, reserved 1056768K
  class space    used 562K, capacity 616K, committed 640K, reserved 1048576K
Event: 2.220 GC heap after
Heap after GC invocations=1 (full 0):
 PSYoungGen      total 38400K, used 5095K [0x00000000eab00000, 0x00000000ed580000, 0x0000000100000000)
  eden space 33280K, 0% used [0x00000000eab00000,0x00000000eab00000,0x00000000ecb80000)
  from space 5120K, 99% used [0x00000000ecb80000,0x00000000ed079fc0,0x00000000ed080000)
  to   space 5120K, 0% used [0x00000000ed080000,0x00000000ed080000,0x00000000ed580000)
 ParOldGen       total 87552K, used 2807K [0x00000000c0000000, 0x00000000c5580000, 0x00000000eab00000)
  object space 87552K, 3% used [0x00000000c0000000,0x00000000c02bddc8,0x00000000c5580000)
 Metaspace       used 5858K, capacity 7024K, committed 7296K, reserved 1056768K
  class space    used 562K, capacity 616K, committed 640K, reserved 1048576K
}

Deoptimization events (10 events):
Event: 1.840 Thread 0x0000000016acd000 Uncommon trap: reason=class_check action=maybe_recompile pc=0x0000000002ec7640 method=com.android.dx.ssa.NormalSsaInsn.accept(Lcom/android/dx/ssa/SsaInsn$Visitor;)V @ 9
Event: 1.840 Thread 0x0000000016acd000 Uncommon trap: reason=class_check action=maybe_recompile pc=0x0000000002ec7640 method=com.android.dx.ssa.NormalSsaInsn.accept(Lcom/android/dx/ssa/SsaInsn$Visitor;)V @ 9
Event: 1.840 Thread 0x0000000016acd000 Uncommon trap: reason=class_check action=maybe_recompile pc=0x0000000002cc9730 method=com.android.dx.ssa.NormalSsaInsn.accept(Lcom/android/dx/ssa/SsaInsn$Visitor;)V @ 9
Event: 1.881 Thread 0x000000000285e000 Uncommon trap: reason=unstable_if action=reinterpret pc=0x0000000002d65178 method=java.lang.String.<init>([CII)V @ 18
Event: 1.913 Thread 0x0000000016ac8000 Uncommon trap: reason=unstable_if action=reinterpret pc=0x0000000002f08134 method=com.android.dx.rop.code.LocalItem.hashCode()I @ 25
Event: 1.926 Thread 0x0000000016acd000 Uncommon trap: reason=unstable_if action=reinterpret pc=0x0000000002eda20c method=com.android.dx.rop.code.RegisterSpecSet.put(Lcom/android/dx/rop/code/RegisterSpec;)V @ 77
Event: 1.926 Thread 0x0000000016acd000 Uncommon trap: reason=unstable_if action=reinterpret pc=0x0000000002ed7558 method=com.android.dx.rop.code.RegisterSpecSet.put(Lcom/android/dx/rop/code/RegisterSpec;)V @ 77
Event: 2.059 Thread 0x000000000285e000 Uncommon trap: reason=unstable_if action=reinterpret pc=0x0000000002cefb78 method=com.android.dx.rop.cst.StdConstantPool.set(ILcom/android/dx/rop/cst/Constant;)V @ 12
Event: 2.348 Thread 0x0000000016b28800 Uncommon trap: reason=class_check action=maybe_recompile pc=0x0000000002fd23a4 method=com.android.dx.cf.code.BytecodeArray.parseInstruction(ILcom/android/dx/cf/code/BytecodeArray$Visitor;)I @ 1501
Event: 2.348 Thread 0x0000000016b28800 Uncommon trap: reason=class_check action=maybe_recompile pc=0x0000000002fd23a4 method=com.android.dx.cf.code.BytecodeArray.parseInstruction(ILcom/android/dx/cf/code/BytecodeArray$Visitor;)I @ 1501

Internal exceptions (3 events):
Event: 0.082 Thread 0x000000000285e000 Exception <a 'java/lang/NoSuchMethodError': Method sun.misc.Unsafe.defineClass(Ljava/lang/String;[BII)Ljava/lang/Class; name or signature does not match> (0x00000000eab07c78) thrown at [C:\src\android\AOSP-openjdk\external\jetbrains\jdk\hotspot\src\share\v0‡È$µ?
Event: 0.082 Thread 0x000000000285e000 Exception <a 'java/lang/NoSuchMethodError': Method sun.misc.Unsafe.prefetchRead(Ljava/lang/Object;J)V name or signature does not match> (0x00000000eab07f60) thrown at [C:\src\android\AOSP-openjdk\external\jetbrains\jdk\hotspot\src\share\vm\prims\jni.cpp, lè´{ˆ¢Óü?
Event: 1.802 Thread 0x0000000016b28800 Implicit null exception at 0x0000000002d55be2 to 0x0000000002d55ce9

Events (10 events):
Event: 2.061 Executing VM operation: ForceSafepoint
Event: 2.061 Executing VM operation: ForceSafepoint done
Event: 2.061 Executing VM operation: ParallelGCFailedAllocation
Event: 2.220 Executing VM operation: ParallelGCFailedAllocation done
Event: 2.348 Thread 0x0000000016b28800 Uncommon trap: trap_request=0xffffffde fr.pc=0x0000000002fd23a4
Event: 2.348 Thread 0x0000000016b28800 DEOPT PACKING pc=0x0000000002fd23a4 sp=0x000000001757eaf0
Event: 2.348 Thread 0x0000000016b28800 DEOPT UNPACKING pc=0x0000000002aa556a sp=0x000000001757ea58 mode 2
Event: 2.348 Thread 0x0000000016b28800 Uncommon trap: trap_request=0xffffffde fr.pc=0x0000000002fd23a4
Event: 2.348 Thread 0x0000000016b28800 DEOPT PACKING pc=0x0000000002fd23a4 sp=0x000000001757eaf0
Event: 2.348 Thread 0x0000000016b28800 DEOPT UNPACKING pc=0x0000000002aa556a sp=0x000000001757ea58 mode 2


Dynamic libraries:
0x00007ff7d0cc0000 - 0x00007ff7d0cf1000 	C:\Program Files\Android\Android Studio\jre\bin\java.exe
0x00007ffa7a380000 - 0x00007ffa7a552000 	C:\Windows\SYSTEM32\ntdll.dll
0x00007ffa78640000 - 0x00007ffa786ec000 	C:\Windows\System32\KERNEL32.DLL
0x00007ffa76d10000 - 0x00007ffa76f2d000 	C:\Windows\System32\KERNELBASE.dll
0x00007ffa788f0000 - 0x00007ffa78992000 	C:\Windows\System32\ADVAPI32.dll
0x00007ffa78530000 - 0x00007ffa785ce000 	C:\Windows\System32\msvcrt.dll
0x00007ffa7a1e0000 - 0x00007ffa7a239000 	C:\Windows\System32\sechost.dll
0x00007ffa789a0000 - 0x00007ffa78ac1000 	C:\Windows\System32\RPCRT4.dll
0x00007ffa7a070000 - 0x00007ffa7a1d5000 	C:\Windows\System32\USER32.dll
0x00007ffa76c00000 - 0x00007ffa76c1e000 	C:\Windows\System32\win32u.dll
0x00007ffa77a90000 - 0x00007ffa77ac4000 	C:\Windows\System32\GDI32.dll
0x00007ffa76f90000 - 0x00007ffa77110000 	C:\Windows\System32\gdi32full.dll
0x00007ffa691a0000 - 0x00007ffa6941a000 	C:\Windows\WinSxS\amd64_microsoft.windows.common-controls_6595b64144ccf1df_6.0.14393.953_none_42151e83c686086b\COMCTL32.dll
0x00007ffa781a0000 - 0x00007ffa78468000 	C:\Windows\System32\combase.dll
0x00007ffa76b00000 - 0x00007ffa76bf5000 	C:\Windows\System32\ucrtbase.dll
0x00007ffa77110000 - 0x00007ffa7717a000 	C:\Windows\System32\bcryptPrimitives.dll
0x00007ffa788b0000 - 0x00007ffa788de000 	C:\Windows\System32\IMM32.DLL
0x00007ffa5a430000 - 0x00007ffa5a4d7000 	C:\Program Files\McAfee\Host Intrusion Prevention\HcApi.dll
0x000000006b0e0000 - 0x000000006b0ec000 	C:\Program Files\McAfee\Host Intrusion Prevention\HcThe.dll
0x000000006a760000 - 0x000000006a832000 	C:\Program Files\Android\Android Studio\jre\jre\bin\msvcr100.dll
0x0000000068810000 - 0x000000006904c000 	C:\Program Files\Android\Android Studio\jre\jre\bin\server\jvm.dll
0x00007ffa77a80000 - 0x00007ffa77a88000 	C:\Windows\System32\PSAPI.DLL
0x00007ffa64bb0000 - 0x00007ffa64bb9000 	C:\Windows\SYSTEM32\WSOCK32.dll
0x00007ffa779b0000 - 0x00007ffa77a1a000 	C:\Windows\System32\WS2_32.dll
0x00007ffa74e00000 - 0x00007ffa74e23000 	C:\Windows\SYSTEM32\WINMM.dll
0x00007ffa73700000 - 0x00007ffa7370a000 	C:\Windows\SYSTEM32\VERSION.dll
0x00007ffa74da0000 - 0x00007ffa74dcb000 	C:\Windows\SYSTEM32\WINMMBASE.dll
0x00007ffa76cc0000 - 0x00007ffa76d02000 	C:\Windows\System32\cfgmgr32.dll
0x00007ffa63510000 - 0x00007ffa6351f000 	C:\Program Files\Android\Android Studio\jre\jre\bin\verify.dll
0x00007ffa50790000 - 0x00007ffa507b9000 	C:\Program Files\Android\Android Studio\jre\jre\bin\java.dll
0x00007ffa5a560000 - 0x00007ffa5a576000 	C:\Program Files\Android\Android Studio\jre\jre\bin\zip.dll
0x00007ffa78af0000 - 0x00007ffa79ff9000 	C:\Windows\System32\SHELL32.dll
0x00007ffa77180000 - 0x00007ffa77859000 	C:\Windows\System32\windows.storage.dll
0x00007ffa76820000 - 0x00007ffa7686c000 	C:\Windows\System32\powrprof.dll
0x00007ffa77a20000 - 0x00007ffa77a72000 	C:\Windows\System32\shlwapi.dll
0x00007ffa76810000 - 0x00007ffa7681f000 	C:\Windows\System32\kernel.appcore.dll
0x00007ffa76880000 - 0x00007ffa76929000 	C:\Windows\System32\shcore.dll
0x00007ffa767f0000 - 0x00007ffa76804000 	C:\Windows\System32\profapi.dll

VM Arguments:
jvm_args: -Djava.awt.headless=true -Xmx1024M -Dfile.encoding=windows-1252 -Duser.country=US -Duser.language=en -Duser.variant 
java_command: com.android.dx.command.Main --dex --num-threads=4 --multi-dex --output C:\GE_POWER\attendancematerial\app\build\intermediates\transforms\dex\debug\folders\1000\1\debug_ae75b7fe2d3fe8d8d34855ec6442f4714d79192f C:\GE_POWER\attendancematerial\app\build\intermediates\classes\debug
java_class_path (initial): C:\Users\212634269\AppData\Local\Android\sdk\build-tools\25.0.1\lib\dx.jar
Launcher Type: SUN_STANDARD

Environment Variables:
JAVA_HOME=C:\Program Files\Java\jdk1.8.0_144
CLASSPATH=.;
PATH=C:\Program Files\ImageMagick-6.9.9-Q8;C:\Python36\Scripts\;C:\Python36\;C:\Python27\;C:\Python27\Scripts;C:\Windows\system32;C:\Windows;C:\Windows\System32\Wbem;C:\Windows\System32\WindowsPowerShell\v1.0\;C:\Program Files (x86)\Sennheiser\SoftphoneSDK\;C:\ProgramData\chocolatey\bin;C:\Program Files\Git\cmd;C:\Program Files\Java\jdk1.8.0_144\bin;C:\Program Files\Amazon\AWSCLI\;C:\GE_POWER\sonar-scanner-3.0.3.778-windows\bin;C:\HashiCorp\Vagrant\bin;C:\opscode\chefdk\bin\;C:\Users\212634269\AppData\Local\Microsoft\WindowsApps;C:\Users\212634269\AppData\Local\atom\bin;C:\Users\212634269\AppData\Local\Continuum\anaconda2\Scripts
USERNAME=212634269
OS=Windows_NT
PROCESSOR_IDENTIFIER=Intel64 Family 6 Model 78 Stepping 3, GenuineIntel



---------------  S Y S T E M  ---------------

OS: Windows 10.0 , 64 bit Build 14393 (10.0.14393.1198)

CPU:total 4 (2 cores per cpu, 2 threads per core) family 6 model 78 stepping 3, cmov, cx8, fxsr, mmx, sse, sse2, sse3, ssse3, sse4.1, sse4.2, popcnt, avx, avx2, aes, clmul, erms, rtm, 3dnowpref, lzcnt, ht, tsc, tscinvbit, bmi1, bmi2, adx

Memory: 4k page, physical 8266320k(540168k free), swap 12459600k(3856k free)

vm_info: OpenJDK 64-Bit Server VM (25.112-b06) for windows-amd64 JRE (1.8.0_112-release-b06), built on Dec  8 2016 00:54:26 by "builder" with MS VC++ 10.0 (VS2010)

time: Sat Feb 10 13:02:01 2018
elapsed time: 2 seconds (0d 0h 0m 2s)

